[0.052s] DEBUG:colcon:Command line arguments: ['/usr/bin/colcon', 'build']
[0.052s] DEBUG:colcon:Parsed command line arguments: Namespace(log_base=None, log_level=None, verb_name='build', build_base='build', install_base='install', merge_install=False, symlink_install=False, test_result_base=None, continue_on_error=False, executor='parallel', parallel_workers=24, event_handlers=None, ignore_user_meta=False, metas=['./colcon.meta'], base_paths=['.'], packages_ignore=None, packages_ignore_regex=None, paths=None, packages_up_to=None, packages_up_to_regex=None, packages_above=None, packages_above_and_dependencies=None, packages_above_depth=None, packages_select_by_dep=None, packages_skip_by_dep=None, packages_skip_up_to=None, packages_select_build_failed=False, packages_skip_build_finished=False, packages_select_test_failures=False, packages_skip_test_passed=False, packages_select=None, packages_skip=None, packages_select_regex=None, packages_skip_regex=None, packages_start=None, packages_end=None, allow_overriding=[], cmake_args=None, cmake_target=None, cmake_target_skip_unavailable=False, cmake_clean_cache=False, cmake_clean_first=False, cmake_force_configure=False, ament_cmake_args=None, catkin_cmake_args=None, catkin_skip_building_tests=False, mixin_files=None, mixin=None, verb_parser=<colcon_mixin.mixin.mixin_argument.MixinArgumentDecorator object at 0x780d637d1e10>, verb_extension=<colcon_core.verb.build.BuildVerb object at 0x780d637d1780>, main=<bound method BuildVerb.main of <colcon_core.verb.build.BuildVerb object at 0x780d637d1780>>, mixin_verb=('build',))
[0.132s] Level 1:colcon.colcon_core.package_discovery:discover_packages(colcon_meta) check parameters
[0.132s] Level 1:colcon.colcon_core.package_discovery:discover_packages(recursive) check parameters
[0.132s] Level 1:colcon.colcon_core.package_discovery:discover_packages(ignore) check parameters
[0.132s] Level 1:colcon.colcon_core.package_discovery:discover_packages(path) check parameters
[0.132s] Level 1:colcon.colcon_core.package_discovery:discover_packages(colcon_meta) discover
[0.132s] Level 1:colcon.colcon_core.package_discovery:discover_packages(recursive) discover
[0.132s] INFO:colcon.colcon_core.package_discovery:Crawling recursively for packages in '/home/hrishikesh/projects/turtle_sim_project'
[0.132s] Level 1:colcon.colcon_core.package_identification:_identify(.) by extensions ['ignore', 'ignore_ament_install']
[0.132s] Level 1:colcon.colcon_core.package_identification:_identify(.) by extension 'ignore'
[0.132s] Level 1:colcon.colcon_core.package_identification:_identify(.) by extension 'ignore_ament_install'
[0.132s] Level 1:colcon.colcon_core.package_identification:_identify(.) by extensions ['colcon_pkg']
[0.132s] Level 1:colcon.colcon_core.package_identification:_identify(.) by extension 'colcon_pkg'
[0.132s] Level 1:colcon.colcon_core.package_identification:_identify(.) by extensions ['colcon_meta']
[0.132s] Level 1:colcon.colcon_core.package_identification:_identify(.) by extension 'colcon_meta'
[0.132s] Level 1:colcon.colcon_core.package_identification:_identify(.) by extensions ['ros']
[0.132s] Level 1:colcon.colcon_core.package_identification:_identify(.) by extension 'ros'
[0.139s] Level 1:colcon.colcon_core.package_identification:_identify(.) by extensions ['cmake', 'python']
[0.139s] Level 1:colcon.colcon_core.package_identification:_identify(.) by extension 'cmake'
[0.139s] Level 1:colcon.colcon_core.package_identification:_identify(.) by extension 'python'
[0.139s] Level 1:colcon.colcon_core.package_identification:_identify(.) by extensions ['python_setup_py']
[0.139s] Level 1:colcon.colcon_core.package_identification:_identify(.) by extension 'python_setup_py'
[0.139s] Level 1:colcon.colcon_core.package_identification:_identify(build) by extensions ['ignore', 'ignore_ament_install']
[0.139s] Level 1:colcon.colcon_core.package_identification:_identify(build) by extension 'ignore'
[0.139s] Level 1:colcon.colcon_core.package_identification:_identify(build) ignored
[0.139s] Level 1:colcon.colcon_core.package_identification:_identify(install) by extensions ['ignore', 'ignore_ament_install']
[0.139s] Level 1:colcon.colcon_core.package_identification:_identify(install) by extension 'ignore'
[0.139s] Level 1:colcon.colcon_core.package_identification:_identify(install) ignored
[0.139s] Level 1:colcon.colcon_core.package_identification:_identify(log) by extensions ['ignore', 'ignore_ament_install']
[0.139s] Level 1:colcon.colcon_core.package_identification:_identify(log) by extension 'ignore'
[0.139s] Level 1:colcon.colcon_core.package_identification:_identify(log) ignored
[0.139s] Level 1:colcon.colcon_core.package_identification:_identify(src) by extensions ['ignore', 'ignore_ament_install']
[0.139s] Level 1:colcon.colcon_core.package_identification:_identify(src) by extension 'ignore'
[0.139s] Level 1:colcon.colcon_core.package_identification:_identify(src) by extension 'ignore_ament_install'
[0.139s] Level 1:colcon.colcon_core.package_identification:_identify(src) by extensions ['colcon_pkg']
[0.139s] Level 1:colcon.colcon_core.package_identification:_identify(src) by extension 'colcon_pkg'
[0.139s] Level 1:colcon.colcon_core.package_identification:_identify(src) by extensions ['colcon_meta']
[0.139s] Level 1:colcon.colcon_core.package_identification:_identify(src) by extension 'colcon_meta'
[0.139s] Level 1:colcon.colcon_core.package_identification:_identify(src) by extensions ['ros']
[0.139s] Level 1:colcon.colcon_core.package_identification:_identify(src) by extension 'ros'
[0.139s] Level 1:colcon.colcon_core.package_identification:_identify(src) by extensions ['cmake', 'python']
[0.139s] Level 1:colcon.colcon_core.package_identification:_identify(src) by extension 'cmake'
[0.139s] Level 1:colcon.colcon_core.package_identification:_identify(src) by extension 'python'
[0.139s] Level 1:colcon.colcon_core.package_identification:_identify(src) by extensions ['python_setup_py']
[0.139s] Level 1:colcon.colcon_core.package_identification:_identify(src) by extension 'python_setup_py'
[0.139s] Level 1:colcon.colcon_core.package_identification:_identify(src/hh_tt_interfaces) by extensions ['ignore', 'ignore_ament_install']
[0.139s] Level 1:colcon.colcon_core.package_identification:_identify(src/hh_tt_interfaces) by extension 'ignore'
[0.139s] Level 1:colcon.colcon_core.package_identification:_identify(src/hh_tt_interfaces) by extension 'ignore_ament_install'
[0.139s] Level 1:colcon.colcon_core.package_identification:_identify(src/hh_tt_interfaces) by extensions ['colcon_pkg']
[0.140s] Level 1:colcon.colcon_core.package_identification:_identify(src/hh_tt_interfaces) by extension 'colcon_pkg'
[0.140s] Level 1:colcon.colcon_core.package_identification:_identify(src/hh_tt_interfaces) by extensions ['colcon_meta']
[0.140s] Level 1:colcon.colcon_core.package_identification:_identify(src/hh_tt_interfaces) by extension 'colcon_meta'
[0.140s] Level 1:colcon.colcon_core.package_identification:_identify(src/hh_tt_interfaces) by extensions ['ros']
[0.140s] Level 1:colcon.colcon_core.package_identification:_identify(src/hh_tt_interfaces) by extension 'ros'
[0.141s] DEBUG:colcon.colcon_core.package_identification:Package 'src/hh_tt_interfaces' with type 'ros.ament_cmake' and name 'hh_tt_interfaces'
[0.141s] Level 1:colcon.colcon_core.package_identification:_identify(src/hh_turtle_bot) by extensions ['ignore', 'ignore_ament_install']
[0.141s] Level 1:colcon.colcon_core.package_identification:_identify(src/hh_turtle_bot) by extension 'ignore'
[0.141s] Level 1:colcon.colcon_core.package_identification:_identify(src/hh_turtle_bot) by extension 'ignore_ament_install'
[0.141s] Level 1:colcon.colcon_core.package_identification:_identify(src/hh_turtle_bot) by extensions ['colcon_pkg']
[0.141s] Level 1:colcon.colcon_core.package_identification:_identify(src/hh_turtle_bot) by extension 'colcon_pkg'
[0.141s] Level 1:colcon.colcon_core.package_identification:_identify(src/hh_turtle_bot) by extensions ['colcon_meta']
[0.141s] Level 1:colcon.colcon_core.package_identification:_identify(src/hh_turtle_bot) by extension 'colcon_meta'
[0.141s] Level 1:colcon.colcon_core.package_identification:_identify(src/hh_turtle_bot) by extensions ['ros']
[0.141s] Level 1:colcon.colcon_core.package_identification:_identify(src/hh_turtle_bot) by extension 'ros'
[0.142s] DEBUG:colcon.colcon_core.package_identification:Package 'src/hh_turtle_bot' with type 'ros.ament_python' and name 'hh_turtle_bot'
[0.142s] Level 1:colcon.colcon_core.package_identification:_identify(src/hh_turtle_bringups) by extensions ['ignore', 'ignore_ament_install']
[0.142s] Level 1:colcon.colcon_core.package_identification:_identify(src/hh_turtle_bringups) by extension 'ignore'
[0.142s] Level 1:colcon.colcon_core.package_identification:_identify(src/hh_turtle_bringups) by extension 'ignore_ament_install'
[0.142s] Level 1:colcon.colcon_core.package_identification:_identify(src/hh_turtle_bringups) by extensions ['colcon_pkg']
[0.142s] Level 1:colcon.colcon_core.package_identification:_identify(src/hh_turtle_bringups) by extension 'colcon_pkg'
[0.142s] Level 1:colcon.colcon_core.package_identification:_identify(src/hh_turtle_bringups) by extensions ['colcon_meta']
[0.142s] Level 1:colcon.colcon_core.package_identification:_identify(src/hh_turtle_bringups) by extension 'colcon_meta'
[0.142s] Level 1:colcon.colcon_core.package_identification:_identify(src/hh_turtle_bringups) by extensions ['ros']
[0.142s] Level 1:colcon.colcon_core.package_identification:_identify(src/hh_turtle_bringups) by extension 'ros'
[0.142s] DEBUG:colcon.colcon_core.package_identification:Package 'src/hh_turtle_bringups' with type 'ros.ament_cmake' and name 'hh_turtle_bringups'
[0.142s] Level 1:colcon.colcon_core.package_discovery:discover_packages(recursive) using defaults
[0.142s] Level 1:colcon.colcon_core.package_discovery:discover_packages(ignore) discover
[0.142s] Level 1:colcon.colcon_core.package_discovery:discover_packages(ignore) using defaults
[0.142s] Level 1:colcon.colcon_core.package_discovery:discover_packages(path) discover
[0.142s] Level 1:colcon.colcon_core.package_discovery:discover_packages(path) using defaults
[0.153s] Level 1:colcon.colcon_core.package_discovery:discover_packages(prefix_path) check parameters
[0.153s] Level 1:colcon.colcon_core.package_discovery:discover_packages(prefix_path) discover
[0.154s] DEBUG:colcon.colcon_installed_package_information.package_discovery:Found 3 installed packages in /home/hrishikesh/projects/turtle_sim_project/install
[0.155s] DEBUG:colcon.colcon_installed_package_information.package_discovery:Found 4 installed packages in /home/hrishikesh/projects/ros_2/install
[0.155s] DEBUG:colcon.colcon_installed_package_information.package_discovery:Found 270 installed packages in /opt/ros/humble
[0.161s] Level 1:colcon.colcon_core.package_discovery:discover_packages(prefix_path) using defaults
[0.180s] Level 5:colcon.colcon_core.verb:set package 'hh_tt_interfaces' build argument 'cmake_args' from command line to 'None'
[0.180s] Level 5:colcon.colcon_core.verb:set package 'hh_tt_interfaces' build argument 'cmake_target' from command line to 'None'
[0.180s] Level 5:colcon.colcon_core.verb:set package 'hh_tt_interfaces' build argument 'cmake_target_skip_unavailable' from command line to 'False'
[0.180s] Level 5:colcon.colcon_core.verb:set package 'hh_tt_interfaces' build argument 'cmake_clean_cache' from command line to 'False'
[0.180s] Level 5:colcon.colcon_core.verb:set package 'hh_tt_interfaces' build argument 'cmake_clean_first' from command line to 'False'
[0.180s] Level 5:colcon.colcon_core.verb:set package 'hh_tt_interfaces' build argument 'cmake_force_configure' from command line to 'False'
[0.180s] Level 5:colcon.colcon_core.verb:set package 'hh_tt_interfaces' build argument 'ament_cmake_args' from command line to 'None'
[0.180s] Level 5:colcon.colcon_core.verb:set package 'hh_tt_interfaces' build argument 'catkin_cmake_args' from command line to 'None'
[0.180s] Level 5:colcon.colcon_core.verb:set package 'hh_tt_interfaces' build argument 'catkin_skip_building_tests' from command line to 'False'
[0.180s] DEBUG:colcon.colcon_core.verb:Building package 'hh_tt_interfaces' with the following arguments: {'ament_cmake_args': None, 'build_base': '/home/hrishikesh/projects/turtle_sim_project/build/hh_tt_interfaces', 'catkin_cmake_args': None, 'catkin_skip_building_tests': False, 'cmake_args': None, 'cmake_clean_cache': False, 'cmake_clean_first': False, 'cmake_force_configure': False, 'cmake_target': None, 'cmake_target_skip_unavailable': False, 'install_base': '/home/hrishikesh/projects/turtle_sim_project/install/hh_tt_interfaces', 'merge_install': False, 'path': '/home/hrishikesh/projects/turtle_sim_project/src/hh_tt_interfaces', 'symlink_install': False, 'test_result_base': None}
[0.180s] Level 5:colcon.colcon_core.verb:set package 'hh_turtle_bot' build argument 'cmake_args' from command line to 'None'
[0.180s] Level 5:colcon.colcon_core.verb:set package 'hh_turtle_bot' build argument 'cmake_target' from command line to 'None'
[0.180s] Level 5:colcon.colcon_core.verb:set package 'hh_turtle_bot' build argument 'cmake_target_skip_unavailable' from command line to 'False'
[0.180s] Level 5:colcon.colcon_core.verb:set package 'hh_turtle_bot' build argument 'cmake_clean_cache' from command line to 'False'
[0.181s] Level 5:colcon.colcon_core.verb:set package 'hh_turtle_bot' build argument 'cmake_clean_first' from command line to 'False'
[0.181s] Level 5:colcon.colcon_core.verb:set package 'hh_turtle_bot' build argument 'cmake_force_configure' from command line to 'False'
[0.181s] Level 5:colcon.colcon_core.verb:set package 'hh_turtle_bot' build argument 'ament_cmake_args' from command line to 'None'
[0.181s] Level 5:colcon.colcon_core.verb:set package 'hh_turtle_bot' build argument 'catkin_cmake_args' from command line to 'None'
[0.181s] Level 5:colcon.colcon_core.verb:set package 'hh_turtle_bot' build argument 'catkin_skip_building_tests' from command line to 'False'
[0.181s] DEBUG:colcon.colcon_core.verb:Building package 'hh_turtle_bot' with the following arguments: {'ament_cmake_args': None, 'build_base': '/home/hrishikesh/projects/turtle_sim_project/build/hh_turtle_bot', 'catkin_cmake_args': None, 'catkin_skip_building_tests': False, 'cmake_args': None, 'cmake_clean_cache': False, 'cmake_clean_first': False, 'cmake_force_configure': False, 'cmake_target': None, 'cmake_target_skip_unavailable': False, 'install_base': '/home/hrishikesh/projects/turtle_sim_project/install/hh_turtle_bot', 'merge_install': False, 'path': '/home/hrishikesh/projects/turtle_sim_project/src/hh_turtle_bot', 'symlink_install': False, 'test_result_base': None}
[0.181s] Level 5:colcon.colcon_core.verb:set package 'hh_turtle_bringups' build argument 'cmake_args' from command line to 'None'
[0.181s] Level 5:colcon.colcon_core.verb:set package 'hh_turtle_bringups' build argument 'cmake_target' from command line to 'None'
[0.181s] Level 5:colcon.colcon_core.verb:set package 'hh_turtle_bringups' build argument 'cmake_target_skip_unavailable' from command line to 'False'
[0.181s] Level 5:colcon.colcon_core.verb:set package 'hh_turtle_bringups' build argument 'cmake_clean_cache' from command line to 'False'
[0.181s] Level 5:colcon.colcon_core.verb:set package 'hh_turtle_bringups' build argument 'cmake_clean_first' from command line to 'False'
[0.181s] Level 5:colcon.colcon_core.verb:set package 'hh_turtle_bringups' build argument 'cmake_force_configure' from command line to 'False'
[0.181s] Level 5:colcon.colcon_core.verb:set package 'hh_turtle_bringups' build argument 'ament_cmake_args' from command line to 'None'
[0.181s] Level 5:colcon.colcon_core.verb:set package 'hh_turtle_bringups' build argument 'catkin_cmake_args' from command line to 'None'
[0.181s] Level 5:colcon.colcon_core.verb:set package 'hh_turtle_bringups' build argument 'catkin_skip_building_tests' from command line to 'False'
[0.181s] DEBUG:colcon.colcon_core.verb:Building package 'hh_turtle_bringups' with the following arguments: {'ament_cmake_args': None, 'build_base': '/home/hrishikesh/projects/turtle_sim_project/build/hh_turtle_bringups', 'catkin_cmake_args': None, 'catkin_skip_building_tests': False, 'cmake_args': None, 'cmake_clean_cache': False, 'cmake_clean_first': False, 'cmake_force_configure': False, 'cmake_target': None, 'cmake_target_skip_unavailable': False, 'install_base': '/home/hrishikesh/projects/turtle_sim_project/install/hh_turtle_bringups', 'merge_install': False, 'path': '/home/hrishikesh/projects/turtle_sim_project/src/hh_turtle_bringups', 'symlink_install': False, 'test_result_base': None}
[0.181s] INFO:colcon.colcon_core.executor:Executing jobs using 'parallel' executor
[0.182s] DEBUG:colcon.colcon_parallel_executor.executor.parallel:run_until_complete
[0.182s] INFO:colcon.colcon_ros.task.ament_cmake.build:Building ROS package in '/home/hrishikesh/projects/turtle_sim_project/src/hh_tt_interfaces' with build type 'ament_cmake'
[0.182s] INFO:colcon.colcon_cmake.task.cmake.build:Building CMake package in '/home/hrishikesh/projects/turtle_sim_project/src/hh_tt_interfaces'
[0.183s] INFO:colcon.colcon_core.plugin_system:Skipping extension 'colcon_core.shell.bat': Not used on non-Windows systems
[0.183s] INFO:colcon.colcon_core.shell:Skip shell extension 'powershell' for command environment: Not usable outside of PowerShell
[0.183s] DEBUG:colcon.colcon_core.shell:Skip shell extension 'dsv' for command environment
[0.185s] INFO:colcon.colcon_ros.task.ament_python.build:Building ROS package in '/home/hrishikesh/projects/turtle_sim_project/src/hh_turtle_bot' with build type 'ament_python'
[0.185s] Level 1:colcon.colcon_core.shell:create_environment_hook('hh_turtle_bot', 'ament_prefix_path')
[0.186s] INFO:colcon.colcon_core.shell:Creating environment hook '/home/hrishikesh/projects/turtle_sim_project/install/hh_turtle_bot/share/hh_turtle_bot/hook/ament_prefix_path.ps1'
[0.186s] INFO:colcon.colcon_core.shell:Creating environment descriptor '/home/hrishikesh/projects/turtle_sim_project/install/hh_turtle_bot/share/hh_turtle_bot/hook/ament_prefix_path.dsv'
[0.186s] INFO:colcon.colcon_core.shell:Creating environment hook '/home/hrishikesh/projects/turtle_sim_project/install/hh_turtle_bot/share/hh_turtle_bot/hook/ament_prefix_path.sh'
[0.186s] INFO:colcon.colcon_core.shell:Skip shell extension 'powershell' for command environment: Not usable outside of PowerShell
[0.186s] DEBUG:colcon.colcon_core.shell:Skip shell extension 'dsv' for command environment
[0.191s] DEBUG:colcon.colcon_core.event_handler.log_command:Invoking command in '/home/hrishikesh/projects/turtle_sim_project/build/hh_tt_interfaces': CMAKE_PREFIX_PATH=${CMAKE_PREFIX_PATH}:/home/hrishikesh/projects/turtle_sim_project/install/hh_turtle_bot:/home/hrishikesh/projects/ros_2/install/hh_py_pkg:/opt/ros/humble /usr/bin/cmake --build /home/hrishikesh/projects/turtle_sim_project/build/hh_tt_interfaces -- -j24 -l24
[0.365s] INFO:colcon.colcon_core.task.python.build:Building Python package in '/home/hrishikesh/projects/turtle_sim_project/src/hh_turtle_bot'
[0.365s] INFO:colcon.colcon_core.shell:Skip shell extension 'powershell' for command environment: Not usable outside of PowerShell
[0.365s] DEBUG:colcon.colcon_core.shell:Skip shell extension 'dsv' for command environment
[0.426s] DEBUG:colcon.colcon_core.event_handler.log_command:Invoked command in '/home/hrishikesh/projects/turtle_sim_project/build/hh_tt_interfaces' returned '0': CMAKE_PREFIX_PATH=${CMAKE_PREFIX_PATH}:/home/hrishikesh/projects/turtle_sim_project/install/hh_turtle_bot:/home/hrishikesh/projects/ros_2/install/hh_py_pkg:/opt/ros/humble /usr/bin/cmake --build /home/hrishikesh/projects/turtle_sim_project/build/hh_tt_interfaces -- -j24 -l24
[0.499s] DEBUG:colcon.colcon_core.event_handler.log_command:Invoking command in '/home/hrishikesh/projects/turtle_sim_project/build/hh_tt_interfaces': CMAKE_PREFIX_PATH=${CMAKE_PREFIX_PATH}:/home/hrishikesh/projects/turtle_sim_project/install/hh_turtle_bot:/home/hrishikesh/projects/ros_2/install/hh_py_pkg:/opt/ros/humble /usr/bin/cmake --install /home/hrishikesh/projects/turtle_sim_project/build/hh_tt_interfaces
[0.536s] Level 1:colcon.colcon_core.environment:create_environment_scripts_only(hh_tt_interfaces)
[0.536s] DEBUG:colcon.colcon_core.event_handler.log_command:Invoked command in '/home/hrishikesh/projects/turtle_sim_project/build/hh_tt_interfaces' returned '0': CMAKE_PREFIX_PATH=${CMAKE_PREFIX_PATH}:/home/hrishikesh/projects/turtle_sim_project/install/hh_turtle_bot:/home/hrishikesh/projects/ros_2/install/hh_py_pkg:/opt/ros/humble /usr/bin/cmake --install /home/hrishikesh/projects/turtle_sim_project/build/hh_tt_interfaces
[0.538s] Level 1:colcon.colcon_core.environment:checking '/home/hrishikesh/projects/turtle_sim_project/install/hh_tt_interfaces' for CMake module files
[0.538s] Level 1:colcon.colcon_core.environment:checking '/home/hrishikesh/projects/turtle_sim_project/install/hh_tt_interfaces' for CMake config files
[0.538s] Level 1:colcon.colcon_core.shell:create_environment_hook('hh_tt_interfaces', 'cmake_prefix_path')
[0.538s] INFO:colcon.colcon_core.shell:Creating environment hook '/home/hrishikesh/projects/turtle_sim_project/install/hh_tt_interfaces/share/hh_tt_interfaces/hook/cmake_prefix_path.ps1'
[0.539s] INFO:colcon.colcon_core.shell:Creating environment descriptor '/home/hrishikesh/projects/turtle_sim_project/install/hh_tt_interfaces/share/hh_tt_interfaces/hook/cmake_prefix_path.dsv'
[0.539s] INFO:colcon.colcon_core.shell:Creating environment hook '/home/hrishikesh/projects/turtle_sim_project/install/hh_tt_interfaces/share/hh_tt_interfaces/hook/cmake_prefix_path.sh'
[0.539s] Level 1:colcon.colcon_core.environment:checking '/home/hrishikesh/projects/turtle_sim_project/install/hh_tt_interfaces/lib'
[0.539s] Level 1:colcon.colcon_core.shell:create_environment_hook('hh_tt_interfaces', 'ld_library_path_lib')
[0.540s] INFO:colcon.colcon_core.shell:Creating environment hook '/home/hrishikesh/projects/turtle_sim_project/install/hh_tt_interfaces/share/hh_tt_interfaces/hook/ld_library_path_lib.ps1'
[0.540s] INFO:colcon.colcon_core.shell:Creating environment descriptor '/home/hrishikesh/projects/turtle_sim_project/install/hh_tt_interfaces/share/hh_tt_interfaces/hook/ld_library_path_lib.dsv'
[0.540s] INFO:colcon.colcon_core.shell:Creating environment hook '/home/hrishikesh/projects/turtle_sim_project/install/hh_tt_interfaces/share/hh_tt_interfaces/hook/ld_library_path_lib.sh'
[0.540s] Level 1:colcon.colcon_core.environment:checking '/home/hrishikesh/projects/turtle_sim_project/install/hh_tt_interfaces/bin'
[0.540s] Level 1:colcon.colcon_core.environment:checking '/home/hrishikesh/projects/turtle_sim_project/install/hh_tt_interfaces/lib/pkgconfig/hh_tt_interfaces.pc'
[0.540s] Level 1:colcon.colcon_core.environment:checking '/home/hrishikesh/projects/turtle_sim_project/install/hh_tt_interfaces/lib/python3.10/site-packages'
[0.540s] Level 1:colcon.colcon_core.environment:checking '/home/hrishikesh/projects/turtle_sim_project/install/hh_tt_interfaces/bin'
[0.541s] INFO:colcon.colcon_core.shell:Creating package script '/home/hrishikesh/projects/turtle_sim_project/install/hh_tt_interfaces/share/hh_tt_interfaces/package.ps1'
[0.541s] INFO:colcon.colcon_core.shell:Creating package descriptor '/home/hrishikesh/projects/turtle_sim_project/install/hh_tt_interfaces/share/hh_tt_interfaces/package.dsv'
[0.542s] INFO:colcon.colcon_core.shell:Creating package script '/home/hrishikesh/projects/turtle_sim_project/install/hh_tt_interfaces/share/hh_tt_interfaces/package.sh'
[0.542s] INFO:colcon.colcon_core.shell:Creating package script '/home/hrishikesh/projects/turtle_sim_project/install/hh_tt_interfaces/share/hh_tt_interfaces/package.bash'
[0.543s] INFO:colcon.colcon_core.shell:Creating package script '/home/hrishikesh/projects/turtle_sim_project/install/hh_tt_interfaces/share/hh_tt_interfaces/package.zsh'
[0.543s] Level 1:colcon.colcon_core.environment:create_file_with_runtime_dependencies(/home/hrishikesh/projects/turtle_sim_project/install/hh_tt_interfaces/share/colcon-core/packages/hh_tt_interfaces)
[0.576s] DEBUG:colcon.colcon_core.event_handler.log_command:Invoking command in '/home/hrishikesh/projects/turtle_sim_project/src/hh_turtle_bot': PYTHONPATH=/home/hrishikesh/projects/turtle_sim_project/build/hh_turtle_bot/prefix_override:/home/hrishikesh/projects/turtle_sim_project/install/hh_turtle_bot/lib/python3.10/site-packages:${PYTHONPATH} /usr/bin/python3 -W ignore:setup.py install is deprecated setup.py egg_info --egg-base ../../build/hh_turtle_bot build --build-base /home/hrishikesh/projects/turtle_sim_project/build/hh_turtle_bot/build install --record /home/hrishikesh/projects/turtle_sim_project/build/hh_turtle_bot/install.log --single-version-externally-managed install_data
[0.612s] Level 1:colcon.colcon_core.environment:create_environment_scripts_only(hh_tt_interfaces)
[0.612s] Level 1:colcon.colcon_core.environment:checking '/home/hrishikesh/projects/turtle_sim_project/install/hh_tt_interfaces' for CMake module files
[0.613s] Level 1:colcon.colcon_core.environment:checking '/home/hrishikesh/projects/turtle_sim_project/install/hh_tt_interfaces' for CMake config files
[0.613s] Level 1:colcon.colcon_core.shell:create_environment_hook('hh_tt_interfaces', 'cmake_prefix_path')
[0.613s] INFO:colcon.colcon_core.shell:Creating environment hook '/home/hrishikesh/projects/turtle_sim_project/install/hh_tt_interfaces/share/hh_tt_interfaces/hook/cmake_prefix_path.ps1'
[0.614s] INFO:colcon.colcon_core.shell:Creating environment descriptor '/home/hrishikesh/projects/turtle_sim_project/install/hh_tt_interfaces/share/hh_tt_interfaces/hook/cmake_prefix_path.dsv'
[0.614s] INFO:colcon.colcon_core.shell:Creating environment hook '/home/hrishikesh/projects/turtle_sim_project/install/hh_tt_interfaces/share/hh_tt_interfaces/hook/cmake_prefix_path.sh'
[0.614s] Level 1:colcon.colcon_core.environment:checking '/home/hrishikesh/projects/turtle_sim_project/install/hh_tt_interfaces/lib'
[0.614s] Level 1:colcon.colcon_core.shell:create_environment_hook('hh_tt_interfaces', 'ld_library_path_lib')
[0.614s] INFO:colcon.colcon_core.shell:Creating environment hook '/home/hrishikesh/projects/turtle_sim_project/install/hh_tt_interfaces/share/hh_tt_interfaces/hook/ld_library_path_lib.ps1'
[0.615s] INFO:colcon.colcon_core.shell:Creating environment descriptor '/home/hrishikesh/projects/turtle_sim_project/install/hh_tt_interfaces/share/hh_tt_interfaces/hook/ld_library_path_lib.dsv'
[0.615s] INFO:colcon.colcon_core.shell:Creating environment hook '/home/hrishikesh/projects/turtle_sim_project/install/hh_tt_interfaces/share/hh_tt_interfaces/hook/ld_library_path_lib.sh'
[0.615s] Level 1:colcon.colcon_core.environment:checking '/home/hrishikesh/projects/turtle_sim_project/install/hh_tt_interfaces/bin'
[0.615s] Level 1:colcon.colcon_core.environment:checking '/home/hrishikesh/projects/turtle_sim_project/install/hh_tt_interfaces/lib/pkgconfig/hh_tt_interfaces.pc'
[0.615s] Level 1:colcon.colcon_core.environment:checking '/home/hrishikesh/projects/turtle_sim_project/install/hh_tt_interfaces/lib/python3.10/site-packages'
[0.615s] Level 1:colcon.colcon_core.environment:checking '/home/hrishikesh/projects/turtle_sim_project/install/hh_tt_interfaces/bin'
[0.615s] INFO:colcon.colcon_core.shell:Creating package script '/home/hrishikesh/projects/turtle_sim_project/install/hh_tt_interfaces/share/hh_tt_interfaces/package.ps1'
[0.616s] INFO:colcon.colcon_core.shell:Creating package descriptor '/home/hrishikesh/projects/turtle_sim_project/install/hh_tt_interfaces/share/hh_tt_interfaces/package.dsv'
[0.616s] INFO:colcon.colcon_core.shell:Creating package script '/home/hrishikesh/projects/turtle_sim_project/install/hh_tt_interfaces/share/hh_tt_interfaces/package.sh'
[0.616s] INFO:colcon.colcon_core.shell:Creating package script '/home/hrishikesh/projects/turtle_sim_project/install/hh_tt_interfaces/share/hh_tt_interfaces/package.bash'
[0.616s] INFO:colcon.colcon_core.shell:Creating package script '/home/hrishikesh/projects/turtle_sim_project/install/hh_tt_interfaces/share/hh_tt_interfaces/package.zsh'
[0.617s] Level 1:colcon.colcon_core.environment:create_file_with_runtime_dependencies(/home/hrishikesh/projects/turtle_sim_project/install/hh_tt_interfaces/share/colcon-core/packages/hh_tt_interfaces)
[0.745s] Level 1:colcon.colcon_core.environment:checking '/home/hrishikesh/projects/turtle_sim_project/install/hh_turtle_bot' for CMake module files
[0.745s] Level 1:colcon.colcon_core.environment:checking '/home/hrishikesh/projects/turtle_sim_project/install/hh_turtle_bot' for CMake config files
[0.745s] DEBUG:colcon.colcon_core.event_handler.log_command:Invoked command in '/home/hrishikesh/projects/turtle_sim_project/src/hh_turtle_bot' returned '0': PYTHONPATH=/home/hrishikesh/projects/turtle_sim_project/build/hh_turtle_bot/prefix_override:/home/hrishikesh/projects/turtle_sim_project/install/hh_turtle_bot/lib/python3.10/site-packages:${PYTHONPATH} /usr/bin/python3 -W ignore:setup.py install is deprecated setup.py egg_info --egg-base ../../build/hh_turtle_bot build --build-base /home/hrishikesh/projects/turtle_sim_project/build/hh_turtle_bot/build install --record /home/hrishikesh/projects/turtle_sim_project/build/hh_turtle_bot/install.log --single-version-externally-managed install_data
[0.745s] Level 1:colcon.colcon_core.environment:checking '/home/hrishikesh/projects/turtle_sim_project/install/hh_turtle_bot/lib'
[0.745s] Level 1:colcon.colcon_core.environment:checking '/home/hrishikesh/projects/turtle_sim_project/install/hh_turtle_bot/bin'
[0.746s] Level 1:colcon.colcon_core.environment:checking '/home/hrishikesh/projects/turtle_sim_project/install/hh_turtle_bot/lib/pkgconfig/hh_turtle_bot.pc'
[0.746s] Level 1:colcon.colcon_core.environment:checking '/home/hrishikesh/projects/turtle_sim_project/install/hh_turtle_bot/lib/python3.10/site-packages'
[0.746s] Level 1:colcon.colcon_core.shell:create_environment_hook('hh_turtle_bot', 'pythonpath')
[0.746s] INFO:colcon.colcon_core.shell:Creating environment hook '/home/hrishikesh/projects/turtle_sim_project/install/hh_turtle_bot/share/hh_turtle_bot/hook/pythonpath.ps1'
[0.746s] INFO:colcon.colcon_core.shell:Creating environment descriptor '/home/hrishikesh/projects/turtle_sim_project/install/hh_turtle_bot/share/hh_turtle_bot/hook/pythonpath.dsv'
[0.746s] INFO:colcon.colcon_core.shell:Creating environment hook '/home/hrishikesh/projects/turtle_sim_project/install/hh_turtle_bot/share/hh_turtle_bot/hook/pythonpath.sh'
[0.747s] Level 1:colcon.colcon_core.environment:checking '/home/hrishikesh/projects/turtle_sim_project/install/hh_turtle_bot/bin'
[0.747s] Level 1:colcon.colcon_core.environment:create_environment_scripts_only(hh_turtle_bot)
[0.747s] INFO:colcon.colcon_core.shell:Creating package script '/home/hrishikesh/projects/turtle_sim_project/install/hh_turtle_bot/share/hh_turtle_bot/package.ps1'
[0.747s] INFO:colcon.colcon_core.shell:Creating package descriptor '/home/hrishikesh/projects/turtle_sim_project/install/hh_turtle_bot/share/hh_turtle_bot/package.dsv'
[0.747s] INFO:colcon.colcon_core.shell:Creating package script '/home/hrishikesh/projects/turtle_sim_project/install/hh_turtle_bot/share/hh_turtle_bot/package.sh'
[0.747s] INFO:colcon.colcon_core.shell:Creating package script '/home/hrishikesh/projects/turtle_sim_project/install/hh_turtle_bot/share/hh_turtle_bot/package.bash'
[0.747s] INFO:colcon.colcon_core.shell:Creating package script '/home/hrishikesh/projects/turtle_sim_project/install/hh_turtle_bot/share/hh_turtle_bot/package.zsh'
[0.748s] Level 1:colcon.colcon_core.environment:create_file_with_runtime_dependencies(/home/hrishikesh/projects/turtle_sim_project/install/hh_turtle_bot/share/colcon-core/packages/hh_turtle_bot)
[0.748s] INFO:colcon.colcon_ros.task.ament_cmake.build:Building ROS package in '/home/hrishikesh/projects/turtle_sim_project/src/hh_turtle_bringups' with build type 'ament_cmake'
[0.748s] INFO:colcon.colcon_cmake.task.cmake.build:Building CMake package in '/home/hrishikesh/projects/turtle_sim_project/src/hh_turtle_bringups'
[0.748s] INFO:colcon.colcon_core.shell:Skip shell extension 'powershell' for command environment: Not usable outside of PowerShell
[0.748s] DEBUG:colcon.colcon_core.shell:Skip shell extension 'dsv' for command environment
[0.755s] DEBUG:colcon.colcon_core.event_handler.log_command:Invoking command in '/home/hrishikesh/projects/turtle_sim_project/build/hh_turtle_bringups': CMAKE_PREFIX_PATH=${CMAKE_PREFIX_PATH}:/home/hrishikesh/projects/turtle_sim_project/install/hh_turtle_bot:/home/hrishikesh/projects/ros_2/install/hh_py_pkg:/opt/ros/humble /usr/bin/cmake --build /home/hrishikesh/projects/turtle_sim_project/build/hh_turtle_bringups -- -j24 -l24
[0.780s] DEBUG:colcon.colcon_core.event_handler.log_command:Invoked command in '/home/hrishikesh/projects/turtle_sim_project/build/hh_turtle_bringups' returned '0': CMAKE_PREFIX_PATH=${CMAKE_PREFIX_PATH}:/home/hrishikesh/projects/turtle_sim_project/install/hh_turtle_bot:/home/hrishikesh/projects/ros_2/install/hh_py_pkg:/opt/ros/humble /usr/bin/cmake --build /home/hrishikesh/projects/turtle_sim_project/build/hh_turtle_bringups -- -j24 -l24
[0.801s] DEBUG:colcon.colcon_core.event_handler.log_command:Invoking command in '/home/hrishikesh/projects/turtle_sim_project/build/hh_turtle_bringups': CMAKE_PREFIX_PATH=${CMAKE_PREFIX_PATH}:/home/hrishikesh/projects/turtle_sim_project/install/hh_turtle_bot:/home/hrishikesh/projects/ros_2/install/hh_py_pkg:/opt/ros/humble /usr/bin/cmake --install /home/hrishikesh/projects/turtle_sim_project/build/hh_turtle_bringups
[0.815s] Level 1:colcon.colcon_core.environment:create_environment_scripts_only(hh_turtle_bringups)
[0.815s] Level 1:colcon.colcon_core.environment:checking '/home/hrishikesh/projects/turtle_sim_project/install/hh_turtle_bringups' for CMake module files
[0.816s] DEBUG:colcon.colcon_core.event_handler.log_command:Invoked command in '/home/hrishikesh/projects/turtle_sim_project/build/hh_turtle_bringups' returned '0': CMAKE_PREFIX_PATH=${CMAKE_PREFIX_PATH}:/home/hrishikesh/projects/turtle_sim_project/install/hh_turtle_bot:/home/hrishikesh/projects/ros_2/install/hh_py_pkg:/opt/ros/humble /usr/bin/cmake --install /home/hrishikesh/projects/turtle_sim_project/build/hh_turtle_bringups
[0.816s] Level 1:colcon.colcon_core.environment:checking '/home/hrishikesh/projects/turtle_sim_project/install/hh_turtle_bringups' for CMake config files
[0.816s] Level 1:colcon.colcon_core.shell:create_environment_hook('hh_turtle_bringups', 'cmake_prefix_path')
[0.816s] INFO:colcon.colcon_core.shell:Creating environment hook '/home/hrishikesh/projects/turtle_sim_project/install/hh_turtle_bringups/share/hh_turtle_bringups/hook/cmake_prefix_path.ps1'
[0.817s] INFO:colcon.colcon_core.shell:Creating environment descriptor '/home/hrishikesh/projects/turtle_sim_project/install/hh_turtle_bringups/share/hh_turtle_bringups/hook/cmake_prefix_path.dsv'
[0.817s] INFO:colcon.colcon_core.shell:Creating environment hook '/home/hrishikesh/projects/turtle_sim_project/install/hh_turtle_bringups/share/hh_turtle_bringups/hook/cmake_prefix_path.sh'
[0.818s] Level 1:colcon.colcon_core.environment:checking '/home/hrishikesh/projects/turtle_sim_project/install/hh_turtle_bringups/bin'
[0.818s] Level 1:colcon.colcon_core.environment:checking '/home/hrishikesh/projects/turtle_sim_project/install/hh_turtle_bringups/lib/pkgconfig/hh_turtle_bringups.pc'
[0.818s] Level 1:colcon.colcon_core.environment:checking '/home/hrishikesh/projects/turtle_sim_project/install/hh_turtle_bringups/lib/python3.10/site-packages'
[0.819s] Level 1:colcon.colcon_core.environment:checking '/home/hrishikesh/projects/turtle_sim_project/install/hh_turtle_bringups/bin'
[0.819s] INFO:colcon.colcon_core.shell:Creating package script '/home/hrishikesh/projects/turtle_sim_project/install/hh_turtle_bringups/share/hh_turtle_bringups/package.ps1'
[0.820s] INFO:colcon.colcon_core.shell:Creating package descriptor '/home/hrishikesh/projects/turtle_sim_project/install/hh_turtle_bringups/share/hh_turtle_bringups/package.dsv'
[0.820s] INFO:colcon.colcon_core.shell:Creating package script '/home/hrishikesh/projects/turtle_sim_project/install/hh_turtle_bringups/share/hh_turtle_bringups/package.sh'
[0.820s] INFO:colcon.colcon_core.shell:Creating package script '/home/hrishikesh/projects/turtle_sim_project/install/hh_turtle_bringups/share/hh_turtle_bringups/package.bash'
[0.821s] INFO:colcon.colcon_core.shell:Creating package script '/home/hrishikesh/projects/turtle_sim_project/install/hh_turtle_bringups/share/hh_turtle_bringups/package.zsh'
[0.821s] Level 1:colcon.colcon_core.environment:create_file_with_runtime_dependencies(/home/hrishikesh/projects/turtle_sim_project/install/hh_turtle_bringups/share/colcon-core/packages/hh_turtle_bringups)
[0.846s] Level 1:colcon.colcon_core.environment:create_environment_scripts_only(hh_turtle_bringups)
[0.846s] Level 1:colcon.colcon_core.environment:checking '/home/hrishikesh/projects/turtle_sim_project/install/hh_turtle_bringups' for CMake module files
[0.847s] Level 1:colcon.colcon_core.environment:checking '/home/hrishikesh/projects/turtle_sim_project/install/hh_turtle_bringups' for CMake config files
[0.847s] Level 1:colcon.colcon_core.shell:create_environment_hook('hh_turtle_bringups', 'cmake_prefix_path')
[0.848s] INFO:colcon.colcon_core.shell:Creating environment hook '/home/hrishikesh/projects/turtle_sim_project/install/hh_turtle_bringups/share/hh_turtle_bringups/hook/cmake_prefix_path.ps1'
[0.848s] INFO:colcon.colcon_core.shell:Creating environment descriptor '/home/hrishikesh/projects/turtle_sim_project/install/hh_turtle_bringups/share/hh_turtle_bringups/hook/cmake_prefix_path.dsv'
[0.848s] INFO:colcon.colcon_core.shell:Creating environment hook '/home/hrishikesh/projects/turtle_sim_project/install/hh_turtle_bringups/share/hh_turtle_bringups/hook/cmake_prefix_path.sh'
[0.849s] Level 1:colcon.colcon_core.environment:checking '/home/hrishikesh/projects/turtle_sim_project/install/hh_turtle_bringups/bin'
[0.849s] Level 1:colcon.colcon_core.environment:checking '/home/hrishikesh/projects/turtle_sim_project/install/hh_turtle_bringups/lib/pkgconfig/hh_turtle_bringups.pc'
[0.850s] Level 1:colcon.colcon_core.environment:checking '/home/hrishikesh/projects/turtle_sim_project/install/hh_turtle_bringups/lib/python3.10/site-packages'
[0.850s] Level 1:colcon.colcon_core.environment:checking '/home/hrishikesh/projects/turtle_sim_project/install/hh_turtle_bringups/bin'
[0.850s] INFO:colcon.colcon_core.shell:Creating package script '/home/hrishikesh/projects/turtle_sim_project/install/hh_turtle_bringups/share/hh_turtle_bringups/package.ps1'
[0.851s] INFO:colcon.colcon_core.shell:Creating package descriptor '/home/hrishikesh/projects/turtle_sim_project/install/hh_turtle_bringups/share/hh_turtle_bringups/package.dsv'
[0.851s] INFO:colcon.colcon_core.shell:Creating package script '/home/hrishikesh/projects/turtle_sim_project/install/hh_turtle_bringups/share/hh_turtle_bringups/package.sh'
[0.852s] INFO:colcon.colcon_core.shell:Creating package script '/home/hrishikesh/projects/turtle_sim_project/install/hh_turtle_bringups/share/hh_turtle_bringups/package.bash'
[0.852s] INFO:colcon.colcon_core.shell:Creating package script '/home/hrishikesh/projects/turtle_sim_project/install/hh_turtle_bringups/share/hh_turtle_bringups/package.zsh'
[0.852s] Level 1:colcon.colcon_core.environment:create_file_with_runtime_dependencies(/home/hrishikesh/projects/turtle_sim_project/install/hh_turtle_bringups/share/colcon-core/packages/hh_turtle_bringups)
[0.853s] DEBUG:colcon.colcon_parallel_executor.executor.parallel:closing loop
[0.853s] DEBUG:colcon.colcon_parallel_executor.executor.parallel:loop closed
[0.853s] DEBUG:colcon.colcon_parallel_executor.executor.parallel:run_until_complete finished with '0'
[0.853s] DEBUG:colcon.colcon_core.event_reactor:joining thread
[0.860s] INFO:colcon.colcon_core.plugin_system:Skipping extension 'colcon_notification.desktop_notification.terminal_notifier': Not used on non-Darwin systems
[0.860s] INFO:colcon.colcon_core.plugin_system:Skipping extension 'colcon_notification.desktop_notification.win32': Not used on non-Windows systems
[0.860s] INFO:colcon.colcon_notification.desktop_notification:Sending desktop notification using 'notify2'
[0.876s] DEBUG:colcon.colcon_core.event_reactor:joined thread
[0.877s] INFO:colcon.colcon_core.shell:Creating prefix script '/home/hrishikesh/projects/turtle_sim_project/install/local_setup.ps1'
[0.877s] INFO:colcon.colcon_core.shell:Creating prefix util module '/home/hrishikesh/projects/turtle_sim_project/install/_local_setup_util_ps1.py'
[0.878s] INFO:colcon.colcon_core.shell:Creating prefix chain script '/home/hrishikesh/projects/turtle_sim_project/install/setup.ps1'
[0.879s] INFO:colcon.colcon_core.shell:Creating prefix script '/home/hrishikesh/projects/turtle_sim_project/install/local_setup.sh'
[0.879s] INFO:colcon.colcon_core.shell:Creating prefix util module '/home/hrishikesh/projects/turtle_sim_project/install/_local_setup_util_sh.py'
[0.879s] INFO:colcon.colcon_core.shell:Creating prefix chain script '/home/hrishikesh/projects/turtle_sim_project/install/setup.sh'
[0.880s] INFO:colcon.colcon_core.shell:Creating prefix script '/home/hrishikesh/projects/turtle_sim_project/install/local_setup.bash'
[0.880s] INFO:colcon.colcon_core.shell:Creating prefix chain script '/home/hrishikesh/projects/turtle_sim_project/install/setup.bash'
[0.881s] INFO:colcon.colcon_core.shell:Creating prefix script '/home/hrishikesh/projects/turtle_sim_project/install/local_setup.zsh'
[0.881s] INFO:colcon.colcon_core.shell:Creating prefix chain script '/home/hrishikesh/projects/turtle_sim_project/install/setup.zsh'
