[0.010s] Invoking command in '/home/hrishikesh/projects/turtle_sim_project/build/hh_tt_interfaces': CMAKE_PREFIX_PATH=${CMAKE_PREFIX_PATH}:/home/hrishikesh/projects/turtle_sim_project/install/hh_turtle_bot:/home/hrishikesh/projects/ros_2/install/hh_py_pkg:/opt/ros/humble /usr/bin/cmake --build /home/hrishikesh/projects/turtle_sim_project/build/hh_tt_interfaces -- -j24 -l24
[0.043s] [  2%] Built target hh_tt_interfaces__cpp
[0.044s] [ 12%] Built target hh_tt_interfaces__rosidl_generator_c
[0.051s] [ 12%] Built target ament_cmake_python_copy_hh_tt_interfaces
[0.063s] [ 23%] Built target hh_tt_interfaces__rosidl_typesupport_introspection_cpp
[0.063s] [ 34%] Built target hh_tt_interfaces__rosidl_typesupport_cpp
[0.063s] [ 44%] Built target hh_tt_interfaces__rosidl_typesupport_introspection_c
[0.064s] [ 55%] Built target hh_tt_interfaces__rosidl_typesupport_fastrtps_cpp
[0.064s] [ 65%] Built target hh_tt_interfaces__rosidl_typesupport_c
[0.067s] [ 76%] Built target hh_tt_interfaces__rosidl_typesupport_fastrtps_c
[0.083s] [ 76%] Built target hh_tt_interfaces
[0.100s] [ 78%] Built target hh_tt_interfaces__py
[0.117s] [ 87%] Built target hh_tt_interfaces__rosidl_generator_py
[0.135s] [ 93%] Built target hh_tt_interfaces__rosidl_typesupport_fastrtps_c__pyext
[0.135s] [ 95%] Built target hh_tt_interfaces__rosidl_typesupport_introspection_c__pyext
[0.136s] [100%] Built target hh_tt_interfaces__rosidl_typesupport_c__pyext
[0.230s] running egg_info
[0.230s] writing hh_tt_interfaces.egg-info/PKG-INFO
[0.230s] writing dependency_links to hh_tt_interfaces.egg-info/dependency_links.txt
[0.230s] writing top-level names to hh_tt_interfaces.egg-info/top_level.txt
[0.232s] reading manifest file 'hh_tt_interfaces.egg-info/SOURCES.txt'
[0.232s] writing manifest file 'hh_tt_interfaces.egg-info/SOURCES.txt'
[0.251s] [100%] Built target ament_cmake_python_build_hh_tt_interfaces_egg
[0.260s] Invoked command in '/home/hrishikesh/projects/turtle_sim_project/build/hh_tt_interfaces' returned '0': CMAKE_PREFIX_PATH=${CMAKE_PREFIX_PATH}:/home/hrishikesh/projects/turtle_sim_project/install/hh_turtle_bot:/home/hrishikesh/projects/ros_2/install/hh_py_pkg:/opt/ros/humble /usr/bin/cmake --build /home/hrishikesh/projects/turtle_sim_project/build/hh_tt_interfaces -- -j24 -l24
[0.337s] Invoking command in '/home/hrishikesh/projects/turtle_sim_project/build/hh_tt_interfaces': CMAKE_PREFIX_PATH=${CMAKE_PREFIX_PATH}:/home/hrishikesh/projects/turtle_sim_project/install/hh_turtle_bot:/home/hrishikesh/projects/ros_2/install/hh_py_pkg:/opt/ros/humble /usr/bin/cmake --install /home/hrishikesh/projects/turtle_sim_project/build/hh_tt_interfaces
[0.343s] -- Install configuration: ""
[0.343s] -- Up-to-date: /home/hrishikesh/projects/turtle_sim_project/install/hh_tt_interfaces/share/ament_index/resource_index/rosidl_interfaces/hh_tt_interfaces
[0.343s] -- Up-to-date: /home/hrishikesh/projects/turtle_sim_project/install/hh_tt_interfaces/include/hh_tt_interfaces/hh_tt_interfaces
[0.343s] -- Up-to-date: /home/hrishikesh/projects/turtle_sim_project/install/hh_tt_interfaces/include/hh_tt_interfaces/hh_tt_interfaces/srv
[0.343s] -- Up-to-date: /home/hrishikesh/projects/turtle_sim_project/install/hh_tt_interfaces/include/hh_tt_interfaces/hh_tt_interfaces/srv/catch_turtle.h
[0.344s] -- Up-to-date: /home/hrishikesh/projects/turtle_sim_project/install/hh_tt_interfaces/include/hh_tt_interfaces/hh_tt_interfaces/srv/detail
[0.344s] -- Up-to-date: /home/hrishikesh/projects/turtle_sim_project/install/hh_tt_interfaces/include/hh_tt_interfaces/hh_tt_interfaces/srv/detail/catch_turtle__functions.h
[0.344s] -- Up-to-date: /home/hrishikesh/projects/turtle_sim_project/install/hh_tt_interfaces/include/hh_tt_interfaces/hh_tt_interfaces/srv/detail/catch_turtle__functions.c
[0.344s] -- Up-to-date: /home/hrishikesh/projects/turtle_sim_project/install/hh_tt_interfaces/include/hh_tt_interfaces/hh_tt_interfaces/srv/detail/catch_turtle__struct.h
[0.344s] -- Up-to-date: /home/hrishikesh/projects/turtle_sim_project/install/hh_tt_interfaces/include/hh_tt_interfaces/hh_tt_interfaces/srv/detail/catch_turtle__type_support.h
[0.344s] -- Up-to-date: /home/hrishikesh/projects/turtle_sim_project/install/hh_tt_interfaces/include/hh_tt_interfaces/hh_tt_interfaces/msg
[0.344s] -- Up-to-date: /home/hrishikesh/projects/turtle_sim_project/install/hh_tt_interfaces/include/hh_tt_interfaces/hh_tt_interfaces/msg/detail
[0.345s] -- Up-to-date: /home/hrishikesh/projects/turtle_sim_project/install/hh_tt_interfaces/include/hh_tt_interfaces/hh_tt_interfaces/msg/detail/turtle_array__functions.h
[0.345s] -- Up-to-date: /home/hrishikesh/projects/turtle_sim_project/install/hh_tt_interfaces/include/hh_tt_interfaces/hh_tt_interfaces/msg/detail/turtle_array__struct.h
[0.345s] -- Up-to-date: /home/hrishikesh/projects/turtle_sim_project/install/hh_tt_interfaces/include/hh_tt_interfaces/hh_tt_interfaces/msg/detail/turtle__functions.h
[0.345s] -- Up-to-date: /home/hrishikesh/projects/turtle_sim_project/install/hh_tt_interfaces/include/hh_tt_interfaces/hh_tt_interfaces/msg/detail/turtle_array__functions.c
[0.345s] -- Up-to-date: /home/hrishikesh/projects/turtle_sim_project/install/hh_tt_interfaces/include/hh_tt_interfaces/hh_tt_interfaces/msg/detail/turtle__struct.h
[0.345s] -- Up-to-date: /home/hrishikesh/projects/turtle_sim_project/install/hh_tt_interfaces/include/hh_tt_interfaces/hh_tt_interfaces/msg/detail/turtle_array__type_support.h
[0.345s] -- Up-to-date: /home/hrishikesh/projects/turtle_sim_project/install/hh_tt_interfaces/include/hh_tt_interfaces/hh_tt_interfaces/msg/detail/turtle__functions.c
[0.345s] -- Up-to-date: /home/hrishikesh/projects/turtle_sim_project/install/hh_tt_interfaces/include/hh_tt_interfaces/hh_tt_interfaces/msg/detail/turtle__type_support.h
[0.345s] -- Up-to-date: /home/hrishikesh/projects/turtle_sim_project/install/hh_tt_interfaces/include/hh_tt_interfaces/hh_tt_interfaces/msg/rosidl_generator_c__visibility_control.h
[0.345s] -- Up-to-date: /home/hrishikesh/projects/turtle_sim_project/install/hh_tt_interfaces/include/hh_tt_interfaces/hh_tt_interfaces/msg/turtle.h
[0.346s] -- Up-to-date: /home/hrishikesh/projects/turtle_sim_project/install/hh_tt_interfaces/include/hh_tt_interfaces/hh_tt_interfaces/msg/turtle_array.h
[0.346s] -- Up-to-date: /home/hrishikesh/projects/turtle_sim_project/install/hh_tt_interfaces/share/hh_tt_interfaces/environment/library_path.sh
[0.346s] -- Up-to-date: /home/hrishikesh/projects/turtle_sim_project/install/hh_tt_interfaces/share/hh_tt_interfaces/environment/library_path.dsv
[0.346s] -- Up-to-date: /home/hrishikesh/projects/turtle_sim_project/install/hh_tt_interfaces/lib/libhh_tt_interfaces__rosidl_generator_c.so
[0.346s] -- Up-to-date: /home/hrishikesh/projects/turtle_sim_project/install/hh_tt_interfaces/include/hh_tt_interfaces/hh_tt_interfaces
[0.346s] -- Up-to-date: /home/hrishikesh/projects/turtle_sim_project/install/hh_tt_interfaces/include/hh_tt_interfaces/hh_tt_interfaces/srv
[0.346s] -- Up-to-date: /home/hrishikesh/projects/turtle_sim_project/install/hh_tt_interfaces/include/hh_tt_interfaces/hh_tt_interfaces/srv/detail
[0.346s] -- Up-to-date: /home/hrishikesh/projects/turtle_sim_project/install/hh_tt_interfaces/include/hh_tt_interfaces/hh_tt_interfaces/srv/detail/catch_turtle__rosidl_typesupport_fastrtps_c.h
[0.346s] -- Up-to-date: /home/hrishikesh/projects/turtle_sim_project/install/hh_tt_interfaces/include/hh_tt_interfaces/hh_tt_interfaces/msg
[0.346s] -- Up-to-date: /home/hrishikesh/projects/turtle_sim_project/install/hh_tt_interfaces/include/hh_tt_interfaces/hh_tt_interfaces/msg/rosidl_typesupport_fastrtps_c__visibility_control.h
[0.346s] -- Up-to-date: /home/hrishikesh/projects/turtle_sim_project/install/hh_tt_interfaces/include/hh_tt_interfaces/hh_tt_interfaces/msg/detail
[0.346s] -- Up-to-date: /home/hrishikesh/projects/turtle_sim_project/install/hh_tt_interfaces/include/hh_tt_interfaces/hh_tt_interfaces/msg/detail/turtle__rosidl_typesupport_fastrtps_c.h
[0.346s] -- Up-to-date: /home/hrishikesh/projects/turtle_sim_project/install/hh_tt_interfaces/include/hh_tt_interfaces/hh_tt_interfaces/msg/detail/turtle_array__rosidl_typesupport_fastrtps_c.h
[0.347s] -- Up-to-date: /home/hrishikesh/projects/turtle_sim_project/install/hh_tt_interfaces/lib/libhh_tt_interfaces__rosidl_typesupport_fastrtps_c.so
[0.347s] -- Up-to-date: /home/hrishikesh/projects/turtle_sim_project/install/hh_tt_interfaces/include/hh_tt_interfaces/hh_tt_interfaces
[0.347s] -- Up-to-date: /home/hrishikesh/projects/turtle_sim_project/install/hh_tt_interfaces/include/hh_tt_interfaces/hh_tt_interfaces/srv
[0.347s] -- Up-to-date: /home/hrishikesh/projects/turtle_sim_project/install/hh_tt_interfaces/include/hh_tt_interfaces/hh_tt_interfaces/srv/detail
[0.347s] -- Up-to-date: /home/hrishikesh/projects/turtle_sim_project/install/hh_tt_interfaces/include/hh_tt_interfaces/hh_tt_interfaces/srv/detail/catch_turtle__type_support.c
[0.347s] -- Up-to-date: /home/hrishikesh/projects/turtle_sim_project/install/hh_tt_interfaces/include/hh_tt_interfaces/hh_tt_interfaces/srv/detail/catch_turtle__rosidl_typesupport_introspection_c.h
[0.347s] -- Up-to-date: /home/hrishikesh/projects/turtle_sim_project/install/hh_tt_interfaces/include/hh_tt_interfaces/hh_tt_interfaces/msg
[0.347s] -- Up-to-date: /home/hrishikesh/projects/turtle_sim_project/install/hh_tt_interfaces/include/hh_tt_interfaces/hh_tt_interfaces/msg/detail
[0.347s] -- Up-to-date: /home/hrishikesh/projects/turtle_sim_project/install/hh_tt_interfaces/include/hh_tt_interfaces/hh_tt_interfaces/msg/detail/turtle__rosidl_typesupport_introspection_c.h
[0.347s] -- Up-to-date: /home/hrishikesh/projects/turtle_sim_project/install/hh_tt_interfaces/include/hh_tt_interfaces/hh_tt_interfaces/msg/detail/turtle__type_support.c
[0.347s] -- Up-to-date: /home/hrishikesh/projects/turtle_sim_project/install/hh_tt_interfaces/include/hh_tt_interfaces/hh_tt_interfaces/msg/detail/turtle_array__rosidl_typesupport_introspection_c.h
[0.347s] -- Up-to-date: /home/hrishikesh/projects/turtle_sim_project/install/hh_tt_interfaces/include/hh_tt_interfaces/hh_tt_interfaces/msg/detail/turtle_array__type_support.c
[0.347s] -- Up-to-date: /home/hrishikesh/projects/turtle_sim_project/install/hh_tt_interfaces/include/hh_tt_interfaces/hh_tt_interfaces/msg/rosidl_typesupport_introspection_c__visibility_control.h
[0.347s] -- Up-to-date: /home/hrishikesh/projects/turtle_sim_project/install/hh_tt_interfaces/lib/libhh_tt_interfaces__rosidl_typesupport_introspection_c.so
[0.347s] -- Up-to-date: /home/hrishikesh/projects/turtle_sim_project/install/hh_tt_interfaces/lib/libhh_tt_interfaces__rosidl_typesupport_c.so
[0.347s] -- Up-to-date: /home/hrishikesh/projects/turtle_sim_project/install/hh_tt_interfaces/include/hh_tt_interfaces/hh_tt_interfaces
[0.347s] -- Up-to-date: /home/hrishikesh/projects/turtle_sim_project/install/hh_tt_interfaces/include/hh_tt_interfaces/hh_tt_interfaces/srv
[0.347s] -- Up-to-date: /home/hrishikesh/projects/turtle_sim_project/install/hh_tt_interfaces/include/hh_tt_interfaces/hh_tt_interfaces/srv/catch_turtle.hpp
[0.347s] -- Up-to-date: /home/hrishikesh/projects/turtle_sim_project/install/hh_tt_interfaces/include/hh_tt_interfaces/hh_tt_interfaces/srv/detail
[0.347s] -- Up-to-date: /home/hrishikesh/projects/turtle_sim_project/install/hh_tt_interfaces/include/hh_tt_interfaces/hh_tt_interfaces/srv/detail/catch_turtle__traits.hpp
[0.347s] -- Up-to-date: /home/hrishikesh/projects/turtle_sim_project/install/hh_tt_interfaces/include/hh_tt_interfaces/hh_tt_interfaces/srv/detail/catch_turtle__builder.hpp
[0.347s] -- Up-to-date: /home/hrishikesh/projects/turtle_sim_project/install/hh_tt_interfaces/include/hh_tt_interfaces/hh_tt_interfaces/srv/detail/catch_turtle__struct.hpp
[0.348s] -- Up-to-date: /home/hrishikesh/projects/turtle_sim_project/install/hh_tt_interfaces/include/hh_tt_interfaces/hh_tt_interfaces/msg
[0.348s] -- Up-to-date: /home/hrishikesh/projects/turtle_sim_project/install/hh_tt_interfaces/include/hh_tt_interfaces/hh_tt_interfaces/msg/turtle_array.hpp
[0.348s] -- Up-to-date: /home/hrishikesh/projects/turtle_sim_project/install/hh_tt_interfaces/include/hh_tt_interfaces/hh_tt_interfaces/msg/turtle.hpp
[0.348s] -- Up-to-date: /home/hrishikesh/projects/turtle_sim_project/install/hh_tt_interfaces/include/hh_tt_interfaces/hh_tt_interfaces/msg/detail
[0.348s] -- Up-to-date: /home/hrishikesh/projects/turtle_sim_project/install/hh_tt_interfaces/include/hh_tt_interfaces/hh_tt_interfaces/msg/detail/turtle_array__struct.hpp
[0.348s] -- Up-to-date: /home/hrishikesh/projects/turtle_sim_project/install/hh_tt_interfaces/include/hh_tt_interfaces/hh_tt_interfaces/msg/detail/turtle__struct.hpp
[0.348s] -- Up-to-date: /home/hrishikesh/projects/turtle_sim_project/install/hh_tt_interfaces/include/hh_tt_interfaces/hh_tt_interfaces/msg/detail/turtle__traits.hpp
[0.348s] -- Up-to-date: /home/hrishikesh/projects/turtle_sim_project/install/hh_tt_interfaces/include/hh_tt_interfaces/hh_tt_interfaces/msg/detail/turtle_array__builder.hpp
[0.348s] -- Up-to-date: /home/hrishikesh/projects/turtle_sim_project/install/hh_tt_interfaces/include/hh_tt_interfaces/hh_tt_interfaces/msg/detail/turtle__builder.hpp
[0.348s] -- Up-to-date: /home/hrishikesh/projects/turtle_sim_project/install/hh_tt_interfaces/include/hh_tt_interfaces/hh_tt_interfaces/msg/detail/turtle_array__traits.hpp
[0.348s] -- Up-to-date: /home/hrishikesh/projects/turtle_sim_project/install/hh_tt_interfaces/include/hh_tt_interfaces/hh_tt_interfaces
[0.348s] -- Up-to-date: /home/hrishikesh/projects/turtle_sim_project/install/hh_tt_interfaces/include/hh_tt_interfaces/hh_tt_interfaces/srv
[0.348s] -- Up-to-date: /home/hrishikesh/projects/turtle_sim_project/install/hh_tt_interfaces/include/hh_tt_interfaces/hh_tt_interfaces/srv/detail
[0.348s] -- Up-to-date: /home/hrishikesh/projects/turtle_sim_project/install/hh_tt_interfaces/include/hh_tt_interfaces/hh_tt_interfaces/srv/detail/dds_fastrtps
[0.348s] -- Up-to-date: /home/hrishikesh/projects/turtle_sim_project/install/hh_tt_interfaces/include/hh_tt_interfaces/hh_tt_interfaces/srv/detail/catch_turtle__rosidl_typesupport_fastrtps_cpp.hpp
[0.348s] -- Up-to-date: /home/hrishikesh/projects/turtle_sim_project/install/hh_tt_interfaces/include/hh_tt_interfaces/hh_tt_interfaces/msg
[0.348s] -- Up-to-date: /home/hrishikesh/projects/turtle_sim_project/install/hh_tt_interfaces/include/hh_tt_interfaces/hh_tt_interfaces/msg/detail
[0.348s] -- Up-to-date: /home/hrishikesh/projects/turtle_sim_project/install/hh_tt_interfaces/include/hh_tt_interfaces/hh_tt_interfaces/msg/detail/dds_fastrtps
[0.348s] -- Up-to-date: /home/hrishikesh/projects/turtle_sim_project/install/hh_tt_interfaces/include/hh_tt_interfaces/hh_tt_interfaces/msg/detail/turtle_array__rosidl_typesupport_fastrtps_cpp.hpp
[0.348s] -- Up-to-date: /home/hrishikesh/projects/turtle_sim_project/install/hh_tt_interfaces/include/hh_tt_interfaces/hh_tt_interfaces/msg/detail/turtle__rosidl_typesupport_fastrtps_cpp.hpp
[0.348s] -- Up-to-date: /home/hrishikesh/projects/turtle_sim_project/install/hh_tt_interfaces/include/hh_tt_interfaces/hh_tt_interfaces/msg/rosidl_typesupport_fastrtps_cpp__visibility_control.h
[0.348s] -- Up-to-date: /home/hrishikesh/projects/turtle_sim_project/install/hh_tt_interfaces/lib/libhh_tt_interfaces__rosidl_typesupport_fastrtps_cpp.so
[0.348s] -- Up-to-date: /home/hrishikesh/projects/turtle_sim_project/install/hh_tt_interfaces/include/hh_tt_interfaces/hh_tt_interfaces
[0.348s] -- Up-to-date: /home/hrishikesh/projects/turtle_sim_project/install/hh_tt_interfaces/include/hh_tt_interfaces/hh_tt_interfaces/srv
[0.348s] -- Up-to-date: /home/hrishikesh/projects/turtle_sim_project/install/hh_tt_interfaces/include/hh_tt_interfaces/hh_tt_interfaces/srv/detail
[0.348s] -- Up-to-date: /home/hrishikesh/projects/turtle_sim_project/install/hh_tt_interfaces/include/hh_tt_interfaces/hh_tt_interfaces/srv/detail/catch_turtle__rosidl_typesupport_introspection_cpp.hpp
[0.348s] -- Up-to-date: /home/hrishikesh/projects/turtle_sim_project/install/hh_tt_interfaces/include/hh_tt_interfaces/hh_tt_interfaces/srv/detail/catch_turtle__type_support.cpp
[0.348s] -- Up-to-date: /home/hrishikesh/projects/turtle_sim_project/install/hh_tt_interfaces/include/hh_tt_interfaces/hh_tt_interfaces/msg
[0.348s] -- Up-to-date: /home/hrishikesh/projects/turtle_sim_project/install/hh_tt_interfaces/include/hh_tt_interfaces/hh_tt_interfaces/msg/detail
[0.348s] -- Up-to-date: /home/hrishikesh/projects/turtle_sim_project/install/hh_tt_interfaces/include/hh_tt_interfaces/hh_tt_interfaces/msg/detail/turtle__type_support.cpp
[0.348s] -- Up-to-date: /home/hrishikesh/projects/turtle_sim_project/install/hh_tt_interfaces/include/hh_tt_interfaces/hh_tt_interfaces/msg/detail/turtle_array__type_support.cpp
[0.348s] -- Up-to-date: /home/hrishikesh/projects/turtle_sim_project/install/hh_tt_interfaces/include/hh_tt_interfaces/hh_tt_interfaces/msg/detail/turtle__rosidl_typesupport_introspection_cpp.hpp
[0.348s] -- Up-to-date: /home/hrishikesh/projects/turtle_sim_project/install/hh_tt_interfaces/include/hh_tt_interfaces/hh_tt_interfaces/msg/detail/turtle_array__rosidl_typesupport_introspection_cpp.hpp
[0.349s] -- Up-to-date: /home/hrishikesh/projects/turtle_sim_project/install/hh_tt_interfaces/lib/libhh_tt_interfaces__rosidl_typesupport_introspection_cpp.so
[0.349s] -- Up-to-date: /home/hrishikesh/projects/turtle_sim_project/install/hh_tt_interfaces/lib/libhh_tt_interfaces__rosidl_typesupport_cpp.so
[0.349s] -- Up-to-date: /home/hrishikesh/projects/turtle_sim_project/install/hh_tt_interfaces/share/hh_tt_interfaces/environment/pythonpath.sh
[0.349s] -- Up-to-date: /home/hrishikesh/projects/turtle_sim_project/install/hh_tt_interfaces/share/hh_tt_interfaces/environment/pythonpath.dsv
[0.349s] -- Up-to-date: /home/hrishikesh/projects/turtle_sim_project/install/hh_tt_interfaces/local/lib/python3.10/dist-packages/hh_tt_interfaces-0.0.0-py3.10.egg-info
[0.349s] -- Installing: /home/hrishikesh/projects/turtle_sim_project/install/hh_tt_interfaces/local/lib/python3.10/dist-packages/hh_tt_interfaces-0.0.0-py3.10.egg-info/PKG-INFO
[0.349s] -- Installing: /home/hrishikesh/projects/turtle_sim_project/install/hh_tt_interfaces/local/lib/python3.10/dist-packages/hh_tt_interfaces-0.0.0-py3.10.egg-info/SOURCES.txt
[0.349s] -- Installing: /home/hrishikesh/projects/turtle_sim_project/install/hh_tt_interfaces/local/lib/python3.10/dist-packages/hh_tt_interfaces-0.0.0-py3.10.egg-info/dependency_links.txt
[0.349s] -- Installing: /home/hrishikesh/projects/turtle_sim_project/install/hh_tt_interfaces/local/lib/python3.10/dist-packages/hh_tt_interfaces-0.0.0-py3.10.egg-info/top_level.txt
[0.349s] -- Up-to-date: /home/hrishikesh/projects/turtle_sim_project/install/hh_tt_interfaces/local/lib/python3.10/dist-packages/hh_tt_interfaces
[0.349s] -- Up-to-date: /home/hrishikesh/projects/turtle_sim_project/install/hh_tt_interfaces/local/lib/python3.10/dist-packages/hh_tt_interfaces/srv
[0.349s] -- Up-to-date: /home/hrishikesh/projects/turtle_sim_project/install/hh_tt_interfaces/local/lib/python3.10/dist-packages/hh_tt_interfaces/srv/__init__.py
[0.349s] -- Up-to-date: /home/hrishikesh/projects/turtle_sim_project/install/hh_tt_interfaces/local/lib/python3.10/dist-packages/hh_tt_interfaces/srv/_catch_turtle_s.c
[0.349s] -- Up-to-date: /home/hrishikesh/projects/turtle_sim_project/install/hh_tt_interfaces/local/lib/python3.10/dist-packages/hh_tt_interfaces/srv/_catch_turtle.py
[0.349s] -- Up-to-date: /home/hrishikesh/projects/turtle_sim_project/install/hh_tt_interfaces/local/lib/python3.10/dist-packages/hh_tt_interfaces/hh_tt_interfaces_s__rosidl_typesupport_c.cpython-310-x86_64-linux-gnu.so
[0.349s] -- Up-to-date: /home/hrishikesh/projects/turtle_sim_project/install/hh_tt_interfaces/local/lib/python3.10/dist-packages/hh_tt_interfaces/hh_tt_interfaces_s__rosidl_typesupport_fastrtps_c.cpython-310-x86_64-linux-gnu.so
[0.349s] -- Up-to-date: /home/hrishikesh/projects/turtle_sim_project/install/hh_tt_interfaces/local/lib/python3.10/dist-packages/hh_tt_interfaces/_hh_tt_interfaces_s.ep.rosidl_typesupport_c.c
[0.349s] -- Up-to-date: /home/hrishikesh/projects/turtle_sim_project/install/hh_tt_interfaces/local/lib/python3.10/dist-packages/hh_tt_interfaces/__init__.py
[0.349s] -- Up-to-date: /home/hrishikesh/projects/turtle_sim_project/install/hh_tt_interfaces/local/lib/python3.10/dist-packages/hh_tt_interfaces/hh_tt_interfaces_s__rosidl_typesupport_introspection_c.cpython-310-x86_64-linux-gnu.so
[0.349s] -- Up-to-date: /home/hrishikesh/projects/turtle_sim_project/install/hh_tt_interfaces/local/lib/python3.10/dist-packages/hh_tt_interfaces/_hh_tt_interfaces_s.ep.rosidl_typesupport_introspection_c.c
[0.349s] -- Up-to-date: /home/hrishikesh/projects/turtle_sim_project/install/hh_tt_interfaces/local/lib/python3.10/dist-packages/hh_tt_interfaces/msg
[0.349s] -- Up-to-date: /home/hrishikesh/projects/turtle_sim_project/install/hh_tt_interfaces/local/lib/python3.10/dist-packages/hh_tt_interfaces/msg/_turtle_s.c
[0.349s] -- Up-to-date: /home/hrishikesh/projects/turtle_sim_project/install/hh_tt_interfaces/local/lib/python3.10/dist-packages/hh_tt_interfaces/msg/_turtle_array.py
[0.349s] -- Up-to-date: /home/hrishikesh/projects/turtle_sim_project/install/hh_tt_interfaces/local/lib/python3.10/dist-packages/hh_tt_interfaces/msg/__init__.py
[0.349s] -- Up-to-date: /home/hrishikesh/projects/turtle_sim_project/install/hh_tt_interfaces/local/lib/python3.10/dist-packages/hh_tt_interfaces/msg/_turtle_array_s.c
[0.349s] -- Up-to-date: /home/hrishikesh/projects/turtle_sim_project/install/hh_tt_interfaces/local/lib/python3.10/dist-packages/hh_tt_interfaces/msg/_turtle.py
[0.349s] -- Up-to-date: /home/hrishikesh/projects/turtle_sim_project/install/hh_tt_interfaces/local/lib/python3.10/dist-packages/hh_tt_interfaces/_hh_tt_interfaces_s.ep.rosidl_typesupport_fastrtps_c.c
[0.349s] -- Up-to-date: /home/hrishikesh/projects/turtle_sim_project/install/hh_tt_interfaces/local/lib/python3.10/dist-packages/hh_tt_interfaces/libhh_tt_interfaces__rosidl_generator_py.so
[0.370s] Listing '/home/hrishikesh/projects/turtle_sim_project/install/hh_tt_interfaces/local/lib/python3.10/dist-packages/hh_tt_interfaces'...
[0.370s] Listing '/home/hrishikesh/projects/turtle_sim_project/install/hh_tt_interfaces/local/lib/python3.10/dist-packages/hh_tt_interfaces/msg'...
[0.370s] Listing '/home/hrishikesh/projects/turtle_sim_project/install/hh_tt_interfaces/local/lib/python3.10/dist-packages/hh_tt_interfaces/srv'...
[0.373s] -- Up-to-date: /home/hrishikesh/projects/turtle_sim_project/install/hh_tt_interfaces/local/lib/python3.10/dist-packages/hh_tt_interfaces/hh_tt_interfaces_s__rosidl_typesupport_fastrtps_c.cpython-310-x86_64-linux-gnu.so
[0.373s] -- Up-to-date: /home/hrishikesh/projects/turtle_sim_project/install/hh_tt_interfaces/local/lib/python3.10/dist-packages/hh_tt_interfaces/hh_tt_interfaces_s__rosidl_typesupport_introspection_c.cpython-310-x86_64-linux-gnu.so
[0.373s] -- Up-to-date: /home/hrishikesh/projects/turtle_sim_project/install/hh_tt_interfaces/local/lib/python3.10/dist-packages/hh_tt_interfaces/hh_tt_interfaces_s__rosidl_typesupport_c.cpython-310-x86_64-linux-gnu.so
[0.373s] -- Up-to-date: /home/hrishikesh/projects/turtle_sim_project/install/hh_tt_interfaces/lib/libhh_tt_interfaces__rosidl_generator_py.so
[0.374s] -- Up-to-date: /home/hrishikesh/projects/turtle_sim_project/install/hh_tt_interfaces/share/hh_tt_interfaces/msg/Turtle.idl
[0.374s] -- Up-to-date: /home/hrishikesh/projects/turtle_sim_project/install/hh_tt_interfaces/share/hh_tt_interfaces/msg/TurtleArray.idl
[0.374s] -- Up-to-date: /home/hrishikesh/projects/turtle_sim_project/install/hh_tt_interfaces/share/hh_tt_interfaces/srv/CatchTurtle.idl
[0.374s] -- Up-to-date: /home/hrishikesh/projects/turtle_sim_project/install/hh_tt_interfaces/share/hh_tt_interfaces/msg/Turtle.msg
[0.374s] -- Up-to-date: /home/hrishikesh/projects/turtle_sim_project/install/hh_tt_interfaces/share/hh_tt_interfaces/msg/TurtleArray.msg
[0.374s] -- Up-to-date: /home/hrishikesh/projects/turtle_sim_project/install/hh_tt_interfaces/share/hh_tt_interfaces/srv/CatchTurtle.srv
[0.374s] -- Up-to-date: /home/hrishikesh/projects/turtle_sim_project/install/hh_tt_interfaces/share/hh_tt_interfaces/srv/CatchTurtle_Request.msg
[0.374s] -- Up-to-date: /home/hrishikesh/projects/turtle_sim_project/install/hh_tt_interfaces/share/hh_tt_interfaces/srv/CatchTurtle_Response.msg
[0.374s] -- Up-to-date: /home/hrishikesh/projects/turtle_sim_project/install/hh_tt_interfaces/share/ament_index/resource_index/package_run_dependencies/hh_tt_interfaces
[0.374s] -- Up-to-date: /home/hrishikesh/projects/turtle_sim_project/install/hh_tt_interfaces/share/ament_index/resource_index/parent_prefix_path/hh_tt_interfaces
[0.374s] -- Up-to-date: /home/hrishikesh/projects/turtle_sim_project/install/hh_tt_interfaces/share/hh_tt_interfaces/environment/ament_prefix_path.sh
[0.374s] -- Up-to-date: /home/hrishikesh/projects/turtle_sim_project/install/hh_tt_interfaces/share/hh_tt_interfaces/environment/ament_prefix_path.dsv
[0.374s] -- Up-to-date: /home/hrishikesh/projects/turtle_sim_project/install/hh_tt_interfaces/share/hh_tt_interfaces/environment/path.sh
[0.374s] -- Up-to-date: /home/hrishikesh/projects/turtle_sim_project/install/hh_tt_interfaces/share/hh_tt_interfaces/environment/path.dsv
[0.374s] -- Up-to-date: /home/hrishikesh/projects/turtle_sim_project/install/hh_tt_interfaces/share/hh_tt_interfaces/local_setup.bash
[0.374s] -- Up-to-date: /home/hrishikesh/projects/turtle_sim_project/install/hh_tt_interfaces/share/hh_tt_interfaces/local_setup.sh
[0.374s] -- Up-to-date: /home/hrishikesh/projects/turtle_sim_project/install/hh_tt_interfaces/share/hh_tt_interfaces/local_setup.zsh
[0.374s] -- Up-to-date: /home/hrishikesh/projects/turtle_sim_project/install/hh_tt_interfaces/share/hh_tt_interfaces/local_setup.dsv
[0.374s] -- Installing: /home/hrishikesh/projects/turtle_sim_project/install/hh_tt_interfaces/share/hh_tt_interfaces/package.dsv
[0.374s] -- Up-to-date: /home/hrishikesh/projects/turtle_sim_project/install/hh_tt_interfaces/share/ament_index/resource_index/packages/hh_tt_interfaces
[0.374s] -- Up-to-date: /home/hrishikesh/projects/turtle_sim_project/install/hh_tt_interfaces/share/hh_tt_interfaces/cmake/export_hh_tt_interfaces__rosidl_generator_cExport.cmake
[0.375s] -- Up-to-date: /home/hrishikesh/projects/turtle_sim_project/install/hh_tt_interfaces/share/hh_tt_interfaces/cmake/export_hh_tt_interfaces__rosidl_generator_cExport-noconfig.cmake
[0.375s] -- Up-to-date: /home/hrishikesh/projects/turtle_sim_project/install/hh_tt_interfaces/share/hh_tt_interfaces/cmake/export_hh_tt_interfaces__rosidl_typesupport_fastrtps_cExport.cmake
[0.375s] -- Up-to-date: /home/hrishikesh/projects/turtle_sim_project/install/hh_tt_interfaces/share/hh_tt_interfaces/cmake/export_hh_tt_interfaces__rosidl_typesupport_fastrtps_cExport-noconfig.cmake
[0.375s] -- Up-to-date: /home/hrishikesh/projects/turtle_sim_project/install/hh_tt_interfaces/share/hh_tt_interfaces/cmake/hh_tt_interfaces__rosidl_typesupport_introspection_cExport.cmake
[0.375s] -- Up-to-date: /home/hrishikesh/projects/turtle_sim_project/install/hh_tt_interfaces/share/hh_tt_interfaces/cmake/hh_tt_interfaces__rosidl_typesupport_introspection_cExport-noconfig.cmake
[0.375s] -- Up-to-date: /home/hrishikesh/projects/turtle_sim_project/install/hh_tt_interfaces/share/hh_tt_interfaces/cmake/hh_tt_interfaces__rosidl_typesupport_cExport.cmake
[0.375s] -- Up-to-date: /home/hrishikesh/projects/turtle_sim_project/install/hh_tt_interfaces/share/hh_tt_interfaces/cmake/hh_tt_interfaces__rosidl_typesupport_cExport-noconfig.cmake
[0.375s] -- Up-to-date: /home/hrishikesh/projects/turtle_sim_project/install/hh_tt_interfaces/share/hh_tt_interfaces/cmake/export_hh_tt_interfaces__rosidl_generator_cppExport.cmake
[0.375s] -- Up-to-date: /home/hrishikesh/projects/turtle_sim_project/install/hh_tt_interfaces/share/hh_tt_interfaces/cmake/export_hh_tt_interfaces__rosidl_typesupport_fastrtps_cppExport.cmake
[0.375s] -- Up-to-date: /home/hrishikesh/projects/turtle_sim_project/install/hh_tt_interfaces/share/hh_tt_interfaces/cmake/export_hh_tt_interfaces__rosidl_typesupport_fastrtps_cppExport-noconfig.cmake
[0.375s] -- Up-to-date: /home/hrishikesh/projects/turtle_sim_project/install/hh_tt_interfaces/share/hh_tt_interfaces/cmake/hh_tt_interfaces__rosidl_typesupport_introspection_cppExport.cmake
[0.375s] -- Up-to-date: /home/hrishikesh/projects/turtle_sim_project/install/hh_tt_interfaces/share/hh_tt_interfaces/cmake/hh_tt_interfaces__rosidl_typesupport_introspection_cppExport-noconfig.cmake
[0.375s] -- Up-to-date: /home/hrishikesh/projects/turtle_sim_project/install/hh_tt_interfaces/share/hh_tt_interfaces/cmake/hh_tt_interfaces__rosidl_typesupport_cppExport.cmake
[0.375s] -- Up-to-date: /home/hrishikesh/projects/turtle_sim_project/install/hh_tt_interfaces/share/hh_tt_interfaces/cmake/hh_tt_interfaces__rosidl_typesupport_cppExport-noconfig.cmake
[0.375s] -- Up-to-date: /home/hrishikesh/projects/turtle_sim_project/install/hh_tt_interfaces/share/hh_tt_interfaces/cmake/export_hh_tt_interfaces__rosidl_generator_pyExport.cmake
[0.375s] -- Up-to-date: /home/hrishikesh/projects/turtle_sim_project/install/hh_tt_interfaces/share/hh_tt_interfaces/cmake/export_hh_tt_interfaces__rosidl_generator_pyExport-noconfig.cmake
[0.375s] -- Up-to-date: /home/hrishikesh/projects/turtle_sim_project/install/hh_tt_interfaces/share/hh_tt_interfaces/cmake/rosidl_cmake-extras.cmake
[0.375s] -- Up-to-date: /home/hrishikesh/projects/turtle_sim_project/install/hh_tt_interfaces/share/hh_tt_interfaces/cmake/ament_cmake_export_include_directories-extras.cmake
[0.375s] -- Up-to-date: /home/hrishikesh/projects/turtle_sim_project/install/hh_tt_interfaces/share/hh_tt_interfaces/cmake/ament_cmake_export_libraries-extras.cmake
[0.375s] -- Up-to-date: /home/hrishikesh/projects/turtle_sim_project/install/hh_tt_interfaces/share/hh_tt_interfaces/cmake/ament_cmake_export_targets-extras.cmake
[0.375s] -- Up-to-date: /home/hrishikesh/projects/turtle_sim_project/install/hh_tt_interfaces/share/hh_tt_interfaces/cmake/rosidl_cmake_export_typesupport_targets-extras.cmake
[0.375s] -- Up-to-date: /home/hrishikesh/projects/turtle_sim_project/install/hh_tt_interfaces/share/hh_tt_interfaces/cmake/ament_cmake_export_dependencies-extras.cmake
[0.375s] -- Up-to-date: /home/hrishikesh/projects/turtle_sim_project/install/hh_tt_interfaces/share/hh_tt_interfaces/cmake/rosidl_cmake_export_typesupport_libraries-extras.cmake
[0.375s] -- Up-to-date: /home/hrishikesh/projects/turtle_sim_project/install/hh_tt_interfaces/share/hh_tt_interfaces/cmake/hh_tt_interfacesConfig.cmake
[0.375s] -- Up-to-date: /home/hrishikesh/projects/turtle_sim_project/install/hh_tt_interfaces/share/hh_tt_interfaces/cmake/hh_tt_interfacesConfig-version.cmake
[0.375s] -- Up-to-date: /home/hrishikesh/projects/turtle_sim_project/install/hh_tt_interfaces/share/hh_tt_interfaces/package.xml
[0.377s] Invoked command in '/home/hrishikesh/projects/turtle_sim_project/build/hh_tt_interfaces' returned '0': CMAKE_PREFIX_PATH=${CMAKE_PREFIX_PATH}:/home/hrishikesh/projects/turtle_sim_project/install/hh_turtle_bot:/home/hrishikesh/projects/ros_2/install/hh_py_pkg:/opt/ros/humble /usr/bin/cmake --install /home/hrishikesh/projects/turtle_sim_project/build/hh_tt_interfaces
