[0.009s] Invoking command in '/home/hrishikesh/projects/turtle_sim_project/build/hh_tt_interfaces': CMAKE_PREFIX_PATH=${CMAKE_PREFIX_PATH}:/home/hrishikesh/projects/turtle_sim_project/install/hh_turtle_bot:/home/hrishikesh/projects/ros_2/install/hh_py_pkg:/opt/ros/humble /usr/bin/cmake --build /home/hrishikesh/projects/turtle_sim_project/build/hh_tt_interfaces -- -j24 -l24
[0.023s] -- Found ament_cmake: 1.3.9 (/opt/ros/humble/share/ament_cmake/cmake)
[0.098s] -- Found rosidl_default_generators: 1.2.0 (/opt/ros/humble/share/rosidl_default_generators/cmake)
[0.099s] -- Using all available rosidl_typesupport_c: rosidl_typesupport_fastrtps_c;rosidl_typesupport_introspection_c
[0.100s] -- Found rosidl_adapter: 3.1.5 (/opt/ros/humble/share/rosidl_adapter/cmake)
[0.118s] -- Using all available rosidl_typesupport_cpp: rosidl_typesupport_fastrtps_cpp;rosidl_typesupport_introspection_cpp
[0.278s] -- Found ament_cmake_ros: 0.10.0 (/opt/ros/humble/share/ament_cmake_ros/cmake)
[0.385s] -- Using all available rosidl_typesupport_c: rosidl_typesupport_fastrtps_c;rosidl_typesupport_introspection_c
[0.529s] -- Using all available rosidl_typesupport_cpp: rosidl_typesupport_fastrtps_cpp;rosidl_typesupport_introspection_cpp
[0.543s] -- Found python_cmake_module: 0.10.0 (/opt/ros/humble/share/python_cmake_module/cmake)
[0.558s] -- Using PYTHON_EXECUTABLE: /usr/bin/python3
[0.558s] -- Using PYTHON_INCLUDE_DIRS: /usr/include/python3.10
[0.558s] -- Using PYTHON_LIBRARIES: /usr/lib/x86_64-linux-gnu/libpython3.10.so
[0.566s] -- Configuring done
[0.580s] -- Generating done
[0.581s] -- Build files have been written to: /home/hrishikesh/projects/turtle_sim_project/build/hh_tt_interfaces
[0.595s] [35m[1mConsolidate compiler generated dependencies of target hh_tt_interfaces__rosidl_generator_c[0m
[0.601s] [  2%] Built target hh_tt_interfaces__cpp
[0.601s] [ 12%] Built target hh_tt_interfaces__rosidl_generator_c
[0.607s] [ 12%] Built target ament_cmake_python_copy_hh_tt_interfaces
[0.608s] [35m[1mConsolidate compiler generated dependencies of target hh_tt_interfaces__rosidl_typesupport_introspection_cpp[0m
[0.608s] [35m[1mConsolidate compiler generated dependencies of target hh_tt_interfaces__rosidl_typesupport_cpp[0m
[0.609s] [35m[1mConsolidate compiler generated dependencies of target hh_tt_interfaces__rosidl_typesupport_fastrtps_cpp[0m
[0.609s] [35m[1mConsolidate compiler generated dependencies of target hh_tt_interfaces__rosidl_typesupport_introspection_c[0m
[0.609s] [35m[1mConsolidate compiler generated dependencies of target hh_tt_interfaces__rosidl_typesupport_fastrtps_c[0m
[0.609s] [35m[1mConsolidate compiler generated dependencies of target hh_tt_interfaces__rosidl_typesupport_c[0m
[0.623s] [ 23%] Built target hh_tt_interfaces__rosidl_typesupport_introspection_c
[0.624s] [ 33%] Built target hh_tt_interfaces__rosidl_typesupport_c
[0.625s] [ 43%] Built target hh_tt_interfaces__rosidl_typesupport_fastrtps_cpp
[0.625s] [ 53%] Built target hh_tt_interfaces__rosidl_typesupport_cpp
[0.625s] [ 64%] Built target hh_tt_interfaces__rosidl_typesupport_introspection_cpp
[0.625s] [ 74%] Built target hh_tt_interfaces__rosidl_typesupport_fastrtps_c
[0.638s] [ 74%] Built target hh_tt_interfaces
[0.650s] [ 76%] Built target hh_tt_interfaces__py
[0.656s] [35m[1mConsolidate compiler generated dependencies of target hh_tt_interfaces__rosidl_generator_py[0m
[0.665s] [ 84%] Built target hh_tt_interfaces__rosidl_generator_py
[0.671s] [35m[1mConsolidate compiler generated dependencies of target hh_tt_interfaces__rosidl_typesupport_introspection_c__pyext[0m
[0.671s] [35m[1mConsolidate compiler generated dependencies of target hh_tt_interfaces__rosidl_typesupport_c__pyext[0m
[0.671s] [35m[1mConsolidate compiler generated dependencies of target hh_tt_interfaces__rosidl_typesupport_fastrtps_c__pyext[0m
[0.679s] [100%] Built target hh_tt_interfaces__rosidl_typesupport_fastrtps_c__pyext
[0.679s] [100%] Built target hh_tt_interfaces__rosidl_typesupport_c__pyext
[0.679s] [100%] Built target hh_tt_interfaces__rosidl_typesupport_introspection_c__pyext
[0.741s] running egg_info
[0.741s] writing hh_tt_interfaces.egg-info/PKG-INFO
[0.742s] writing dependency_links to hh_tt_interfaces.egg-info/dependency_links.txt
[0.742s] writing top-level names to hh_tt_interfaces.egg-info/top_level.txt
[0.743s] reading manifest file 'hh_tt_interfaces.egg-info/SOURCES.txt'
[0.743s] writing manifest file 'hh_tt_interfaces.egg-info/SOURCES.txt'
[0.759s] [100%] Built target ament_cmake_python_build_hh_tt_interfaces_egg
[0.767s] Invoked command in '/home/hrishikesh/projects/turtle_sim_project/build/hh_tt_interfaces' returned '0': CMAKE_PREFIX_PATH=${CMAKE_PREFIX_PATH}:/home/hrishikesh/projects/turtle_sim_project/install/hh_turtle_bot:/home/hrishikesh/projects/ros_2/install/hh_py_pkg:/opt/ros/humble /usr/bin/cmake --build /home/hrishikesh/projects/turtle_sim_project/build/hh_tt_interfaces -- -j24 -l24
[0.851s] Invoking command in '/home/hrishikesh/projects/turtle_sim_project/build/hh_tt_interfaces': CMAKE_PREFIX_PATH=${CMAKE_PREFIX_PATH}:/home/hrishikesh/projects/turtle_sim_project/install/hh_turtle_bot:/home/hrishikesh/projects/ros_2/install/hh_py_pkg:/opt/ros/humble /usr/bin/cmake --install /home/hrishikesh/projects/turtle_sim_project/build/hh_tt_interfaces
[0.863s] -- Install configuration: ""
[0.864s] -- Up-to-date: /home/hrishikesh/projects/turtle_sim_project/install/hh_tt_interfaces/share/ament_index/resource_index/rosidl_interfaces/hh_tt_interfaces
[0.864s] -- Up-to-date: /home/hrishikesh/projects/turtle_sim_project/install/hh_tt_interfaces/include/hh_tt_interfaces/hh_tt_interfaces
[0.864s] -- Up-to-date: /home/hrishikesh/projects/turtle_sim_project/install/hh_tt_interfaces/include/hh_tt_interfaces/hh_tt_interfaces/msg
[0.864s] -- Up-to-date: /home/hrishikesh/projects/turtle_sim_project/install/hh_tt_interfaces/include/hh_tt_interfaces/hh_tt_interfaces/msg/detail
[0.865s] -- Up-to-date: /home/hrishikesh/projects/turtle_sim_project/install/hh_tt_interfaces/include/hh_tt_interfaces/hh_tt_interfaces/msg/detail/turtle_array__functions.h
[0.865s] -- Up-to-date: /home/hrishikesh/projects/turtle_sim_project/install/hh_tt_interfaces/include/hh_tt_interfaces/hh_tt_interfaces/msg/detail/turtle_array__struct.h
[0.865s] -- Up-to-date: /home/hrishikesh/projects/turtle_sim_project/install/hh_tt_interfaces/include/hh_tt_interfaces/hh_tt_interfaces/msg/detail/turtle__functions.h
[0.865s] -- Up-to-date: /home/hrishikesh/projects/turtle_sim_project/install/hh_tt_interfaces/include/hh_tt_interfaces/hh_tt_interfaces/msg/detail/turtle_array__functions.c
[0.865s] -- Up-to-date: /home/hrishikesh/projects/turtle_sim_project/install/hh_tt_interfaces/include/hh_tt_interfaces/hh_tt_interfaces/msg/detail/turtle__struct.h
[0.866s] -- Up-to-date: /home/hrishikesh/projects/turtle_sim_project/install/hh_tt_interfaces/include/hh_tt_interfaces/hh_tt_interfaces/msg/detail/turtle_array__type_support.h
[0.866s] -- Up-to-date: /home/hrishikesh/projects/turtle_sim_project/install/hh_tt_interfaces/include/hh_tt_interfaces/hh_tt_interfaces/msg/detail/turtle__functions.c
[0.866s] -- Up-to-date: /home/hrishikesh/projects/turtle_sim_project/install/hh_tt_interfaces/include/hh_tt_interfaces/hh_tt_interfaces/msg/detail/turtle__type_support.h
[0.866s] -- Up-to-date: /home/hrishikesh/projects/turtle_sim_project/install/hh_tt_interfaces/include/hh_tt_interfaces/hh_tt_interfaces/msg/rosidl_generator_c__visibility_control.h
[0.866s] -- Up-to-date: /home/hrishikesh/projects/turtle_sim_project/install/hh_tt_interfaces/include/hh_tt_interfaces/hh_tt_interfaces/msg/turtle.h
[0.866s] -- Up-to-date: /home/hrishikesh/projects/turtle_sim_project/install/hh_tt_interfaces/include/hh_tt_interfaces/hh_tt_interfaces/msg/turtle_array.h
[0.867s] -- Up-to-date: /home/hrishikesh/projects/turtle_sim_project/install/hh_tt_interfaces/share/hh_tt_interfaces/environment/library_path.sh
[0.867s] -- Installing: /home/hrishikesh/projects/turtle_sim_project/install/hh_tt_interfaces/share/hh_tt_interfaces/environment/library_path.dsv
[0.867s] -- Up-to-date: /home/hrishikesh/projects/turtle_sim_project/install/hh_tt_interfaces/lib/libhh_tt_interfaces__rosidl_generator_c.so
[0.867s] -- Up-to-date: /home/hrishikesh/projects/turtle_sim_project/install/hh_tt_interfaces/include/hh_tt_interfaces/hh_tt_interfaces
[0.867s] -- Up-to-date: /home/hrishikesh/projects/turtle_sim_project/install/hh_tt_interfaces/include/hh_tt_interfaces/hh_tt_interfaces/msg
[0.867s] -- Up-to-date: /home/hrishikesh/projects/turtle_sim_project/install/hh_tt_interfaces/include/hh_tt_interfaces/hh_tt_interfaces/msg/rosidl_typesupport_fastrtps_c__visibility_control.h
[0.867s] -- Up-to-date: /home/hrishikesh/projects/turtle_sim_project/install/hh_tt_interfaces/include/hh_tt_interfaces/hh_tt_interfaces/msg/detail
[0.868s] -- Up-to-date: /home/hrishikesh/projects/turtle_sim_project/install/hh_tt_interfaces/include/hh_tt_interfaces/hh_tt_interfaces/msg/detail/turtle__rosidl_typesupport_fastrtps_c.h
[0.868s] -- Up-to-date: /home/hrishikesh/projects/turtle_sim_project/install/hh_tt_interfaces/include/hh_tt_interfaces/hh_tt_interfaces/msg/detail/turtle_array__rosidl_typesupport_fastrtps_c.h
[0.868s] -- Up-to-date: /home/hrishikesh/projects/turtle_sim_project/install/hh_tt_interfaces/lib/libhh_tt_interfaces__rosidl_typesupport_fastrtps_c.so
[0.868s] -- Up-to-date: /home/hrishikesh/projects/turtle_sim_project/install/hh_tt_interfaces/include/hh_tt_interfaces/hh_tt_interfaces
[0.868s] -- Up-to-date: /home/hrishikesh/projects/turtle_sim_project/install/hh_tt_interfaces/include/hh_tt_interfaces/hh_tt_interfaces/msg
[0.868s] -- Up-to-date: /home/hrishikesh/projects/turtle_sim_project/install/hh_tt_interfaces/include/hh_tt_interfaces/hh_tt_interfaces/msg/detail
[0.868s] -- Up-to-date: /home/hrishikesh/projects/turtle_sim_project/install/hh_tt_interfaces/include/hh_tt_interfaces/hh_tt_interfaces/msg/detail/turtle__rosidl_typesupport_introspection_c.h
[0.868s] -- Up-to-date: /home/hrishikesh/projects/turtle_sim_project/install/hh_tt_interfaces/include/hh_tt_interfaces/hh_tt_interfaces/msg/detail/turtle__type_support.c
[0.868s] -- Up-to-date: /home/hrishikesh/projects/turtle_sim_project/install/hh_tt_interfaces/include/hh_tt_interfaces/hh_tt_interfaces/msg/detail/turtle_array__rosidl_typesupport_introspection_c.h
[0.868s] -- Up-to-date: /home/hrishikesh/projects/turtle_sim_project/install/hh_tt_interfaces/include/hh_tt_interfaces/hh_tt_interfaces/msg/detail/turtle_array__type_support.c
[0.868s] -- Up-to-date: /home/hrishikesh/projects/turtle_sim_project/install/hh_tt_interfaces/include/hh_tt_interfaces/hh_tt_interfaces/msg/rosidl_typesupport_introspection_c__visibility_control.h
[0.868s] -- Up-to-date: /home/hrishikesh/projects/turtle_sim_project/install/hh_tt_interfaces/lib/libhh_tt_interfaces__rosidl_typesupport_introspection_c.so
[0.868s] -- Up-to-date: /home/hrishikesh/projects/turtle_sim_project/install/hh_tt_interfaces/lib/libhh_tt_interfaces__rosidl_typesupport_c.so
[0.868s] -- Up-to-date: /home/hrishikesh/projects/turtle_sim_project/install/hh_tt_interfaces/include/hh_tt_interfaces/hh_tt_interfaces
[0.868s] -- Up-to-date: /home/hrishikesh/projects/turtle_sim_project/install/hh_tt_interfaces/include/hh_tt_interfaces/hh_tt_interfaces/msg
[0.868s] -- Up-to-date: /home/hrishikesh/projects/turtle_sim_project/install/hh_tt_interfaces/include/hh_tt_interfaces/hh_tt_interfaces/msg/turtle_array.hpp
[0.868s] -- Up-to-date: /home/hrishikesh/projects/turtle_sim_project/install/hh_tt_interfaces/include/hh_tt_interfaces/hh_tt_interfaces/msg/turtle.hpp
[0.869s] -- Up-to-date: /home/hrishikesh/projects/turtle_sim_project/install/hh_tt_interfaces/include/hh_tt_interfaces/hh_tt_interfaces/msg/detail
[0.869s] -- Up-to-date: /home/hrishikesh/projects/turtle_sim_project/install/hh_tt_interfaces/include/hh_tt_interfaces/hh_tt_interfaces/msg/detail/turtle_array__struct.hpp
[0.869s] -- Up-to-date: /home/hrishikesh/projects/turtle_sim_project/install/hh_tt_interfaces/include/hh_tt_interfaces/hh_tt_interfaces/msg/detail/turtle__struct.hpp
[0.869s] -- Up-to-date: /home/hrishikesh/projects/turtle_sim_project/install/hh_tt_interfaces/include/hh_tt_interfaces/hh_tt_interfaces/msg/detail/turtle__traits.hpp
[0.869s] -- Up-to-date: /home/hrishikesh/projects/turtle_sim_project/install/hh_tt_interfaces/include/hh_tt_interfaces/hh_tt_interfaces/msg/detail/turtle_array__builder.hpp
[0.869s] -- Up-to-date: /home/hrishikesh/projects/turtle_sim_project/install/hh_tt_interfaces/include/hh_tt_interfaces/hh_tt_interfaces/msg/detail/turtle__builder.hpp
[0.869s] -- Up-to-date: /home/hrishikesh/projects/turtle_sim_project/install/hh_tt_interfaces/include/hh_tt_interfaces/hh_tt_interfaces/msg/detail/turtle_array__traits.hpp
[0.869s] -- Up-to-date: /home/hrishikesh/projects/turtle_sim_project/install/hh_tt_interfaces/include/hh_tt_interfaces/hh_tt_interfaces
[0.869s] -- Up-to-date: /home/hrishikesh/projects/turtle_sim_project/install/hh_tt_interfaces/include/hh_tt_interfaces/hh_tt_interfaces/msg
[0.869s] -- Up-to-date: /home/hrishikesh/projects/turtle_sim_project/install/hh_tt_interfaces/include/hh_tt_interfaces/hh_tt_interfaces/msg/detail
[0.869s] -- Up-to-date: /home/hrishikesh/projects/turtle_sim_project/install/hh_tt_interfaces/include/hh_tt_interfaces/hh_tt_interfaces/msg/detail/dds_fastrtps
[0.869s] -- Up-to-date: /home/hrishikesh/projects/turtle_sim_project/install/hh_tt_interfaces/include/hh_tt_interfaces/hh_tt_interfaces/msg/detail/turtle_array__rosidl_typesupport_fastrtps_cpp.hpp
[0.869s] -- Up-to-date: /home/hrishikesh/projects/turtle_sim_project/install/hh_tt_interfaces/include/hh_tt_interfaces/hh_tt_interfaces/msg/detail/turtle__rosidl_typesupport_fastrtps_cpp.hpp
[0.869s] -- Up-to-date: /home/hrishikesh/projects/turtle_sim_project/install/hh_tt_interfaces/include/hh_tt_interfaces/hh_tt_interfaces/msg/rosidl_typesupport_fastrtps_cpp__visibility_control.h
[0.869s] -- Up-to-date: /home/hrishikesh/projects/turtle_sim_project/install/hh_tt_interfaces/lib/libhh_tt_interfaces__rosidl_typesupport_fastrtps_cpp.so
[0.869s] -- Up-to-date: /home/hrishikesh/projects/turtle_sim_project/install/hh_tt_interfaces/include/hh_tt_interfaces/hh_tt_interfaces
[0.869s] -- Up-to-date: /home/hrishikesh/projects/turtle_sim_project/install/hh_tt_interfaces/include/hh_tt_interfaces/hh_tt_interfaces/msg
[0.869s] -- Up-to-date: /home/hrishikesh/projects/turtle_sim_project/install/hh_tt_interfaces/include/hh_tt_interfaces/hh_tt_interfaces/msg/detail
[0.869s] -- Up-to-date: /home/hrishikesh/projects/turtle_sim_project/install/hh_tt_interfaces/include/hh_tt_interfaces/hh_tt_interfaces/msg/detail/turtle__type_support.cpp
[0.869s] -- Up-to-date: /home/hrishikesh/projects/turtle_sim_project/install/hh_tt_interfaces/include/hh_tt_interfaces/hh_tt_interfaces/msg/detail/turtle_array__type_support.cpp
[0.869s] -- Up-to-date: /home/hrishikesh/projects/turtle_sim_project/install/hh_tt_interfaces/include/hh_tt_interfaces/hh_tt_interfaces/msg/detail/turtle__rosidl_typesupport_introspection_cpp.hpp
[0.869s] -- Up-to-date: /home/hrishikesh/projects/turtle_sim_project/install/hh_tt_interfaces/include/hh_tt_interfaces/hh_tt_interfaces/msg/detail/turtle_array__rosidl_typesupport_introspection_cpp.hpp
[0.869s] -- Up-to-date: /home/hrishikesh/projects/turtle_sim_project/install/hh_tt_interfaces/lib/libhh_tt_interfaces__rosidl_typesupport_introspection_cpp.so
[0.869s] -- Up-to-date: /home/hrishikesh/projects/turtle_sim_project/install/hh_tt_interfaces/lib/libhh_tt_interfaces__rosidl_typesupport_cpp.so
[0.869s] -- Up-to-date: /home/hrishikesh/projects/turtle_sim_project/install/hh_tt_interfaces/share/hh_tt_interfaces/environment/pythonpath.sh
[0.870s] -- Installing: /home/hrishikesh/projects/turtle_sim_project/install/hh_tt_interfaces/share/hh_tt_interfaces/environment/pythonpath.dsv
[0.870s] -- Up-to-date: /home/hrishikesh/projects/turtle_sim_project/install/hh_tt_interfaces/local/lib/python3.10/dist-packages/hh_tt_interfaces-0.0.0-py3.10.egg-info
[0.870s] -- Installing: /home/hrishikesh/projects/turtle_sim_project/install/hh_tt_interfaces/local/lib/python3.10/dist-packages/hh_tt_interfaces-0.0.0-py3.10.egg-info/PKG-INFO
[0.870s] -- Installing: /home/hrishikesh/projects/turtle_sim_project/install/hh_tt_interfaces/local/lib/python3.10/dist-packages/hh_tt_interfaces-0.0.0-py3.10.egg-info/SOURCES.txt
[0.870s] -- Installing: /home/hrishikesh/projects/turtle_sim_project/install/hh_tt_interfaces/local/lib/python3.10/dist-packages/hh_tt_interfaces-0.0.0-py3.10.egg-info/dependency_links.txt
[0.870s] -- Installing: /home/hrishikesh/projects/turtle_sim_project/install/hh_tt_interfaces/local/lib/python3.10/dist-packages/hh_tt_interfaces-0.0.0-py3.10.egg-info/top_level.txt
[0.870s] -- Up-to-date: /home/hrishikesh/projects/turtle_sim_project/install/hh_tt_interfaces/local/lib/python3.10/dist-packages/hh_tt_interfaces
[0.870s] -- Up-to-date: /home/hrishikesh/projects/turtle_sim_project/install/hh_tt_interfaces/local/lib/python3.10/dist-packages/hh_tt_interfaces/hh_tt_interfaces_s__rosidl_typesupport_c.cpython-310-x86_64-linux-gnu.so
[0.870s] -- Up-to-date: /home/hrishikesh/projects/turtle_sim_project/install/hh_tt_interfaces/local/lib/python3.10/dist-packages/hh_tt_interfaces/hh_tt_interfaces_s__rosidl_typesupport_fastrtps_c.cpython-310-x86_64-linux-gnu.so
[0.870s] -- Up-to-date: /home/hrishikesh/projects/turtle_sim_project/install/hh_tt_interfaces/local/lib/python3.10/dist-packages/hh_tt_interfaces/_hh_tt_interfaces_s.ep.rosidl_typesupport_c.c
[0.870s] -- Installing: /home/hrishikesh/projects/turtle_sim_project/install/hh_tt_interfaces/local/lib/python3.10/dist-packages/hh_tt_interfaces/__init__.py
[0.870s] -- Up-to-date: /home/hrishikesh/projects/turtle_sim_project/install/hh_tt_interfaces/local/lib/python3.10/dist-packages/hh_tt_interfaces/hh_tt_interfaces_s__rosidl_typesupport_introspection_c.cpython-310-x86_64-linux-gnu.so
[0.870s] -- Up-to-date: /home/hrishikesh/projects/turtle_sim_project/install/hh_tt_interfaces/local/lib/python3.10/dist-packages/hh_tt_interfaces/_hh_tt_interfaces_s.ep.rosidl_typesupport_introspection_c.c
[0.870s] -- Up-to-date: /home/hrishikesh/projects/turtle_sim_project/install/hh_tt_interfaces/local/lib/python3.10/dist-packages/hh_tt_interfaces/msg
[0.870s] -- Up-to-date: /home/hrishikesh/projects/turtle_sim_project/install/hh_tt_interfaces/local/lib/python3.10/dist-packages/hh_tt_interfaces/msg/_turtle_s.c
[0.870s] -- Up-to-date: /home/hrishikesh/projects/turtle_sim_project/install/hh_tt_interfaces/local/lib/python3.10/dist-packages/hh_tt_interfaces/msg/_turtle_array.py
[0.870s] -- Up-to-date: /home/hrishikesh/projects/turtle_sim_project/install/hh_tt_interfaces/local/lib/python3.10/dist-packages/hh_tt_interfaces/msg/__init__.py
[0.870s] -- Up-to-date: /home/hrishikesh/projects/turtle_sim_project/install/hh_tt_interfaces/local/lib/python3.10/dist-packages/hh_tt_interfaces/msg/_turtle_array_s.c
[0.870s] -- Up-to-date: /home/hrishikesh/projects/turtle_sim_project/install/hh_tt_interfaces/local/lib/python3.10/dist-packages/hh_tt_interfaces/msg/_turtle.py
[0.870s] -- Up-to-date: /home/hrishikesh/projects/turtle_sim_project/install/hh_tt_interfaces/local/lib/python3.10/dist-packages/hh_tt_interfaces/_hh_tt_interfaces_s.ep.rosidl_typesupport_fastrtps_c.c
[0.871s] -- Up-to-date: /home/hrishikesh/projects/turtle_sim_project/install/hh_tt_interfaces/local/lib/python3.10/dist-packages/hh_tt_interfaces/libhh_tt_interfaces__rosidl_generator_py.so
[0.888s] Listing '/home/hrishikesh/projects/turtle_sim_project/install/hh_tt_interfaces/local/lib/python3.10/dist-packages/hh_tt_interfaces'...
[0.888s] Compiling '/home/hrishikesh/projects/turtle_sim_project/install/hh_tt_interfaces/local/lib/python3.10/dist-packages/hh_tt_interfaces/__init__.py'...
[0.888s] Listing '/home/hrishikesh/projects/turtle_sim_project/install/hh_tt_interfaces/local/lib/python3.10/dist-packages/hh_tt_interfaces/msg'...
[0.891s] -- Up-to-date: /home/hrishikesh/projects/turtle_sim_project/install/hh_tt_interfaces/local/lib/python3.10/dist-packages/hh_tt_interfaces/hh_tt_interfaces_s__rosidl_typesupport_fastrtps_c.cpython-310-x86_64-linux-gnu.so
[0.891s] -- Up-to-date: /home/hrishikesh/projects/turtle_sim_project/install/hh_tt_interfaces/local/lib/python3.10/dist-packages/hh_tt_interfaces/hh_tt_interfaces_s__rosidl_typesupport_introspection_c.cpython-310-x86_64-linux-gnu.so
[0.891s] -- Up-to-date: /home/hrishikesh/projects/turtle_sim_project/install/hh_tt_interfaces/local/lib/python3.10/dist-packages/hh_tt_interfaces/hh_tt_interfaces_s__rosidl_typesupport_c.cpython-310-x86_64-linux-gnu.so
[0.891s] -- Up-to-date: /home/hrishikesh/projects/turtle_sim_project/install/hh_tt_interfaces/lib/libhh_tt_interfaces__rosidl_generator_py.so
[0.891s] -- Up-to-date: /home/hrishikesh/projects/turtle_sim_project/install/hh_tt_interfaces/share/hh_tt_interfaces/msg/Turtle.idl
[0.891s] -- Up-to-date: /home/hrishikesh/projects/turtle_sim_project/install/hh_tt_interfaces/share/hh_tt_interfaces/msg/TurtleArray.idl
[0.891s] -- Up-to-date: /home/hrishikesh/projects/turtle_sim_project/install/hh_tt_interfaces/share/hh_tt_interfaces/msg/Turtle.msg
[0.891s] -- Up-to-date: /home/hrishikesh/projects/turtle_sim_project/install/hh_tt_interfaces/share/hh_tt_interfaces/msg/TurtleArray.msg
[0.891s] -- Up-to-date: /home/hrishikesh/projects/turtle_sim_project/install/hh_tt_interfaces/share/ament_index/resource_index/package_run_dependencies/hh_tt_interfaces
[0.891s] -- Up-to-date: /home/hrishikesh/projects/turtle_sim_project/install/hh_tt_interfaces/share/ament_index/resource_index/parent_prefix_path/hh_tt_interfaces
[0.891s] -- Up-to-date: /home/hrishikesh/projects/turtle_sim_project/install/hh_tt_interfaces/share/hh_tt_interfaces/environment/ament_prefix_path.sh
[0.891s] -- Installing: /home/hrishikesh/projects/turtle_sim_project/install/hh_tt_interfaces/share/hh_tt_interfaces/environment/ament_prefix_path.dsv
[0.891s] -- Up-to-date: /home/hrishikesh/projects/turtle_sim_project/install/hh_tt_interfaces/share/hh_tt_interfaces/environment/path.sh
[0.891s] -- Installing: /home/hrishikesh/projects/turtle_sim_project/install/hh_tt_interfaces/share/hh_tt_interfaces/environment/path.dsv
[0.891s] -- Up-to-date: /home/hrishikesh/projects/turtle_sim_project/install/hh_tt_interfaces/share/hh_tt_interfaces/local_setup.bash
[0.892s] -- Up-to-date: /home/hrishikesh/projects/turtle_sim_project/install/hh_tt_interfaces/share/hh_tt_interfaces/local_setup.sh
[0.892s] -- Up-to-date: /home/hrishikesh/projects/turtle_sim_project/install/hh_tt_interfaces/share/hh_tt_interfaces/local_setup.zsh
[0.892s] -- Installing: /home/hrishikesh/projects/turtle_sim_project/install/hh_tt_interfaces/share/hh_tt_interfaces/local_setup.dsv
[0.892s] -- Installing: /home/hrishikesh/projects/turtle_sim_project/install/hh_tt_interfaces/share/hh_tt_interfaces/package.dsv
[0.892s] -- Up-to-date: /home/hrishikesh/projects/turtle_sim_project/install/hh_tt_interfaces/share/ament_index/resource_index/packages/hh_tt_interfaces
[0.892s] -- Up-to-date: /home/hrishikesh/projects/turtle_sim_project/install/hh_tt_interfaces/share/hh_tt_interfaces/cmake/export_hh_tt_interfaces__rosidl_generator_cExport.cmake
[0.892s] -- Up-to-date: /home/hrishikesh/projects/turtle_sim_project/install/hh_tt_interfaces/share/hh_tt_interfaces/cmake/export_hh_tt_interfaces__rosidl_generator_cExport-noconfig.cmake
[0.892s] -- Up-to-date: /home/hrishikesh/projects/turtle_sim_project/install/hh_tt_interfaces/share/hh_tt_interfaces/cmake/export_hh_tt_interfaces__rosidl_typesupport_fastrtps_cExport.cmake
[0.892s] -- Up-to-date: /home/hrishikesh/projects/turtle_sim_project/install/hh_tt_interfaces/share/hh_tt_interfaces/cmake/export_hh_tt_interfaces__rosidl_typesupport_fastrtps_cExport-noconfig.cmake
[0.892s] -- Up-to-date: /home/hrishikesh/projects/turtle_sim_project/install/hh_tt_interfaces/share/hh_tt_interfaces/cmake/hh_tt_interfaces__rosidl_typesupport_introspection_cExport.cmake
[0.892s] -- Up-to-date: /home/hrishikesh/projects/turtle_sim_project/install/hh_tt_interfaces/share/hh_tt_interfaces/cmake/hh_tt_interfaces__rosidl_typesupport_introspection_cExport-noconfig.cmake
[0.892s] -- Up-to-date: /home/hrishikesh/projects/turtle_sim_project/install/hh_tt_interfaces/share/hh_tt_interfaces/cmake/hh_tt_interfaces__rosidl_typesupport_cExport.cmake
[0.892s] -- Up-to-date: /home/hrishikesh/projects/turtle_sim_project/install/hh_tt_interfaces/share/hh_tt_interfaces/cmake/hh_tt_interfaces__rosidl_typesupport_cExport-noconfig.cmake
[0.892s] -- Up-to-date: /home/hrishikesh/projects/turtle_sim_project/install/hh_tt_interfaces/share/hh_tt_interfaces/cmake/export_hh_tt_interfaces__rosidl_generator_cppExport.cmake
[0.892s] -- Up-to-date: /home/hrishikesh/projects/turtle_sim_project/install/hh_tt_interfaces/share/hh_tt_interfaces/cmake/export_hh_tt_interfaces__rosidl_typesupport_fastrtps_cppExport.cmake
[0.892s] -- Up-to-date: /home/hrishikesh/projects/turtle_sim_project/install/hh_tt_interfaces/share/hh_tt_interfaces/cmake/export_hh_tt_interfaces__rosidl_typesupport_fastrtps_cppExport-noconfig.cmake
[0.892s] -- Up-to-date: /home/hrishikesh/projects/turtle_sim_project/install/hh_tt_interfaces/share/hh_tt_interfaces/cmake/hh_tt_interfaces__rosidl_typesupport_introspection_cppExport.cmake
[0.892s] -- Up-to-date: /home/hrishikesh/projects/turtle_sim_project/install/hh_tt_interfaces/share/hh_tt_interfaces/cmake/hh_tt_interfaces__rosidl_typesupport_introspection_cppExport-noconfig.cmake
[0.892s] -- Up-to-date: /home/hrishikesh/projects/turtle_sim_project/install/hh_tt_interfaces/share/hh_tt_interfaces/cmake/hh_tt_interfaces__rosidl_typesupport_cppExport.cmake
[0.892s] -- Up-to-date: /home/hrishikesh/projects/turtle_sim_project/install/hh_tt_interfaces/share/hh_tt_interfaces/cmake/hh_tt_interfaces__rosidl_typesupport_cppExport-noconfig.cmake
[0.892s] -- Up-to-date: /home/hrishikesh/projects/turtle_sim_project/install/hh_tt_interfaces/share/hh_tt_interfaces/cmake/export_hh_tt_interfaces__rosidl_generator_pyExport.cmake
[0.892s] -- Up-to-date: /home/hrishikesh/projects/turtle_sim_project/install/hh_tt_interfaces/share/hh_tt_interfaces/cmake/export_hh_tt_interfaces__rosidl_generator_pyExport-noconfig.cmake
[0.892s] -- Up-to-date: /home/hrishikesh/projects/turtle_sim_project/install/hh_tt_interfaces/share/hh_tt_interfaces/cmake/rosidl_cmake-extras.cmake
[0.892s] -- Up-to-date: /home/hrishikesh/projects/turtle_sim_project/install/hh_tt_interfaces/share/hh_tt_interfaces/cmake/ament_cmake_export_include_directories-extras.cmake
[0.892s] -- Up-to-date: /home/hrishikesh/projects/turtle_sim_project/install/hh_tt_interfaces/share/hh_tt_interfaces/cmake/ament_cmake_export_libraries-extras.cmake
[0.892s] -- Up-to-date: /home/hrishikesh/projects/turtle_sim_project/install/hh_tt_interfaces/share/hh_tt_interfaces/cmake/ament_cmake_export_targets-extras.cmake
[0.892s] -- Up-to-date: /home/hrishikesh/projects/turtle_sim_project/install/hh_tt_interfaces/share/hh_tt_interfaces/cmake/rosidl_cmake_export_typesupport_targets-extras.cmake
[0.892s] -- Up-to-date: /home/hrishikesh/projects/turtle_sim_project/install/hh_tt_interfaces/share/hh_tt_interfaces/cmake/ament_cmake_export_dependencies-extras.cmake
[0.892s] -- Up-to-date: /home/hrishikesh/projects/turtle_sim_project/install/hh_tt_interfaces/share/hh_tt_interfaces/cmake/rosidl_cmake_export_typesupport_libraries-extras.cmake
[0.892s] -- Up-to-date: /home/hrishikesh/projects/turtle_sim_project/install/hh_tt_interfaces/share/hh_tt_interfaces/cmake/hh_tt_interfacesConfig.cmake
[0.892s] -- Up-to-date: /home/hrishikesh/projects/turtle_sim_project/install/hh_tt_interfaces/share/hh_tt_interfaces/cmake/hh_tt_interfacesConfig-version.cmake
[0.892s] -- Installing: /home/hrishikesh/projects/turtle_sim_project/install/hh_tt_interfaces/share/hh_tt_interfaces/package.xml
[0.894s] Invoked command in '/home/hrishikesh/projects/turtle_sim_project/build/hh_tt_interfaces' returned '0': CMAKE_PREFIX_PATH=${CMAKE_PREFIX_PATH}:/home/hrishikesh/projects/turtle_sim_project/install/hh_turtle_bot:/home/hrishikesh/projects/ros_2/install/hh_py_pkg:/opt/ros/humble /usr/bin/cmake --install /home/hrishikesh/projects/turtle_sim_project/build/hh_tt_interfaces
