[0.390s] Invoking command in '/home/hrishikesh/projects/turtle_sim_project/src/hh_turtle_bot': PYTHONPATH=/home/hrishikesh/projects/turtle_sim_project/build/hh_turtle_bot/prefix_override:/home/hrishikesh/projects/turtle_sim_project/install/hh_turtle_bot/lib/python3.10/site-packages:${PYTHONPATH} /usr/bin/python3 -W ignore:setup.py install is deprecated setup.py egg_info --egg-base ../../build/hh_turtle_bot build --build-base /home/hrishikesh/projects/turtle_sim_project/build/hh_turtle_bot/build install --record /home/hrishikesh/projects/turtle_sim_project/build/hh_turtle_bot/install.log --single-version-externally-managed install_data
[0.529s] running egg_info
[0.529s] writing ../../build/hh_turtle_bot/hh_turtle_bot.egg-info/PKG-INFO
[0.529s] writing dependency_links to ../../build/hh_turtle_bot/hh_turtle_bot.egg-info/dependency_links.txt
[0.529s] writing entry points to ../../build/hh_turtle_bot/hh_turtle_bot.egg-info/entry_points.txt
[0.529s] writing requirements to ../../build/hh_turtle_bot/hh_turtle_bot.egg-info/requires.txt
[0.529s] writing top-level names to ../../build/hh_turtle_bot/hh_turtle_bot.egg-info/top_level.txt
[0.530s] reading manifest file '../../build/hh_turtle_bot/hh_turtle_bot.egg-info/SOURCES.txt'
[0.531s] writing manifest file '../../build/hh_turtle_bot/hh_turtle_bot.egg-info/SOURCES.txt'
[0.531s] running build
[0.531s] running build_py
[0.531s] running install
[0.531s] running install_lib
[0.532s] running install_data
[0.532s] running install_egg_info
[0.533s] removing '/home/hrishikesh/projects/turtle_sim_project/install/hh_turtle_bot/lib/python3.10/site-packages/hh_turtle_bot-0.0.0-py3.10.egg-info' (and everything under it)
[0.533s] Copying ../../build/hh_turtle_bot/hh_turtle_bot.egg-info to /home/hrishikesh/projects/turtle_sim_project/install/hh_turtle_bot/lib/python3.10/site-packages/hh_turtle_bot-0.0.0-py3.10.egg-info
[0.533s] running install_scripts
[0.545s] Installing turtle_spawner script to /home/hrishikesh/projects/turtle_sim_project/install/hh_turtle_bot/lib/hh_turtle_bot
[0.545s] Installing turtlesim_controller script to /home/hrishikesh/projects/turtle_sim_project/install/hh_turtle_bot/lib/hh_turtle_bot
[0.545s] writing list of installed files to '/home/hrishikesh/projects/turtle_sim_project/build/hh_turtle_bot/install.log'
[0.557s] Invoked command in '/home/hrishikesh/projects/turtle_sim_project/src/hh_turtle_bot' returned '0': PYTHONPATH=/home/hrishikesh/projects/turtle_sim_project/build/hh_turtle_bot/prefix_override:/home/hrishikesh/projects/turtle_sim_project/install/hh_turtle_bot/lib/python3.10/site-packages:${PYTHONPATH} /usr/bin/python3 -W ignore:setup.py install is deprecated setup.py egg_info --egg-base ../../build/hh_turtle_bot build --build-base /home/hrishikesh/projects/turtle_sim_project/build/hh_turtle_bot/build install --record /home/hrishikesh/projects/turtle_sim_project/build/hh_turtle_bot/install.log --single-version-externally-managed install_data
