[0.057s] DEBUG:colcon:Command line arguments: ['/usr/bin/colcon', 'build']
[0.057s] DEBUG:colcon:Parsed command line arguments: Namespace(log_base=None, log_level=None, verb_name='build', build_base='build', install_base='install', merge_install=False, symlink_install=False, test_result_base=None, continue_on_error=False, executor='parallel', parallel_workers=24, event_handlers=None, ignore_user_meta=False, metas=['./colcon.meta'], base_paths=['.'], packages_ignore=None, packages_ignore_regex=None, paths=None, packages_up_to=None, packages_up_to_regex=None, packages_above=None, packages_above_and_dependencies=None, packages_above_depth=None, packages_select_by_dep=None, packages_skip_by_dep=None, packages_skip_up_to=None, packages_select_build_failed=False, packages_skip_build_finished=False, packages_select_test_failures=False, packages_skip_test_passed=False, packages_select=None, packages_skip=None, packages_select_regex=None, packages_skip_regex=None, packages_start=None, packages_end=None, allow_overriding=[], cmake_args=None, cmake_target=None, cmake_target_skip_unavailable=False, cmake_clean_cache=False, cmake_clean_first=False, cmake_force_configure=False, ament_cmake_args=None, catkin_cmake_args=None, catkin_skip_building_tests=False, mixin_files=None, mixin=None, verb_parser=<colcon_mixin.mixin.mixin_argument.MixinArgumentDecorator object at 0x787415c41e10>, verb_extension=<colcon_core.verb.build.BuildVerb object at 0x787415c41780>, main=<bound method BuildVerb.main of <colcon_core.verb.build.BuildVerb object at 0x787415c41780>>, mixin_verb=('build',))
[0.152s] Level 1:colcon.colcon_core.package_discovery:discover_packages(colcon_meta) check parameters
[0.152s] Level 1:colcon.colcon_core.package_discovery:discover_packages(recursive) check parameters
[0.152s] Level 1:colcon.colcon_core.package_discovery:discover_packages(ignore) check parameters
[0.152s] Level 1:colcon.colcon_core.package_discovery:discover_packages(path) check parameters
[0.152s] Level 1:colcon.colcon_core.package_discovery:discover_packages(colcon_meta) discover
[0.152s] Level 1:colcon.colcon_core.package_discovery:discover_packages(recursive) discover
[0.152s] INFO:colcon.colcon_core.package_discovery:Crawling recursively for packages in '/home/hrishikesh/projects/turtle_sim_project'
[0.152s] Level 1:colcon.colcon_core.package_identification:_identify(.) by extensions ['ignore', 'ignore_ament_install']
[0.152s] Level 1:colcon.colcon_core.package_identification:_identify(.) by extension 'ignore'
[0.152s] Level 1:colcon.colcon_core.package_identification:_identify(.) by extension 'ignore_ament_install'
[0.152s] Level 1:colcon.colcon_core.package_identification:_identify(.) by extensions ['colcon_pkg']
[0.152s] Level 1:colcon.colcon_core.package_identification:_identify(.) by extension 'colcon_pkg'
[0.153s] Level 1:colcon.colcon_core.package_identification:_identify(.) by extensions ['colcon_meta']
[0.153s] Level 1:colcon.colcon_core.package_identification:_identify(.) by extension 'colcon_meta'
[0.153s] Level 1:colcon.colcon_core.package_identification:_identify(.) by extensions ['ros']
[0.153s] Level 1:colcon.colcon_core.package_identification:_identify(.) by extension 'ros'
[0.160s] Level 1:colcon.colcon_core.package_identification:_identify(.) by extensions ['cmake', 'python']
[0.160s] Level 1:colcon.colcon_core.package_identification:_identify(.) by extension 'cmake'
[0.161s] Level 1:colcon.colcon_core.package_identification:_identify(.) by extension 'python'
[0.161s] Level 1:colcon.colcon_core.package_identification:_identify(.) by extensions ['python_setup_py']
[0.161s] Level 1:colcon.colcon_core.package_identification:_identify(.) by extension 'python_setup_py'
[0.161s] Level 1:colcon.colcon_core.package_identification:_identify(build) by extensions ['ignore', 'ignore_ament_install']
[0.161s] Level 1:colcon.colcon_core.package_identification:_identify(build) by extension 'ignore'
[0.161s] Level 1:colcon.colcon_core.package_identification:_identify(build) ignored
[0.161s] Level 1:colcon.colcon_core.package_identification:_identify(install) by extensions ['ignore', 'ignore_ament_install']
[0.161s] Level 1:colcon.colcon_core.package_identification:_identify(install) by extension 'ignore'
[0.161s] Level 1:colcon.colcon_core.package_identification:_identify(install) ignored
[0.161s] Level 1:colcon.colcon_core.package_identification:_identify(log) by extensions ['ignore', 'ignore_ament_install']
[0.161s] Level 1:colcon.colcon_core.package_identification:_identify(log) by extension 'ignore'
[0.161s] Level 1:colcon.colcon_core.package_identification:_identify(log) ignored
[0.161s] Level 1:colcon.colcon_core.package_identification:_identify(src) by extensions ['ignore', 'ignore_ament_install']
[0.161s] Level 1:colcon.colcon_core.package_identification:_identify(src) by extension 'ignore'
[0.161s] Level 1:colcon.colcon_core.package_identification:_identify(src) by extension 'ignore_ament_install'
[0.161s] Level 1:colcon.colcon_core.package_identification:_identify(src) by extensions ['colcon_pkg']
[0.161s] Level 1:colcon.colcon_core.package_identification:_identify(src) by extension 'colcon_pkg'
[0.161s] Level 1:colcon.colcon_core.package_identification:_identify(src) by extensions ['colcon_meta']
[0.161s] Level 1:colcon.colcon_core.package_identification:_identify(src) by extension 'colcon_meta'
[0.161s] Level 1:colcon.colcon_core.package_identification:_identify(src) by extensions ['ros']
[0.161s] Level 1:colcon.colcon_core.package_identification:_identify(src) by extension 'ros'
[0.161s] Level 1:colcon.colcon_core.package_identification:_identify(src) by extensions ['cmake', 'python']
[0.161s] Level 1:colcon.colcon_core.package_identification:_identify(src) by extension 'cmake'
[0.161s] Level 1:colcon.colcon_core.package_identification:_identify(src) by extension 'python'
[0.161s] Level 1:colcon.colcon_core.package_identification:_identify(src) by extensions ['python_setup_py']
[0.161s] Level 1:colcon.colcon_core.package_identification:_identify(src) by extension 'python_setup_py'
[0.161s] Level 1:colcon.colcon_core.package_identification:_identify(src/hh_tt_interfaces) by extensions ['ignore', 'ignore_ament_install']
[0.162s] Level 1:colcon.colcon_core.package_identification:_identify(src/hh_tt_interfaces) by extension 'ignore'
[0.162s] Level 1:colcon.colcon_core.package_identification:_identify(src/hh_tt_interfaces) by extension 'ignore_ament_install'
[0.162s] Level 1:colcon.colcon_core.package_identification:_identify(src/hh_tt_interfaces) by extensions ['colcon_pkg']
[0.162s] Level 1:colcon.colcon_core.package_identification:_identify(src/hh_tt_interfaces) by extension 'colcon_pkg'
[0.162s] Level 1:colcon.colcon_core.package_identification:_identify(src/hh_tt_interfaces) by extensions ['colcon_meta']
[0.162s] Level 1:colcon.colcon_core.package_identification:_identify(src/hh_tt_interfaces) by extension 'colcon_meta'
[0.162s] Level 1:colcon.colcon_core.package_identification:_identify(src/hh_tt_interfaces) by extensions ['ros']
[0.162s] Level 1:colcon.colcon_core.package_identification:_identify(src/hh_tt_interfaces) by extension 'ros'
[0.163s] DEBUG:colcon.colcon_core.package_identification:Package 'src/hh_tt_interfaces' with type 'ros.ament_cmake' and name 'hh_tt_interfaces'
[0.163s] Level 1:colcon.colcon_core.package_identification:_identify(src/hh_turtle_bot) by extensions ['ignore', 'ignore_ament_install']
[0.163s] Level 1:colcon.colcon_core.package_identification:_identify(src/hh_turtle_bot) by extension 'ignore'
[0.163s] Level 1:colcon.colcon_core.package_identification:_identify(src/hh_turtle_bot) by extension 'ignore_ament_install'
[0.163s] Level 1:colcon.colcon_core.package_identification:_identify(src/hh_turtle_bot) by extensions ['colcon_pkg']
[0.163s] Level 1:colcon.colcon_core.package_identification:_identify(src/hh_turtle_bot) by extension 'colcon_pkg'
[0.163s] Level 1:colcon.colcon_core.package_identification:_identify(src/hh_turtle_bot) by extensions ['colcon_meta']
[0.163s] Level 1:colcon.colcon_core.package_identification:_identify(src/hh_turtle_bot) by extension 'colcon_meta'
[0.163s] Level 1:colcon.colcon_core.package_identification:_identify(src/hh_turtle_bot) by extensions ['ros']
[0.163s] Level 1:colcon.colcon_core.package_identification:_identify(src/hh_turtle_bot) by extension 'ros'
[0.164s] DEBUG:colcon.colcon_core.package_identification:Package 'src/hh_turtle_bot' with type 'ros.ament_python' and name 'hh_turtle_bot'
[0.164s] Level 1:colcon.colcon_core.package_identification:_identify(src/hh_turtle_bringups) by extensions ['ignore', 'ignore_ament_install']
[0.164s] Level 1:colcon.colcon_core.package_identification:_identify(src/hh_turtle_bringups) by extension 'ignore'
[0.164s] Level 1:colcon.colcon_core.package_identification:_identify(src/hh_turtle_bringups) by extension 'ignore_ament_install'
[0.164s] Level 1:colcon.colcon_core.package_identification:_identify(src/hh_turtle_bringups) by extensions ['colcon_pkg']
[0.164s] Level 1:colcon.colcon_core.package_identification:_identify(src/hh_turtle_bringups) by extension 'colcon_pkg'
[0.164s] Level 1:colcon.colcon_core.package_identification:_identify(src/hh_turtle_bringups) by extensions ['colcon_meta']
[0.164s] Level 1:colcon.colcon_core.package_identification:_identify(src/hh_turtle_bringups) by extension 'colcon_meta'
[0.164s] Level 1:colcon.colcon_core.package_identification:_identify(src/hh_turtle_bringups) by extensions ['ros']
[0.164s] Level 1:colcon.colcon_core.package_identification:_identify(src/hh_turtle_bringups) by extension 'ros'
[0.165s] DEBUG:colcon.colcon_core.package_identification:Package 'src/hh_turtle_bringups' with type 'ros.ament_cmake' and name 'hh_turtle_bringups'
[0.165s] Level 1:colcon.colcon_core.package_discovery:discover_packages(recursive) using defaults
[0.165s] Level 1:colcon.colcon_core.package_discovery:discover_packages(ignore) discover
[0.165s] Level 1:colcon.colcon_core.package_discovery:discover_packages(ignore) using defaults
[0.165s] Level 1:colcon.colcon_core.package_discovery:discover_packages(path) discover
[0.165s] Level 1:colcon.colcon_core.package_discovery:discover_packages(path) using defaults
[0.179s] Level 1:colcon.colcon_core.package_discovery:discover_packages(prefix_path) check parameters
[0.179s] Level 1:colcon.colcon_core.package_discovery:discover_packages(prefix_path) discover
[0.180s] DEBUG:colcon.colcon_installed_package_information.package_discovery:Found 3 installed packages in /home/hrishikesh/projects/turtle_sim_project/install
[0.180s] DEBUG:colcon.colcon_installed_package_information.package_discovery:Found 4 installed packages in /home/hrishikesh/projects/ros_2/install
[0.181s] DEBUG:colcon.colcon_installed_package_information.package_discovery:Found 270 installed packages in /opt/ros/humble
[0.187s] Level 1:colcon.colcon_core.package_discovery:discover_packages(prefix_path) using defaults
[0.208s] Level 5:colcon.colcon_core.verb:set package 'hh_tt_interfaces' build argument 'cmake_args' from command line to 'None'
[0.208s] Level 5:colcon.colcon_core.verb:set package 'hh_tt_interfaces' build argument 'cmake_target' from command line to 'None'
[0.208s] Level 5:colcon.colcon_core.verb:set package 'hh_tt_interfaces' build argument 'cmake_target_skip_unavailable' from command line to 'False'
[0.208s] Level 5:colcon.colcon_core.verb:set package 'hh_tt_interfaces' build argument 'cmake_clean_cache' from command line to 'False'
[0.208s] Level 5:colcon.colcon_core.verb:set package 'hh_tt_interfaces' build argument 'cmake_clean_first' from command line to 'False'
[0.208s] Level 5:colcon.colcon_core.verb:set package 'hh_tt_interfaces' build argument 'cmake_force_configure' from command line to 'False'
[0.208s] Level 5:colcon.colcon_core.verb:set package 'hh_tt_interfaces' build argument 'ament_cmake_args' from command line to 'None'
[0.208s] Level 5:colcon.colcon_core.verb:set package 'hh_tt_interfaces' build argument 'catkin_cmake_args' from command line to 'None'
[0.208s] Level 5:colcon.colcon_core.verb:set package 'hh_tt_interfaces' build argument 'catkin_skip_building_tests' from command line to 'False'
[0.208s] DEBUG:colcon.colcon_core.verb:Building package 'hh_tt_interfaces' with the following arguments: {'ament_cmake_args': None, 'build_base': '/home/hrishikesh/projects/turtle_sim_project/build/hh_tt_interfaces', 'catkin_cmake_args': None, 'catkin_skip_building_tests': False, 'cmake_args': None, 'cmake_clean_cache': False, 'cmake_clean_first': False, 'cmake_force_configure': False, 'cmake_target': None, 'cmake_target_skip_unavailable': False, 'install_base': '/home/hrishikesh/projects/turtle_sim_project/install/hh_tt_interfaces', 'merge_install': False, 'path': '/home/hrishikesh/projects/turtle_sim_project/src/hh_tt_interfaces', 'symlink_install': False, 'test_result_base': None}
[0.208s] Level 5:colcon.colcon_core.verb:set package 'hh_turtle_bot' build argument 'cmake_args' from command line to 'None'
[0.208s] Level 5:colcon.colcon_core.verb:set package 'hh_turtle_bot' build argument 'cmake_target' from command line to 'None'
[0.208s] Level 5:colcon.colcon_core.verb:set package 'hh_turtle_bot' build argument 'cmake_target_skip_unavailable' from command line to 'False'
[0.208s] Level 5:colcon.colcon_core.verb:set package 'hh_turtle_bot' build argument 'cmake_clean_cache' from command line to 'False'
[0.208s] Level 5:colcon.colcon_core.verb:set package 'hh_turtle_bot' build argument 'cmake_clean_first' from command line to 'False'
[0.208s] Level 5:colcon.colcon_core.verb:set package 'hh_turtle_bot' build argument 'cmake_force_configure' from command line to 'False'
[0.208s] Level 5:colcon.colcon_core.verb:set package 'hh_turtle_bot' build argument 'ament_cmake_args' from command line to 'None'
[0.208s] Level 5:colcon.colcon_core.verb:set package 'hh_turtle_bot' build argument 'catkin_cmake_args' from command line to 'None'
[0.208s] Level 5:colcon.colcon_core.verb:set package 'hh_turtle_bot' build argument 'catkin_skip_building_tests' from command line to 'False'
[0.208s] DEBUG:colcon.colcon_core.verb:Building package 'hh_turtle_bot' with the following arguments: {'ament_cmake_args': None, 'build_base': '/home/hrishikesh/projects/turtle_sim_project/build/hh_turtle_bot', 'catkin_cmake_args': None, 'catkin_skip_building_tests': False, 'cmake_args': None, 'cmake_clean_cache': False, 'cmake_clean_first': False, 'cmake_force_configure': False, 'cmake_target': None, 'cmake_target_skip_unavailable': False, 'install_base': '/home/hrishikesh/projects/turtle_sim_project/install/hh_turtle_bot', 'merge_install': False, 'path': '/home/hrishikesh/projects/turtle_sim_project/src/hh_turtle_bot', 'symlink_install': False, 'test_result_base': None}
[0.208s] Level 5:colcon.colcon_core.verb:set package 'hh_turtle_bringups' build argument 'cmake_args' from command line to 'None'
[0.208s] Level 5:colcon.colcon_core.verb:set package 'hh_turtle_bringups' build argument 'cmake_target' from command line to 'None'
[0.208s] Level 5:colcon.colcon_core.verb:set package 'hh_turtle_bringups' build argument 'cmake_target_skip_unavailable' from command line to 'False'
[0.208s] Level 5:colcon.colcon_core.verb:set package 'hh_turtle_bringups' build argument 'cmake_clean_cache' from command line to 'False'
[0.208s] Level 5:colcon.colcon_core.verb:set package 'hh_turtle_bringups' build argument 'cmake_clean_first' from command line to 'False'
[0.208s] Level 5:colcon.colcon_core.verb:set package 'hh_turtle_bringups' build argument 'cmake_force_configure' from command line to 'False'
[0.208s] Level 5:colcon.colcon_core.verb:set package 'hh_turtle_bringups' build argument 'ament_cmake_args' from command line to 'None'
[0.208s] Level 5:colcon.colcon_core.verb:set package 'hh_turtle_bringups' build argument 'catkin_cmake_args' from command line to 'None'
[0.208s] Level 5:colcon.colcon_core.verb:set package 'hh_turtle_bringups' build argument 'catkin_skip_building_tests' from command line to 'False'
[0.208s] DEBUG:colcon.colcon_core.verb:Building package 'hh_turtle_bringups' with the following arguments: {'ament_cmake_args': None, 'build_base': '/home/hrishikesh/projects/turtle_sim_project/build/hh_turtle_bringups', 'catkin_cmake_args': None, 'catkin_skip_building_tests': False, 'cmake_args': None, 'cmake_clean_cache': False, 'cmake_clean_first': False, 'cmake_force_configure': False, 'cmake_target': None, 'cmake_target_skip_unavailable': False, 'install_base': '/home/hrishikesh/projects/turtle_sim_project/install/hh_turtle_bringups', 'merge_install': False, 'path': '/home/hrishikesh/projects/turtle_sim_project/src/hh_turtle_bringups', 'symlink_install': False, 'test_result_base': None}
[0.209s] INFO:colcon.colcon_core.executor:Executing jobs using 'parallel' executor
[0.209s] DEBUG:colcon.colcon_parallel_executor.executor.parallel:run_until_complete
[0.209s] INFO:colcon.colcon_ros.task.ament_cmake.build:Building ROS package in '/home/hrishikesh/projects/turtle_sim_project/src/hh_tt_interfaces' with build type 'ament_cmake'
[0.210s] INFO:colcon.colcon_cmake.task.cmake.build:Building CMake package in '/home/hrishikesh/projects/turtle_sim_project/src/hh_tt_interfaces'
[0.211s] INFO:colcon.colcon_core.plugin_system:Skipping extension 'colcon_core.shell.bat': Not used on non-Windows systems
[0.211s] INFO:colcon.colcon_core.shell:Skip shell extension 'powershell' for command environment: Not usable outside of PowerShell
[0.211s] DEBUG:colcon.colcon_core.shell:Skip shell extension 'dsv' for command environment
[0.213s] INFO:colcon.colcon_ros.task.ament_python.build:Building ROS package in '/home/hrishikesh/projects/turtle_sim_project/src/hh_turtle_bot' with build type 'ament_python'
[0.213s] Level 1:colcon.colcon_core.shell:create_environment_hook('hh_turtle_bot', 'ament_prefix_path')
[0.213s] INFO:colcon.colcon_core.shell:Creating environment hook '/home/hrishikesh/projects/turtle_sim_project/install/hh_turtle_bot/share/hh_turtle_bot/hook/ament_prefix_path.ps1'
[0.214s] INFO:colcon.colcon_core.shell:Creating environment descriptor '/home/hrishikesh/projects/turtle_sim_project/install/hh_turtle_bot/share/hh_turtle_bot/hook/ament_prefix_path.dsv'
[0.214s] INFO:colcon.colcon_core.shell:Creating environment hook '/home/hrishikesh/projects/turtle_sim_project/install/hh_turtle_bot/share/hh_turtle_bot/hook/ament_prefix_path.sh'
[0.214s] INFO:colcon.colcon_core.shell:Skip shell extension 'powershell' for command environment: Not usable outside of PowerShell
[0.214s] DEBUG:colcon.colcon_core.shell:Skip shell extension 'dsv' for command environment
[0.219s] DEBUG:colcon.colcon_core.event_handler.log_command:Invoking command in '/home/hrishikesh/projects/turtle_sim_project/build/hh_tt_interfaces': CMAKE_PREFIX_PATH=${CMAKE_PREFIX_PATH}:/home/hrishikesh/projects/turtle_sim_project/install/hh_turtle_bot:/home/hrishikesh/projects/ros_2/install/hh_py_pkg:/opt/ros/humble /usr/bin/cmake --build /home/hrishikesh/projects/turtle_sim_project/build/hh_tt_interfaces -- -j24 -l24
[0.407s] INFO:colcon.colcon_core.task.python.build:Building Python package in '/home/hrishikesh/projects/turtle_sim_project/src/hh_turtle_bot'
[0.407s] INFO:colcon.colcon_core.shell:Skip shell extension 'powershell' for command environment: Not usable outside of PowerShell
[0.408s] DEBUG:colcon.colcon_core.shell:Skip shell extension 'dsv' for command environment
[0.478s] DEBUG:colcon.colcon_core.event_handler.log_command:Invoked command in '/home/hrishikesh/projects/turtle_sim_project/build/hh_tt_interfaces' returned '0': CMAKE_PREFIX_PATH=${CMAKE_PREFIX_PATH}:/home/hrishikesh/projects/turtle_sim_project/install/hh_turtle_bot:/home/hrishikesh/projects/ros_2/install/hh_py_pkg:/opt/ros/humble /usr/bin/cmake --build /home/hrishikesh/projects/turtle_sim_project/build/hh_tt_interfaces -- -j24 -l24
[0.559s] DEBUG:colcon.colcon_core.event_handler.log_command:Invoking command in '/home/hrishikesh/projects/turtle_sim_project/build/hh_tt_interfaces': CMAKE_PREFIX_PATH=${CMAKE_PREFIX_PATH}:/home/hrishikesh/projects/turtle_sim_project/install/hh_turtle_bot:/home/hrishikesh/projects/ros_2/install/hh_py_pkg:/opt/ros/humble /usr/bin/cmake --install /home/hrishikesh/projects/turtle_sim_project/build/hh_tt_interfaces
[0.598s] Level 1:colcon.colcon_core.environment:create_environment_scripts_only(hh_tt_interfaces)
[0.598s] DEBUG:colcon.colcon_core.event_handler.log_command:Invoked command in '/home/hrishikesh/projects/turtle_sim_project/build/hh_tt_interfaces' returned '0': CMAKE_PREFIX_PATH=${CMAKE_PREFIX_PATH}:/home/hrishikesh/projects/turtle_sim_project/install/hh_turtle_bot:/home/hrishikesh/projects/ros_2/install/hh_py_pkg:/opt/ros/humble /usr/bin/cmake --install /home/hrishikesh/projects/turtle_sim_project/build/hh_tt_interfaces
[0.599s] Level 1:colcon.colcon_core.environment:checking '/home/hrishikesh/projects/turtle_sim_project/install/hh_tt_interfaces' for CMake module files
[0.600s] Level 1:colcon.colcon_core.environment:checking '/home/hrishikesh/projects/turtle_sim_project/install/hh_tt_interfaces' for CMake config files
[0.600s] Level 1:colcon.colcon_core.shell:create_environment_hook('hh_tt_interfaces', 'cmake_prefix_path')
[0.600s] INFO:colcon.colcon_core.shell:Creating environment hook '/home/hrishikesh/projects/turtle_sim_project/install/hh_tt_interfaces/share/hh_tt_interfaces/hook/cmake_prefix_path.ps1'
[0.601s] INFO:colcon.colcon_core.shell:Creating environment descriptor '/home/hrishikesh/projects/turtle_sim_project/install/hh_tt_interfaces/share/hh_tt_interfaces/hook/cmake_prefix_path.dsv'
[0.601s] INFO:colcon.colcon_core.shell:Creating environment hook '/home/hrishikesh/projects/turtle_sim_project/install/hh_tt_interfaces/share/hh_tt_interfaces/hook/cmake_prefix_path.sh'
[0.601s] Level 1:colcon.colcon_core.environment:checking '/home/hrishikesh/projects/turtle_sim_project/install/hh_tt_interfaces/lib'
[0.601s] Level 1:colcon.colcon_core.shell:create_environment_hook('hh_tt_interfaces', 'ld_library_path_lib')
[0.601s] INFO:colcon.colcon_core.shell:Creating environment hook '/home/hrishikesh/projects/turtle_sim_project/install/hh_tt_interfaces/share/hh_tt_interfaces/hook/ld_library_path_lib.ps1'
[0.602s] INFO:colcon.colcon_core.shell:Creating environment descriptor '/home/hrishikesh/projects/turtle_sim_project/install/hh_tt_interfaces/share/hh_tt_interfaces/hook/ld_library_path_lib.dsv'
[0.602s] INFO:colcon.colcon_core.shell:Creating environment hook '/home/hrishikesh/projects/turtle_sim_project/install/hh_tt_interfaces/share/hh_tt_interfaces/hook/ld_library_path_lib.sh'
[0.602s] Level 1:colcon.colcon_core.environment:checking '/home/hrishikesh/projects/turtle_sim_project/install/hh_tt_interfaces/bin'
[0.602s] Level 1:colcon.colcon_core.environment:checking '/home/hrishikesh/projects/turtle_sim_project/install/hh_tt_interfaces/lib/pkgconfig/hh_tt_interfaces.pc'
[0.602s] Level 1:colcon.colcon_core.environment:checking '/home/hrishikesh/projects/turtle_sim_project/install/hh_tt_interfaces/lib/python3.10/site-packages'
[0.602s] Level 1:colcon.colcon_core.environment:checking '/home/hrishikesh/projects/turtle_sim_project/install/hh_tt_interfaces/bin'
[0.603s] INFO:colcon.colcon_core.shell:Creating package script '/home/hrishikesh/projects/turtle_sim_project/install/hh_tt_interfaces/share/hh_tt_interfaces/package.ps1'
[0.603s] INFO:colcon.colcon_core.shell:Creating package descriptor '/home/hrishikesh/projects/turtle_sim_project/install/hh_tt_interfaces/share/hh_tt_interfaces/package.dsv'
[0.604s] INFO:colcon.colcon_core.shell:Creating package script '/home/hrishikesh/projects/turtle_sim_project/install/hh_tt_interfaces/share/hh_tt_interfaces/package.sh'
[0.604s] INFO:colcon.colcon_core.shell:Creating package script '/home/hrishikesh/projects/turtle_sim_project/install/hh_tt_interfaces/share/hh_tt_interfaces/package.bash'
[0.604s] INFO:colcon.colcon_core.shell:Creating package script '/home/hrishikesh/projects/turtle_sim_project/install/hh_tt_interfaces/share/hh_tt_interfaces/package.zsh'
[0.605s] Level 1:colcon.colcon_core.environment:create_file_with_runtime_dependencies(/home/hrishikesh/projects/turtle_sim_project/install/hh_tt_interfaces/share/colcon-core/packages/hh_tt_interfaces)
[0.636s] DEBUG:colcon.colcon_core.event_handler.log_command:Invoking command in '/home/hrishikesh/projects/turtle_sim_project/src/hh_turtle_bot': PYTHONPATH=/home/hrishikesh/projects/turtle_sim_project/build/hh_turtle_bot/prefix_override:/home/hrishikesh/projects/turtle_sim_project/install/hh_turtle_bot/lib/python3.10/site-packages:${PYTHONPATH} /usr/bin/python3 -W ignore:setup.py install is deprecated setup.py egg_info --egg-base ../../build/hh_turtle_bot build --build-base /home/hrishikesh/projects/turtle_sim_project/build/hh_turtle_bot/build install --record /home/hrishikesh/projects/turtle_sim_project/build/hh_turtle_bot/install.log --single-version-externally-managed install_data
[0.676s] Level 1:colcon.colcon_core.environment:create_environment_scripts_only(hh_tt_interfaces)
[0.676s] Level 1:colcon.colcon_core.environment:checking '/home/hrishikesh/projects/turtle_sim_project/install/hh_tt_interfaces' for CMake module files
[0.677s] Level 1:colcon.colcon_core.environment:checking '/home/hrishikesh/projects/turtle_sim_project/install/hh_tt_interfaces' for CMake config files
[0.677s] Level 1:colcon.colcon_core.shell:create_environment_hook('hh_tt_interfaces', 'cmake_prefix_path')
[0.677s] INFO:colcon.colcon_core.shell:Creating environment hook '/home/hrishikesh/projects/turtle_sim_project/install/hh_tt_interfaces/share/hh_tt_interfaces/hook/cmake_prefix_path.ps1'
[0.678s] INFO:colcon.colcon_core.shell:Creating environment descriptor '/home/hrishikesh/projects/turtle_sim_project/install/hh_tt_interfaces/share/hh_tt_interfaces/hook/cmake_prefix_path.dsv'
[0.678s] INFO:colcon.colcon_core.shell:Creating environment hook '/home/hrishikesh/projects/turtle_sim_project/install/hh_tt_interfaces/share/hh_tt_interfaces/hook/cmake_prefix_path.sh'
[0.678s] Level 1:colcon.colcon_core.environment:checking '/home/hrishikesh/projects/turtle_sim_project/install/hh_tt_interfaces/lib'
[0.678s] Level 1:colcon.colcon_core.shell:create_environment_hook('hh_tt_interfaces', 'ld_library_path_lib')
[0.679s] INFO:colcon.colcon_core.shell:Creating environment hook '/home/hrishikesh/projects/turtle_sim_project/install/hh_tt_interfaces/share/hh_tt_interfaces/hook/ld_library_path_lib.ps1'
[0.679s] INFO:colcon.colcon_core.shell:Creating environment descriptor '/home/hrishikesh/projects/turtle_sim_project/install/hh_tt_interfaces/share/hh_tt_interfaces/hook/ld_library_path_lib.dsv'
[0.679s] INFO:colcon.colcon_core.shell:Creating environment hook '/home/hrishikesh/projects/turtle_sim_project/install/hh_tt_interfaces/share/hh_tt_interfaces/hook/ld_library_path_lib.sh'
[0.679s] Level 1:colcon.colcon_core.environment:checking '/home/hrishikesh/projects/turtle_sim_project/install/hh_tt_interfaces/bin'
[0.679s] Level 1:colcon.colcon_core.environment:checking '/home/hrishikesh/projects/turtle_sim_project/install/hh_tt_interfaces/lib/pkgconfig/hh_tt_interfaces.pc'
[0.679s] Level 1:colcon.colcon_core.environment:checking '/home/hrishikesh/projects/turtle_sim_project/install/hh_tt_interfaces/lib/python3.10/site-packages'
[0.680s] Level 1:colcon.colcon_core.environment:checking '/home/hrishikesh/projects/turtle_sim_project/install/hh_tt_interfaces/bin'
[0.680s] INFO:colcon.colcon_core.shell:Creating package script '/home/hrishikesh/projects/turtle_sim_project/install/hh_tt_interfaces/share/hh_tt_interfaces/package.ps1'
[0.680s] INFO:colcon.colcon_core.shell:Creating package descriptor '/home/hrishikesh/projects/turtle_sim_project/install/hh_tt_interfaces/share/hh_tt_interfaces/package.dsv'
[0.681s] INFO:colcon.colcon_core.shell:Creating package script '/home/hrishikesh/projects/turtle_sim_project/install/hh_tt_interfaces/share/hh_tt_interfaces/package.sh'
[0.681s] INFO:colcon.colcon_core.shell:Creating package script '/home/hrishikesh/projects/turtle_sim_project/install/hh_tt_interfaces/share/hh_tt_interfaces/package.bash'
[0.681s] INFO:colcon.colcon_core.shell:Creating package script '/home/hrishikesh/projects/turtle_sim_project/install/hh_tt_interfaces/share/hh_tt_interfaces/package.zsh'
[0.681s] Level 1:colcon.colcon_core.environment:create_file_with_runtime_dependencies(/home/hrishikesh/projects/turtle_sim_project/install/hh_tt_interfaces/share/colcon-core/packages/hh_tt_interfaces)
[0.822s] Level 1:colcon.colcon_core.environment:checking '/home/hrishikesh/projects/turtle_sim_project/install/hh_turtle_bot' for CMake module files
[0.822s] DEBUG:colcon.colcon_core.event_handler.log_command:Invoked command in '/home/hrishikesh/projects/turtle_sim_project/src/hh_turtle_bot' returned '0': PYTHONPATH=/home/hrishikesh/projects/turtle_sim_project/build/hh_turtle_bot/prefix_override:/home/hrishikesh/projects/turtle_sim_project/install/hh_turtle_bot/lib/python3.10/site-packages:${PYTHONPATH} /usr/bin/python3 -W ignore:setup.py install is deprecated setup.py egg_info --egg-base ../../build/hh_turtle_bot build --build-base /home/hrishikesh/projects/turtle_sim_project/build/hh_turtle_bot/build install --record /home/hrishikesh/projects/turtle_sim_project/build/hh_turtle_bot/install.log --single-version-externally-managed install_data
[0.823s] Level 1:colcon.colcon_core.environment:checking '/home/hrishikesh/projects/turtle_sim_project/install/hh_turtle_bot' for CMake config files
[0.823s] Level 1:colcon.colcon_core.environment:checking '/home/hrishikesh/projects/turtle_sim_project/install/hh_turtle_bot/lib'
[0.823s] Level 1:colcon.colcon_core.environment:checking '/home/hrishikesh/projects/turtle_sim_project/install/hh_turtle_bot/bin'
[0.824s] Level 1:colcon.colcon_core.environment:checking '/home/hrishikesh/projects/turtle_sim_project/install/hh_turtle_bot/lib/pkgconfig/hh_turtle_bot.pc'
[0.824s] Level 1:colcon.colcon_core.environment:checking '/home/hrishikesh/projects/turtle_sim_project/install/hh_turtle_bot/lib/python3.10/site-packages'
[0.824s] Level 1:colcon.colcon_core.shell:create_environment_hook('hh_turtle_bot', 'pythonpath')
[0.824s] INFO:colcon.colcon_core.shell:Creating environment hook '/home/hrishikesh/projects/turtle_sim_project/install/hh_turtle_bot/share/hh_turtle_bot/hook/pythonpath.ps1'
[0.824s] INFO:colcon.colcon_core.shell:Creating environment descriptor '/home/hrishikesh/projects/turtle_sim_project/install/hh_turtle_bot/share/hh_turtle_bot/hook/pythonpath.dsv'
[0.825s] INFO:colcon.colcon_core.shell:Creating environment hook '/home/hrishikesh/projects/turtle_sim_project/install/hh_turtle_bot/share/hh_turtle_bot/hook/pythonpath.sh'
[0.825s] Level 1:colcon.colcon_core.environment:checking '/home/hrishikesh/projects/turtle_sim_project/install/hh_turtle_bot/bin'
[0.825s] Level 1:colcon.colcon_core.environment:create_environment_scripts_only(hh_turtle_bot)
[0.826s] INFO:colcon.colcon_core.shell:Creating package script '/home/hrishikesh/projects/turtle_sim_project/install/hh_turtle_bot/share/hh_turtle_bot/package.ps1'
[0.826s] INFO:colcon.colcon_core.shell:Creating package descriptor '/home/hrishikesh/projects/turtle_sim_project/install/hh_turtle_bot/share/hh_turtle_bot/package.dsv'
[0.827s] INFO:colcon.colcon_core.shell:Creating package script '/home/hrishikesh/projects/turtle_sim_project/install/hh_turtle_bot/share/hh_turtle_bot/package.sh'
[0.827s] INFO:colcon.colcon_core.shell:Creating package script '/home/hrishikesh/projects/turtle_sim_project/install/hh_turtle_bot/share/hh_turtle_bot/package.bash'
[0.827s] INFO:colcon.colcon_core.shell:Creating package script '/home/hrishikesh/projects/turtle_sim_project/install/hh_turtle_bot/share/hh_turtle_bot/package.zsh'
[0.827s] Level 1:colcon.colcon_core.environment:create_file_with_runtime_dependencies(/home/hrishikesh/projects/turtle_sim_project/install/hh_turtle_bot/share/colcon-core/packages/hh_turtle_bot)
[0.828s] INFO:colcon.colcon_ros.task.ament_cmake.build:Building ROS package in '/home/hrishikesh/projects/turtle_sim_project/src/hh_turtle_bringups' with build type 'ament_cmake'
[0.828s] INFO:colcon.colcon_cmake.task.cmake.build:Building CMake package in '/home/hrishikesh/projects/turtle_sim_project/src/hh_turtle_bringups'
[0.828s] INFO:colcon.colcon_core.shell:Skip shell extension 'powershell' for command environment: Not usable outside of PowerShell
[0.828s] DEBUG:colcon.colcon_core.shell:Skip shell extension 'dsv' for command environment
[0.835s] DEBUG:colcon.colcon_core.event_handler.log_command:Invoking command in '/home/hrishikesh/projects/turtle_sim_project/build/hh_turtle_bringups': CMAKE_PREFIX_PATH=${CMAKE_PREFIX_PATH}:/home/hrishikesh/projects/turtle_sim_project/install/hh_turtle_bot:/home/hrishikesh/projects/ros_2/install/hh_py_pkg:/opt/ros/humble /usr/bin/cmake --build /home/hrishikesh/projects/turtle_sim_project/build/hh_turtle_bringups -- -j24 -l24
[0.995s] DEBUG:colcon.colcon_core.event_handler.log_command:Invoked command in '/home/hrishikesh/projects/turtle_sim_project/build/hh_turtle_bringups' returned '0': CMAKE_PREFIX_PATH=${CMAKE_PREFIX_PATH}:/home/hrishikesh/projects/turtle_sim_project/install/hh_turtle_bot:/home/hrishikesh/projects/ros_2/install/hh_py_pkg:/opt/ros/humble /usr/bin/cmake --build /home/hrishikesh/projects/turtle_sim_project/build/hh_turtle_bringups -- -j24 -l24
[1.027s] DEBUG:colcon.colcon_core.event_handler.log_command:Invoking command in '/home/hrishikesh/projects/turtle_sim_project/build/hh_turtle_bringups': CMAKE_PREFIX_PATH=${CMAKE_PREFIX_PATH}:/home/hrishikesh/projects/turtle_sim_project/install/hh_turtle_bot:/home/hrishikesh/projects/ros_2/install/hh_py_pkg:/opt/ros/humble /usr/bin/cmake --install /home/hrishikesh/projects/turtle_sim_project/build/hh_turtle_bringups
[1.039s] Level 1:colcon.colcon_core.environment:create_environment_scripts_only(hh_turtle_bringups)
[1.039s] Level 1:colcon.colcon_core.environment:checking '/home/hrishikesh/projects/turtle_sim_project/install/hh_turtle_bringups' for CMake module files
[1.040s] DEBUG:colcon.colcon_core.event_handler.log_command:Invoked command in '/home/hrishikesh/projects/turtle_sim_project/build/hh_turtle_bringups' returned '0': CMAKE_PREFIX_PATH=${CMAKE_PREFIX_PATH}:/home/hrishikesh/projects/turtle_sim_project/install/hh_turtle_bot:/home/hrishikesh/projects/ros_2/install/hh_py_pkg:/opt/ros/humble /usr/bin/cmake --install /home/hrishikesh/projects/turtle_sim_project/build/hh_turtle_bringups
[1.040s] Level 1:colcon.colcon_core.environment:checking '/home/hrishikesh/projects/turtle_sim_project/install/hh_turtle_bringups' for CMake config files
[1.040s] Level 1:colcon.colcon_core.shell:create_environment_hook('hh_turtle_bringups', 'cmake_prefix_path')
[1.041s] INFO:colcon.colcon_core.shell:Creating environment hook '/home/hrishikesh/projects/turtle_sim_project/install/hh_turtle_bringups/share/hh_turtle_bringups/hook/cmake_prefix_path.ps1'
[1.041s] INFO:colcon.colcon_core.shell:Creating environment descriptor '/home/hrishikesh/projects/turtle_sim_project/install/hh_turtle_bringups/share/hh_turtle_bringups/hook/cmake_prefix_path.dsv'
[1.041s] INFO:colcon.colcon_core.shell:Creating environment hook '/home/hrishikesh/projects/turtle_sim_project/install/hh_turtle_bringups/share/hh_turtle_bringups/hook/cmake_prefix_path.sh'
[1.042s] Level 1:colcon.colcon_core.environment:checking '/home/hrishikesh/projects/turtle_sim_project/install/hh_turtle_bringups/bin'
[1.042s] Level 1:colcon.colcon_core.environment:checking '/home/hrishikesh/projects/turtle_sim_project/install/hh_turtle_bringups/lib/pkgconfig/hh_turtle_bringups.pc'
[1.043s] Level 1:colcon.colcon_core.environment:checking '/home/hrishikesh/projects/turtle_sim_project/install/hh_turtle_bringups/lib/python3.10/site-packages'
[1.043s] Level 1:colcon.colcon_core.environment:checking '/home/hrishikesh/projects/turtle_sim_project/install/hh_turtle_bringups/bin'
[1.044s] INFO:colcon.colcon_core.shell:Creating package script '/home/hrishikesh/projects/turtle_sim_project/install/hh_turtle_bringups/share/hh_turtle_bringups/package.ps1'
[1.044s] INFO:colcon.colcon_core.shell:Creating package descriptor '/home/hrishikesh/projects/turtle_sim_project/install/hh_turtle_bringups/share/hh_turtle_bringups/package.dsv'
[1.045s] INFO:colcon.colcon_core.shell:Creating package script '/home/hrishikesh/projects/turtle_sim_project/install/hh_turtle_bringups/share/hh_turtle_bringups/package.sh'
[1.045s] INFO:colcon.colcon_core.shell:Creating package script '/home/hrishikesh/projects/turtle_sim_project/install/hh_turtle_bringups/share/hh_turtle_bringups/package.bash'
[1.046s] INFO:colcon.colcon_core.shell:Creating package script '/home/hrishikesh/projects/turtle_sim_project/install/hh_turtle_bringups/share/hh_turtle_bringups/package.zsh'
[1.046s] Level 1:colcon.colcon_core.environment:create_file_with_runtime_dependencies(/home/hrishikesh/projects/turtle_sim_project/install/hh_turtle_bringups/share/colcon-core/packages/hh_turtle_bringups)
[1.083s] Level 1:colcon.colcon_core.environment:create_environment_scripts_only(hh_turtle_bringups)
[1.083s] Level 1:colcon.colcon_core.environment:checking '/home/hrishikesh/projects/turtle_sim_project/install/hh_turtle_bringups' for CMake module files
[1.084s] Level 1:colcon.colcon_core.environment:checking '/home/hrishikesh/projects/turtle_sim_project/install/hh_turtle_bringups' for CMake config files
[1.084s] Level 1:colcon.colcon_core.shell:create_environment_hook('hh_turtle_bringups', 'cmake_prefix_path')
[1.084s] INFO:colcon.colcon_core.shell:Creating environment hook '/home/hrishikesh/projects/turtle_sim_project/install/hh_turtle_bringups/share/hh_turtle_bringups/hook/cmake_prefix_path.ps1'
[1.085s] INFO:colcon.colcon_core.shell:Creating environment descriptor '/home/hrishikesh/projects/turtle_sim_project/install/hh_turtle_bringups/share/hh_turtle_bringups/hook/cmake_prefix_path.dsv'
[1.085s] INFO:colcon.colcon_core.shell:Creating environment hook '/home/hrishikesh/projects/turtle_sim_project/install/hh_turtle_bringups/share/hh_turtle_bringups/hook/cmake_prefix_path.sh'
[1.086s] Level 1:colcon.colcon_core.environment:checking '/home/hrishikesh/projects/turtle_sim_project/install/hh_turtle_bringups/bin'
[1.086s] Level 1:colcon.colcon_core.environment:checking '/home/hrishikesh/projects/turtle_sim_project/install/hh_turtle_bringups/lib/pkgconfig/hh_turtle_bringups.pc'
[1.086s] Level 1:colcon.colcon_core.environment:checking '/home/hrishikesh/projects/turtle_sim_project/install/hh_turtle_bringups/lib/python3.10/site-packages'
[1.087s] Level 1:colcon.colcon_core.environment:checking '/home/hrishikesh/projects/turtle_sim_project/install/hh_turtle_bringups/bin'
[1.087s] INFO:colcon.colcon_core.shell:Creating package script '/home/hrishikesh/projects/turtle_sim_project/install/hh_turtle_bringups/share/hh_turtle_bringups/package.ps1'
[1.088s] INFO:colcon.colcon_core.shell:Creating package descriptor '/home/hrishikesh/projects/turtle_sim_project/install/hh_turtle_bringups/share/hh_turtle_bringups/package.dsv'
[1.088s] INFO:colcon.colcon_core.shell:Creating package script '/home/hrishikesh/projects/turtle_sim_project/install/hh_turtle_bringups/share/hh_turtle_bringups/package.sh'
[1.089s] INFO:colcon.colcon_core.shell:Creating package script '/home/hrishikesh/projects/turtle_sim_project/install/hh_turtle_bringups/share/hh_turtle_bringups/package.bash'
[1.089s] INFO:colcon.colcon_core.shell:Creating package script '/home/hrishikesh/projects/turtle_sim_project/install/hh_turtle_bringups/share/hh_turtle_bringups/package.zsh'
[1.090s] Level 1:colcon.colcon_core.environment:create_file_with_runtime_dependencies(/home/hrishikesh/projects/turtle_sim_project/install/hh_turtle_bringups/share/colcon-core/packages/hh_turtle_bringups)
[1.090s] DEBUG:colcon.colcon_parallel_executor.executor.parallel:closing loop
[1.090s] DEBUG:colcon.colcon_parallel_executor.executor.parallel:loop closed
[1.090s] DEBUG:colcon.colcon_parallel_executor.executor.parallel:run_until_complete finished with '0'
[1.090s] DEBUG:colcon.colcon_core.event_reactor:joining thread
[1.098s] INFO:colcon.colcon_core.plugin_system:Skipping extension 'colcon_notification.desktop_notification.terminal_notifier': Not used on non-Darwin systems
[1.099s] INFO:colcon.colcon_core.plugin_system:Skipping extension 'colcon_notification.desktop_notification.win32': Not used on non-Windows systems
[1.099s] INFO:colcon.colcon_notification.desktop_notification:Sending desktop notification using 'notify2'
[1.120s] DEBUG:colcon.colcon_core.event_reactor:joined thread
[1.120s] INFO:colcon.colcon_core.shell:Creating prefix script '/home/hrishikesh/projects/turtle_sim_project/install/local_setup.ps1'
[1.121s] INFO:colcon.colcon_core.shell:Creating prefix util module '/home/hrishikesh/projects/turtle_sim_project/install/_local_setup_util_ps1.py'
[1.122s] INFO:colcon.colcon_core.shell:Creating prefix chain script '/home/hrishikesh/projects/turtle_sim_project/install/setup.ps1'
[1.123s] INFO:colcon.colcon_core.shell:Creating prefix script '/home/hrishikesh/projects/turtle_sim_project/install/local_setup.sh'
[1.124s] INFO:colcon.colcon_core.shell:Creating prefix util module '/home/hrishikesh/projects/turtle_sim_project/install/_local_setup_util_sh.py'
[1.124s] INFO:colcon.colcon_core.shell:Creating prefix chain script '/home/hrishikesh/projects/turtle_sim_project/install/setup.sh'
[1.125s] INFO:colcon.colcon_core.shell:Creating prefix script '/home/hrishikesh/projects/turtle_sim_project/install/local_setup.bash'
[1.125s] INFO:colcon.colcon_core.shell:Creating prefix chain script '/home/hrishikesh/projects/turtle_sim_project/install/setup.bash'
[1.126s] INFO:colcon.colcon_core.shell:Creating prefix script '/home/hrishikesh/projects/turtle_sim_project/install/local_setup.zsh'
[1.126s] INFO:colcon.colcon_core.shell:Creating prefix chain script '/home/hrishikesh/projects/turtle_sim_project/install/setup.zsh'
