[0.009s] Invoking command in '/home/hrishikesh/projects/turtle_sim_project/build/hh_tt_interfaces': CMAKE_PREFIX_PATH=${CMAKE_PREFIX_PATH}:/home/hrishikesh/projects/turtle_sim_project/install/hh_turtle_bot:/home/hrishikesh/projects/ros_2/install/hh_py_pkg:/opt/ros/humble /usr/bin/cmake --build /home/hrishikesh/projects/turtle_sim_project/build/hh_tt_interfaces -- -j24 -l24
[0.024s] -- Found ament_cmake: 1.3.9 (/opt/ros/humble/share/ament_cmake/cmake)
[0.100s] -- Found rosidl_default_generators: 1.2.0 (/opt/ros/humble/share/rosidl_default_generators/cmake)
[0.101s] -- Using all available rosidl_typesupport_c: rosidl_typesupport_fastrtps_c;rosidl_typesupport_introspection_c
[0.102s] -- Found rosidl_adapter: 3.1.5 (/opt/ros/humble/share/rosidl_adapter/cmake)
[0.120s] -- Using all available rosidl_typesupport_cpp: rosidl_typesupport_fastrtps_cpp;rosidl_typesupport_introspection_cpp
[0.290s] -- Found ament_cmake_ros: 0.10.0 (/opt/ros/humble/share/ament_cmake_ros/cmake)
[0.404s] -- Using all available rosidl_typesupport_c: rosidl_typesupport_fastrtps_c;rosidl_typesupport_introspection_c
[0.556s] -- Using all available rosidl_typesupport_cpp: rosidl_typesupport_fastrtps_cpp;rosidl_typesupport_introspection_cpp
[0.572s] -- Found python_cmake_module: 0.10.0 (/opt/ros/humble/share/python_cmake_module/cmake)
[0.587s] -- Using PYTHON_EXECUTABLE: /usr/bin/python3
[0.587s] -- Using PYTHON_INCLUDE_DIRS: /usr/include/python3.10
[0.587s] -- Using PYTHON_LIBRARIES: /usr/lib/x86_64-linux-gnu/libpython3.10.so
[0.600s] -- Configuring done
[0.638s] -- Generating done
[0.641s] -- Build files have been written to: /home/hrishikesh/projects/turtle_sim_project/build/hh_tt_interfaces
[0.667s] [  2%] [34m[1mGenerating C code for ROS interfaces[0m
[0.675s] [  5%] [34m[1mGenerating C++ code for ROS interfaces[0m
[0.685s] [  5%] Built target ament_cmake_python_copy_hh_tt_interfaces
[0.824s] running egg_info
[0.824s] writing hh_tt_interfaces.egg-info/PKG-INFO
[0.824s] writing dependency_links to hh_tt_interfaces.egg-info/dependency_links.txt
[0.824s] writing top-level names to hh_tt_interfaces.egg-info/top_level.txt
[0.826s] reading manifest file 'hh_tt_interfaces.egg-info/SOURCES.txt'
[0.826s] writing manifest file 'hh_tt_interfaces.egg-info/SOURCES.txt'
[0.836s] [  5%] Built target hh_tt_interfaces__cpp
[0.838s] [35m[1mConsolidate compiler generated dependencies of target hh_tt_interfaces__rosidl_generator_c[0m
[0.843s] [ 12%] [34m[1mGenerating C++ introspection for ROS interfaces[0m
[0.843s] [ 12%] [34m[1mGenerating C++ type support for eProsima Fast-RTPS[0m
[0.843s] [ 12%] [34m[1mGenerating C++ type support dispatch for ROS interfaces[0m
[0.845s] [ 17%] [32mBuilding C object CMakeFiles/hh_tt_interfaces__rosidl_generator_c.dir/rosidl_generator_c/hh_tt_interfaces/msg/detail/turtle_array__functions.c.o[0m
[0.846s] [ 17%] [32mBuilding C object CMakeFiles/hh_tt_interfaces__rosidl_generator_c.dir/rosidl_generator_c/hh_tt_interfaces/msg/detail/turtle__functions.c.o[0m
[0.850s] [ 17%] Built target ament_cmake_python_build_hh_tt_interfaces_egg
[0.896s] [ 20%] [32m[1mLinking C shared library libhh_tt_interfaces__rosidl_generator_c.so[0m
[0.924s] [ 20%] Built target hh_tt_interfaces__rosidl_generator_c
[0.930s] [ 28%] [34m[1mGenerating C type support dispatch for ROS interfaces[0m
[0.930s] [ 28%] [34m[1mGenerating C type support for eProsima Fast-RTPS[0m
[0.930s] [ 28%] [34m[1mGenerating C introspection for ROS interfaces[0m
[0.981s] [35m[1mConsolidate compiler generated dependencies of target hh_tt_interfaces__rosidl_typesupport_cpp[0m
[0.989s] [ 30%] [32mBuilding CXX object CMakeFiles/hh_tt_interfaces__rosidl_typesupport_cpp.dir/rosidl_typesupport_cpp/hh_tt_interfaces/msg/turtle__type_support.cpp.o[0m
[0.991s] [ 33%] [32mBuilding CXX object CMakeFiles/hh_tt_interfaces__rosidl_typesupport_cpp.dir/rosidl_typesupport_cpp/hh_tt_interfaces/msg/turtle_array__type_support.cpp.o[0m
[0.993s] [35m[1mConsolidate compiler generated dependencies of target hh_tt_interfaces__rosidl_typesupport_introspection_cpp[0m
[1.001s] [35m[1mConsolidate compiler generated dependencies of target hh_tt_interfaces__rosidl_typesupport_fastrtps_cpp[0m
[1.001s] [ 38%] [32mBuilding CXX object CMakeFiles/hh_tt_interfaces__rosidl_typesupport_introspection_cpp.dir/rosidl_typesupport_introspection_cpp/hh_tt_interfaces/msg/detail/turtle__type_support.cpp.o[0m
[1.002s] [ 38%] [32mBuilding CXX object CMakeFiles/hh_tt_interfaces__rosidl_typesupport_introspection_cpp.dir/rosidl_typesupport_introspection_cpp/hh_tt_interfaces/msg/detail/turtle_array__type_support.cpp.o[0m
[1.011s] [ 43%] [32mBuilding CXX object CMakeFiles/hh_tt_interfaces__rosidl_typesupport_fastrtps_cpp.dir/rosidl_typesupport_fastrtps_cpp/hh_tt_interfaces/msg/detail/dds_fastrtps/turtle__type_support.cpp.o[0m
[1.011s] [ 43%] [32mBuilding CXX object CMakeFiles/hh_tt_interfaces__rosidl_typesupport_fastrtps_cpp.dir/rosidl_typesupport_fastrtps_cpp/hh_tt_interfaces/msg/detail/dds_fastrtps/turtle_array__type_support.cpp.o[0m
[1.083s] [35m[1mConsolidate compiler generated dependencies of target hh_tt_interfaces__rosidl_typesupport_c[0m
[1.092s] [ 46%] [32mBuilding CXX object CMakeFiles/hh_tt_interfaces__rosidl_typesupport_c.dir/rosidl_typesupport_c/hh_tt_interfaces/msg/turtle__type_support.cpp.o[0m
[1.094s] [ 48%] [32mBuilding CXX object CMakeFiles/hh_tt_interfaces__rosidl_typesupport_c.dir/rosidl_typesupport_c/hh_tt_interfaces/msg/turtle_array__type_support.cpp.o[0m
[1.104s] [35m[1mConsolidate compiler generated dependencies of target hh_tt_interfaces__rosidl_typesupport_fastrtps_c[0m
[1.113s] [ 51%] [32mBuilding CXX object CMakeFiles/hh_tt_interfaces__rosidl_typesupport_fastrtps_c.dir/rosidl_typesupport_fastrtps_c/hh_tt_interfaces/msg/detail/turtle__type_support_c.cpp.o[0m
[1.116s] [ 53%] [32mBuilding CXX object CMakeFiles/hh_tt_interfaces__rosidl_typesupport_fastrtps_c.dir/rosidl_typesupport_fastrtps_c/hh_tt_interfaces/msg/detail/turtle_array__type_support_c.cpp.o[0m
[1.117s] [ 56%] [32m[1mLinking CXX shared library libhh_tt_interfaces__rosidl_typesupport_c.so[0m
[1.118s] [35m[1mConsolidate compiler generated dependencies of target hh_tt_interfaces__rosidl_typesupport_introspection_c[0m
[1.126s] [ 58%] [32mBuilding C object CMakeFiles/hh_tt_interfaces__rosidl_typesupport_introspection_c.dir/rosidl_typesupport_introspection_c/hh_tt_interfaces/msg/detail/turtle__type_support.c.o[0m
[1.129s] [ 61%] [32mBuilding C object CMakeFiles/hh_tt_interfaces__rosidl_typesupport_introspection_c.dir/rosidl_typesupport_introspection_c/hh_tt_interfaces/msg/detail/turtle_array__type_support.c.o[0m
[1.156s] [ 64%] [32m[1mLinking C shared library libhh_tt_interfaces__rosidl_typesupport_introspection_c.so[0m
[1.159s] [ 64%] Built target hh_tt_interfaces__rosidl_typesupport_c
[1.180s] [ 64%] Built target hh_tt_interfaces__rosidl_typesupport_introspection_c
[1.185s] [ 66%] [32m[1mLinking CXX shared library libhh_tt_interfaces__rosidl_typesupport_cpp.so[0m
[1.214s] [ 66%] Built target hh_tt_interfaces__rosidl_typesupport_cpp
[1.275s] [ 69%] [32m[1mLinking CXX shared library libhh_tt_interfaces__rosidl_typesupport_introspection_cpp.so[0m
[1.287s] [ 71%] [32m[1mLinking CXX shared library libhh_tt_interfaces__rosidl_typesupport_fastrtps_cpp.so[0m
[1.307s] [ 74%] [32m[1mLinking CXX shared library libhh_tt_interfaces__rosidl_typesupport_fastrtps_c.so[0m
[1.324s] [ 74%] Built target hh_tt_interfaces__rosidl_typesupport_introspection_cpp
[1.338s] [ 74%] Built target hh_tt_interfaces__rosidl_typesupport_fastrtps_cpp
[1.355s] [ 74%] Built target hh_tt_interfaces__rosidl_typesupport_fastrtps_c
[1.369s] [ 74%] Built target hh_tt_interfaces
[1.390s] [ 76%] [34m[1mGenerating Python code for ROS interfaces[0m
[1.591s] [ 76%] Built target hh_tt_interfaces__py
[1.598s] [35m[1mConsolidate compiler generated dependencies of target hh_tt_interfaces__rosidl_generator_py[0m
[1.606s] [ 82%] [32mBuilding C object CMakeFiles/hh_tt_interfaces__rosidl_generator_py.dir/rosidl_generator_py/hh_tt_interfaces/msg/_turtle_s.c.o[0m
[1.607s] [ 82%] [32mBuilding C object CMakeFiles/hh_tt_interfaces__rosidl_generator_py.dir/rosidl_generator_py/hh_tt_interfaces/msg/_turtle_array_s.c.o[0m
[1.679s] [ 84%] [32m[1mLinking C shared library rosidl_generator_py/hh_tt_interfaces/libhh_tt_interfaces__rosidl_generator_py.so[0m
[1.705s] [ 84%] Built target hh_tt_interfaces__rosidl_generator_py
[1.712s] [35m[1mConsolidate compiler generated dependencies of target hh_tt_interfaces__rosidl_typesupport_introspection_c__pyext[0m
[1.712s] [35m[1mConsolidate compiler generated dependencies of target hh_tt_interfaces__rosidl_typesupport_fastrtps_c__pyext[0m
[1.712s] [35m[1mConsolidate compiler generated dependencies of target hh_tt_interfaces__rosidl_typesupport_c__pyext[0m
[1.720s] [ 89%] [32mBuilding C object CMakeFiles/hh_tt_interfaces__rosidl_typesupport_introspection_c__pyext.dir/rosidl_generator_py/hh_tt_interfaces/_hh_tt_interfaces_s.ep.rosidl_typesupport_introspection_c.c.o[0m
[1.721s] [ 92%] [32mBuilding C object CMakeFiles/hh_tt_interfaces__rosidl_typesupport_c__pyext.dir/rosidl_generator_py/hh_tt_interfaces/_hh_tt_interfaces_s.ep.rosidl_typesupport_c.c.o[0m
[1.721s] [ 92%] [32mBuilding C object CMakeFiles/hh_tt_interfaces__rosidl_typesupport_fastrtps_c__pyext.dir/rosidl_generator_py/hh_tt_interfaces/_hh_tt_interfaces_s.ep.rosidl_typesupport_fastrtps_c.c.o[0m
[1.772s] [100%] [32m[1mLinking C shared library rosidl_generator_py/hh_tt_interfaces/hh_tt_interfaces_s__rosidl_typesupport_fastrtps_c.cpython-310-x86_64-linux-gnu.so[0m
[1.772s] [100%] [32m[1mLinking C shared library rosidl_generator_py/hh_tt_interfaces/hh_tt_interfaces_s__rosidl_typesupport_introspection_c.cpython-310-x86_64-linux-gnu.so[0m
[1.772s] [100%] [32m[1mLinking C shared library rosidl_generator_py/hh_tt_interfaces/hh_tt_interfaces_s__rosidl_typesupport_c.cpython-310-x86_64-linux-gnu.so[0m
[1.792s] [100%] Built target hh_tt_interfaces__rosidl_typesupport_introspection_c__pyext
[1.792s] [100%] Built target hh_tt_interfaces__rosidl_typesupport_c__pyext
[1.792s] [100%] Built target hh_tt_interfaces__rosidl_typesupport_fastrtps_c__pyext
[1.798s] Invoked command in '/home/hrishikesh/projects/turtle_sim_project/build/hh_tt_interfaces' returned '0': CMAKE_PREFIX_PATH=${CMAKE_PREFIX_PATH}:/home/hrishikesh/projects/turtle_sim_project/install/hh_turtle_bot:/home/hrishikesh/projects/ros_2/install/hh_py_pkg:/opt/ros/humble /usr/bin/cmake --build /home/hrishikesh/projects/turtle_sim_project/build/hh_tt_interfaces -- -j24 -l24
[1.898s] Invoking command in '/home/hrishikesh/projects/turtle_sim_project/build/hh_tt_interfaces': CMAKE_PREFIX_PATH=${CMAKE_PREFIX_PATH}:/home/hrishikesh/projects/turtle_sim_project/install/hh_turtle_bot:/home/hrishikesh/projects/ros_2/install/hh_py_pkg:/opt/ros/humble /usr/bin/cmake --install /home/hrishikesh/projects/turtle_sim_project/build/hh_tt_interfaces
[1.906s] -- Install configuration: ""
[1.906s] -- Up-to-date: /home/hrishikesh/projects/turtle_sim_project/install/hh_tt_interfaces/share/ament_index/resource_index/rosidl_interfaces/hh_tt_interfaces
[1.906s] -- Up-to-date: /home/hrishikesh/projects/turtle_sim_project/install/hh_tt_interfaces/include/hh_tt_interfaces/hh_tt_interfaces
[1.906s] -- Up-to-date: /home/hrishikesh/projects/turtle_sim_project/install/hh_tt_interfaces/include/hh_tt_interfaces/hh_tt_interfaces/msg
[1.906s] -- Up-to-date: /home/hrishikesh/projects/turtle_sim_project/install/hh_tt_interfaces/include/hh_tt_interfaces/hh_tt_interfaces/msg/detail
[1.906s] -- Installing: /home/hrishikesh/projects/turtle_sim_project/install/hh_tt_interfaces/include/hh_tt_interfaces/hh_tt_interfaces/msg/detail/turtle_array__functions.h
[1.906s] -- Installing: /home/hrishikesh/projects/turtle_sim_project/install/hh_tt_interfaces/include/hh_tt_interfaces/hh_tt_interfaces/msg/detail/turtle_array__struct.h
[1.907s] -- Installing: /home/hrishikesh/projects/turtle_sim_project/install/hh_tt_interfaces/include/hh_tt_interfaces/hh_tt_interfaces/msg/detail/turtle__functions.h
[1.907s] -- Installing: /home/hrishikesh/projects/turtle_sim_project/install/hh_tt_interfaces/include/hh_tt_interfaces/hh_tt_interfaces/msg/detail/turtle_array__functions.c
[1.907s] -- Installing: /home/hrishikesh/projects/turtle_sim_project/install/hh_tt_interfaces/include/hh_tt_interfaces/hh_tt_interfaces/msg/detail/turtle__struct.h
[1.907s] -- Installing: /home/hrishikesh/projects/turtle_sim_project/install/hh_tt_interfaces/include/hh_tt_interfaces/hh_tt_interfaces/msg/detail/turtle_array__type_support.h
[1.907s] -- Installing: /home/hrishikesh/projects/turtle_sim_project/install/hh_tt_interfaces/include/hh_tt_interfaces/hh_tt_interfaces/msg/detail/turtle__functions.c
[1.907s] -- Installing: /home/hrishikesh/projects/turtle_sim_project/install/hh_tt_interfaces/include/hh_tt_interfaces/hh_tt_interfaces/msg/detail/turtle__type_support.h
[1.907s] -- Up-to-date: /home/hrishikesh/projects/turtle_sim_project/install/hh_tt_interfaces/include/hh_tt_interfaces/hh_tt_interfaces/msg/rosidl_generator_c__visibility_control.h
[1.907s] -- Installing: /home/hrishikesh/projects/turtle_sim_project/install/hh_tt_interfaces/include/hh_tt_interfaces/hh_tt_interfaces/msg/turtle.h
[1.907s] -- Installing: /home/hrishikesh/projects/turtle_sim_project/install/hh_tt_interfaces/include/hh_tt_interfaces/hh_tt_interfaces/msg/turtle_array.h
[1.907s] -- Up-to-date: /home/hrishikesh/projects/turtle_sim_project/install/hh_tt_interfaces/share/hh_tt_interfaces/environment/library_path.sh
[1.907s] -- Installing: /home/hrishikesh/projects/turtle_sim_project/install/hh_tt_interfaces/share/hh_tt_interfaces/environment/library_path.dsv
[1.918s] -- Installing: /home/hrishikesh/projects/turtle_sim_project/install/hh_tt_interfaces/lib/libhh_tt_interfaces__rosidl_generator_c.so
[1.918s] -- Set runtime path of "/home/hrishikesh/projects/turtle_sim_project/install/hh_tt_interfaces/lib/libhh_tt_interfaces__rosidl_generator_c.so" to ""
[1.919s] -- Up-to-date: /home/hrishikesh/projects/turtle_sim_project/install/hh_tt_interfaces/include/hh_tt_interfaces/hh_tt_interfaces
[1.919s] -- Up-to-date: /home/hrishikesh/projects/turtle_sim_project/install/hh_tt_interfaces/include/hh_tt_interfaces/hh_tt_interfaces/msg
[1.919s] -- Up-to-date: /home/hrishikesh/projects/turtle_sim_project/install/hh_tt_interfaces/include/hh_tt_interfaces/hh_tt_interfaces/msg/rosidl_typesupport_fastrtps_c__visibility_control.h
[1.919s] -- Up-to-date: /home/hrishikesh/projects/turtle_sim_project/install/hh_tt_interfaces/include/hh_tt_interfaces/hh_tt_interfaces/msg/detail
[1.919s] -- Installing: /home/hrishikesh/projects/turtle_sim_project/install/hh_tt_interfaces/include/hh_tt_interfaces/hh_tt_interfaces/msg/detail/turtle__rosidl_typesupport_fastrtps_c.h
[1.919s] -- Installing: /home/hrishikesh/projects/turtle_sim_project/install/hh_tt_interfaces/include/hh_tt_interfaces/hh_tt_interfaces/msg/detail/turtle_array__rosidl_typesupport_fastrtps_c.h
[1.921s] -- Installing: /home/hrishikesh/projects/turtle_sim_project/install/hh_tt_interfaces/lib/libhh_tt_interfaces__rosidl_typesupport_fastrtps_c.so
[1.921s] -- Set runtime path of "/home/hrishikesh/projects/turtle_sim_project/install/hh_tt_interfaces/lib/libhh_tt_interfaces__rosidl_typesupport_fastrtps_c.so" to ""
[1.921s] -- Up-to-date: /home/hrishikesh/projects/turtle_sim_project/install/hh_tt_interfaces/include/hh_tt_interfaces/hh_tt_interfaces
[1.921s] -- Up-to-date: /home/hrishikesh/projects/turtle_sim_project/install/hh_tt_interfaces/include/hh_tt_interfaces/hh_tt_interfaces/msg
[1.922s] -- Up-to-date: /home/hrishikesh/projects/turtle_sim_project/install/hh_tt_interfaces/include/hh_tt_interfaces/hh_tt_interfaces/msg/detail
[1.922s] -- Installing: /home/hrishikesh/projects/turtle_sim_project/install/hh_tt_interfaces/include/hh_tt_interfaces/hh_tt_interfaces/msg/detail/turtle__rosidl_typesupport_introspection_c.h
[1.922s] -- Installing: /home/hrishikesh/projects/turtle_sim_project/install/hh_tt_interfaces/include/hh_tt_interfaces/hh_tt_interfaces/msg/detail/turtle__type_support.c
[1.922s] -- Installing: /home/hrishikesh/projects/turtle_sim_project/install/hh_tt_interfaces/include/hh_tt_interfaces/hh_tt_interfaces/msg/detail/turtle_array__rosidl_typesupport_introspection_c.h
[1.922s] -- Installing: /home/hrishikesh/projects/turtle_sim_project/install/hh_tt_interfaces/include/hh_tt_interfaces/hh_tt_interfaces/msg/detail/turtle_array__type_support.c
[1.922s] -- Up-to-date: /home/hrishikesh/projects/turtle_sim_project/install/hh_tt_interfaces/include/hh_tt_interfaces/hh_tt_interfaces/msg/rosidl_typesupport_introspection_c__visibility_control.h
[1.923s] -- Installing: /home/hrishikesh/projects/turtle_sim_project/install/hh_tt_interfaces/lib/libhh_tt_interfaces__rosidl_typesupport_introspection_c.so
[1.923s] -- Set runtime path of "/home/hrishikesh/projects/turtle_sim_project/install/hh_tt_interfaces/lib/libhh_tt_interfaces__rosidl_typesupport_introspection_c.so" to ""
[1.923s] -- Installing: /home/hrishikesh/projects/turtle_sim_project/install/hh_tt_interfaces/lib/libhh_tt_interfaces__rosidl_typesupport_c.so
[1.924s] -- Set runtime path of "/home/hrishikesh/projects/turtle_sim_project/install/hh_tt_interfaces/lib/libhh_tt_interfaces__rosidl_typesupport_c.so" to ""
[1.924s] -- Up-to-date: /home/hrishikesh/projects/turtle_sim_project/install/hh_tt_interfaces/include/hh_tt_interfaces/hh_tt_interfaces
[1.924s] -- Up-to-date: /home/hrishikesh/projects/turtle_sim_project/install/hh_tt_interfaces/include/hh_tt_interfaces/hh_tt_interfaces/msg
[1.924s] -- Installing: /home/hrishikesh/projects/turtle_sim_project/install/hh_tt_interfaces/include/hh_tt_interfaces/hh_tt_interfaces/msg/turtle_array.hpp
[1.924s] -- Installing: /home/hrishikesh/projects/turtle_sim_project/install/hh_tt_interfaces/include/hh_tt_interfaces/hh_tt_interfaces/msg/turtle.hpp
[1.924s] -- Up-to-date: /home/hrishikesh/projects/turtle_sim_project/install/hh_tt_interfaces/include/hh_tt_interfaces/hh_tt_interfaces/msg/detail
[1.924s] -- Installing: /home/hrishikesh/projects/turtle_sim_project/install/hh_tt_interfaces/include/hh_tt_interfaces/hh_tt_interfaces/msg/detail/turtle_array__struct.hpp
[1.924s] -- Installing: /home/hrishikesh/projects/turtle_sim_project/install/hh_tt_interfaces/include/hh_tt_interfaces/hh_tt_interfaces/msg/detail/turtle__struct.hpp
[1.924s] -- Installing: /home/hrishikesh/projects/turtle_sim_project/install/hh_tt_interfaces/include/hh_tt_interfaces/hh_tt_interfaces/msg/detail/turtle__traits.hpp
[1.925s] -- Installing: /home/hrishikesh/projects/turtle_sim_project/install/hh_tt_interfaces/include/hh_tt_interfaces/hh_tt_interfaces/msg/detail/turtle_array__builder.hpp
[1.925s] -- Installing: /home/hrishikesh/projects/turtle_sim_project/install/hh_tt_interfaces/include/hh_tt_interfaces/hh_tt_interfaces/msg/detail/turtle__builder.hpp
[1.925s] -- Installing: /home/hrishikesh/projects/turtle_sim_project/install/hh_tt_interfaces/include/hh_tt_interfaces/hh_tt_interfaces/msg/detail/turtle_array__traits.hpp
[1.925s] -- Up-to-date: /home/hrishikesh/projects/turtle_sim_project/install/hh_tt_interfaces/include/hh_tt_interfaces/hh_tt_interfaces
[1.925s] -- Up-to-date: /home/hrishikesh/projects/turtle_sim_project/install/hh_tt_interfaces/include/hh_tt_interfaces/hh_tt_interfaces/msg
[1.925s] -- Up-to-date: /home/hrishikesh/projects/turtle_sim_project/install/hh_tt_interfaces/include/hh_tt_interfaces/hh_tt_interfaces/msg/detail
[1.925s] -- Up-to-date: /home/hrishikesh/projects/turtle_sim_project/install/hh_tt_interfaces/include/hh_tt_interfaces/hh_tt_interfaces/msg/detail/dds_fastrtps
[1.925s] -- Installing: /home/hrishikesh/projects/turtle_sim_project/install/hh_tt_interfaces/include/hh_tt_interfaces/hh_tt_interfaces/msg/detail/turtle_array__rosidl_typesupport_fastrtps_cpp.hpp
[1.925s] -- Installing: /home/hrishikesh/projects/turtle_sim_project/install/hh_tt_interfaces/include/hh_tt_interfaces/hh_tt_interfaces/msg/detail/turtle__rosidl_typesupport_fastrtps_cpp.hpp
[1.925s] -- Up-to-date: /home/hrishikesh/projects/turtle_sim_project/install/hh_tt_interfaces/include/hh_tt_interfaces/hh_tt_interfaces/msg/rosidl_typesupport_fastrtps_cpp__visibility_control.h
[1.926s] -- Installing: /home/hrishikesh/projects/turtle_sim_project/install/hh_tt_interfaces/lib/libhh_tt_interfaces__rosidl_typesupport_fastrtps_cpp.so
[1.926s] -- Set runtime path of "/home/hrishikesh/projects/turtle_sim_project/install/hh_tt_interfaces/lib/libhh_tt_interfaces__rosidl_typesupport_fastrtps_cpp.so" to ""
[1.926s] -- Up-to-date: /home/hrishikesh/projects/turtle_sim_project/install/hh_tt_interfaces/include/hh_tt_interfaces/hh_tt_interfaces
[1.926s] -- Up-to-date: /home/hrishikesh/projects/turtle_sim_project/install/hh_tt_interfaces/include/hh_tt_interfaces/hh_tt_interfaces/msg
[1.926s] -- Up-to-date: /home/hrishikesh/projects/turtle_sim_project/install/hh_tt_interfaces/include/hh_tt_interfaces/hh_tt_interfaces/msg/detail
[1.926s] -- Installing: /home/hrishikesh/projects/turtle_sim_project/install/hh_tt_interfaces/include/hh_tt_interfaces/hh_tt_interfaces/msg/detail/turtle__type_support.cpp
[1.926s] -- Installing: /home/hrishikesh/projects/turtle_sim_project/install/hh_tt_interfaces/include/hh_tt_interfaces/hh_tt_interfaces/msg/detail/turtle_array__type_support.cpp
[1.926s] -- Installing: /home/hrishikesh/projects/turtle_sim_project/install/hh_tt_interfaces/include/hh_tt_interfaces/hh_tt_interfaces/msg/detail/turtle__rosidl_typesupport_introspection_cpp.hpp
[1.926s] -- Installing: /home/hrishikesh/projects/turtle_sim_project/install/hh_tt_interfaces/include/hh_tt_interfaces/hh_tt_interfaces/msg/detail/turtle_array__rosidl_typesupport_introspection_cpp.hpp
[1.927s] -- Installing: /home/hrishikesh/projects/turtle_sim_project/install/hh_tt_interfaces/lib/libhh_tt_interfaces__rosidl_typesupport_introspection_cpp.so
[1.927s] -- Set runtime path of "/home/hrishikesh/projects/turtle_sim_project/install/hh_tt_interfaces/lib/libhh_tt_interfaces__rosidl_typesupport_introspection_cpp.so" to ""
[1.928s] -- Installing: /home/hrishikesh/projects/turtle_sim_project/install/hh_tt_interfaces/lib/libhh_tt_interfaces__rosidl_typesupport_cpp.so
[1.928s] -- Set runtime path of "/home/hrishikesh/projects/turtle_sim_project/install/hh_tt_interfaces/lib/libhh_tt_interfaces__rosidl_typesupport_cpp.so" to ""
[1.928s] -- Up-to-date: /home/hrishikesh/projects/turtle_sim_project/install/hh_tt_interfaces/share/hh_tt_interfaces/environment/pythonpath.sh
[1.928s] -- Installing: /home/hrishikesh/projects/turtle_sim_project/install/hh_tt_interfaces/share/hh_tt_interfaces/environment/pythonpath.dsv
[1.928s] -- Up-to-date: /home/hrishikesh/projects/turtle_sim_project/install/hh_tt_interfaces/local/lib/python3.10/dist-packages/hh_tt_interfaces-0.0.0-py3.10.egg-info
[1.928s] -- Installing: /home/hrishikesh/projects/turtle_sim_project/install/hh_tt_interfaces/local/lib/python3.10/dist-packages/hh_tt_interfaces-0.0.0-py3.10.egg-info/PKG-INFO
[1.928s] -- Installing: /home/hrishikesh/projects/turtle_sim_project/install/hh_tt_interfaces/local/lib/python3.10/dist-packages/hh_tt_interfaces-0.0.0-py3.10.egg-info/SOURCES.txt
[1.928s] -- Installing: /home/hrishikesh/projects/turtle_sim_project/install/hh_tt_interfaces/local/lib/python3.10/dist-packages/hh_tt_interfaces-0.0.0-py3.10.egg-info/dependency_links.txt
[1.928s] -- Installing: /home/hrishikesh/projects/turtle_sim_project/install/hh_tt_interfaces/local/lib/python3.10/dist-packages/hh_tt_interfaces-0.0.0-py3.10.egg-info/top_level.txt
[1.928s] -- Up-to-date: /home/hrishikesh/projects/turtle_sim_project/install/hh_tt_interfaces/local/lib/python3.10/dist-packages/hh_tt_interfaces
[1.929s] -- Installing: /home/hrishikesh/projects/turtle_sim_project/install/hh_tt_interfaces/local/lib/python3.10/dist-packages/hh_tt_interfaces/hh_tt_interfaces_s__rosidl_typesupport_c.cpython-310-x86_64-linux-gnu.so
[1.929s] -- Installing: /home/hrishikesh/projects/turtle_sim_project/install/hh_tt_interfaces/local/lib/python3.10/dist-packages/hh_tt_interfaces/hh_tt_interfaces_s__rosidl_typesupport_fastrtps_c.cpython-310-x86_64-linux-gnu.so
[1.929s] -- Installing: /home/hrishikesh/projects/turtle_sim_project/install/hh_tt_interfaces/local/lib/python3.10/dist-packages/hh_tt_interfaces/_hh_tt_interfaces_s.ep.rosidl_typesupport_c.c
[1.929s] -- Installing: /home/hrishikesh/projects/turtle_sim_project/install/hh_tt_interfaces/local/lib/python3.10/dist-packages/hh_tt_interfaces/__init__.py
[1.929s] -- Installing: /home/hrishikesh/projects/turtle_sim_project/install/hh_tt_interfaces/local/lib/python3.10/dist-packages/hh_tt_interfaces/hh_tt_interfaces_s__rosidl_typesupport_introspection_c.cpython-310-x86_64-linux-gnu.so
[1.929s] -- Installing: /home/hrishikesh/projects/turtle_sim_project/install/hh_tt_interfaces/local/lib/python3.10/dist-packages/hh_tt_interfaces/_hh_tt_interfaces_s.ep.rosidl_typesupport_introspection_c.c
[1.929s] -- Up-to-date: /home/hrishikesh/projects/turtle_sim_project/install/hh_tt_interfaces/local/lib/python3.10/dist-packages/hh_tt_interfaces/msg
[1.929s] -- Installing: /home/hrishikesh/projects/turtle_sim_project/install/hh_tt_interfaces/local/lib/python3.10/dist-packages/hh_tt_interfaces/msg/_turtle_s.c
[1.929s] -- Installing: /home/hrishikesh/projects/turtle_sim_project/install/hh_tt_interfaces/local/lib/python3.10/dist-packages/hh_tt_interfaces/msg/_turtle_array.py
[1.929s] -- Installing: /home/hrishikesh/projects/turtle_sim_project/install/hh_tt_interfaces/local/lib/python3.10/dist-packages/hh_tt_interfaces/msg/__init__.py
[1.929s] -- Installing: /home/hrishikesh/projects/turtle_sim_project/install/hh_tt_interfaces/local/lib/python3.10/dist-packages/hh_tt_interfaces/msg/_turtle_array_s.c
[1.929s] -- Installing: /home/hrishikesh/projects/turtle_sim_project/install/hh_tt_interfaces/local/lib/python3.10/dist-packages/hh_tt_interfaces/msg/_turtle.py
[1.929s] -- Installing: /home/hrishikesh/projects/turtle_sim_project/install/hh_tt_interfaces/local/lib/python3.10/dist-packages/hh_tt_interfaces/_hh_tt_interfaces_s.ep.rosidl_typesupport_fastrtps_c.c
[1.930s] -- Installing: /home/hrishikesh/projects/turtle_sim_project/install/hh_tt_interfaces/local/lib/python3.10/dist-packages/hh_tt_interfaces/libhh_tt_interfaces__rosidl_generator_py.so
[1.966s] Listing '/home/hrishikesh/projects/turtle_sim_project/install/hh_tt_interfaces/local/lib/python3.10/dist-packages/hh_tt_interfaces'...
[1.966s] Compiling '/home/hrishikesh/projects/turtle_sim_project/install/hh_tt_interfaces/local/lib/python3.10/dist-packages/hh_tt_interfaces/__init__.py'...
[1.966s] Listing '/home/hrishikesh/projects/turtle_sim_project/install/hh_tt_interfaces/local/lib/python3.10/dist-packages/hh_tt_interfaces/msg'...
[1.966s] Compiling '/home/hrishikesh/projects/turtle_sim_project/install/hh_tt_interfaces/local/lib/python3.10/dist-packages/hh_tt_interfaces/msg/__init__.py'...
[1.966s] Compiling '/home/hrishikesh/projects/turtle_sim_project/install/hh_tt_interfaces/local/lib/python3.10/dist-packages/hh_tt_interfaces/msg/_turtle.py'...
[1.966s] Compiling '/home/hrishikesh/projects/turtle_sim_project/install/hh_tt_interfaces/local/lib/python3.10/dist-packages/hh_tt_interfaces/msg/_turtle_array.py'...
[1.969s] -- Installing: /home/hrishikesh/projects/turtle_sim_project/install/hh_tt_interfaces/local/lib/python3.10/dist-packages/hh_tt_interfaces/hh_tt_interfaces_s__rosidl_typesupport_fastrtps_c.cpython-310-x86_64-linux-gnu.so
[1.969s] -- Set runtime path of "/home/hrishikesh/projects/turtle_sim_project/install/hh_tt_interfaces/local/lib/python3.10/dist-packages/hh_tt_interfaces/hh_tt_interfaces_s__rosidl_typesupport_fastrtps_c.cpython-310-x86_64-linux-gnu.so" to ""
[1.969s] -- Installing: /home/hrishikesh/projects/turtle_sim_project/install/hh_tt_interfaces/local/lib/python3.10/dist-packages/hh_tt_interfaces/hh_tt_interfaces_s__rosidl_typesupport_introspection_c.cpython-310-x86_64-linux-gnu.so
[1.969s] -- Set runtime path of "/home/hrishikesh/projects/turtle_sim_project/install/hh_tt_interfaces/local/lib/python3.10/dist-packages/hh_tt_interfaces/hh_tt_interfaces_s__rosidl_typesupport_introspection_c.cpython-310-x86_64-linux-gnu.so" to ""
[1.969s] -- Installing: /home/hrishikesh/projects/turtle_sim_project/install/hh_tt_interfaces/local/lib/python3.10/dist-packages/hh_tt_interfaces/hh_tt_interfaces_s__rosidl_typesupport_c.cpython-310-x86_64-linux-gnu.so
[1.969s] -- Set runtime path of "/home/hrishikesh/projects/turtle_sim_project/install/hh_tt_interfaces/local/lib/python3.10/dist-packages/hh_tt_interfaces/hh_tt_interfaces_s__rosidl_typesupport_c.cpython-310-x86_64-linux-gnu.so" to ""
[1.970s] -- Installing: /home/hrishikesh/projects/turtle_sim_project/install/hh_tt_interfaces/lib/libhh_tt_interfaces__rosidl_generator_py.so
[1.970s] -- Set runtime path of "/home/hrishikesh/projects/turtle_sim_project/install/hh_tt_interfaces/lib/libhh_tt_interfaces__rosidl_generator_py.so" to ""
[1.970s] -- Installing: /home/hrishikesh/projects/turtle_sim_project/install/hh_tt_interfaces/share/hh_tt_interfaces/msg/Turtle.idl
[1.970s] -- Installing: /home/hrishikesh/projects/turtle_sim_project/install/hh_tt_interfaces/share/hh_tt_interfaces/msg/TurtleArray.idl
[1.970s] -- Installing: /home/hrishikesh/projects/turtle_sim_project/install/hh_tt_interfaces/share/hh_tt_interfaces/msg/Turtle.msg
[1.970s] -- Installing: /home/hrishikesh/projects/turtle_sim_project/install/hh_tt_interfaces/share/hh_tt_interfaces/msg/TurtleArray.msg
[1.970s] -- Up-to-date: /home/hrishikesh/projects/turtle_sim_project/install/hh_tt_interfaces/share/ament_index/resource_index/package_run_dependencies/hh_tt_interfaces
[1.970s] -- Installing: /home/hrishikesh/projects/turtle_sim_project/install/hh_tt_interfaces/share/ament_index/resource_index/parent_prefix_path/hh_tt_interfaces
[1.970s] -- Up-to-date: /home/hrishikesh/projects/turtle_sim_project/install/hh_tt_interfaces/share/hh_tt_interfaces/environment/ament_prefix_path.sh
[1.970s] -- Installing: /home/hrishikesh/projects/turtle_sim_project/install/hh_tt_interfaces/share/hh_tt_interfaces/environment/ament_prefix_path.dsv
[1.970s] -- Up-to-date: /home/hrishikesh/projects/turtle_sim_project/install/hh_tt_interfaces/share/hh_tt_interfaces/environment/path.sh
[1.970s] -- Installing: /home/hrishikesh/projects/turtle_sim_project/install/hh_tt_interfaces/share/hh_tt_interfaces/environment/path.dsv
[1.970s] -- Up-to-date: /home/hrishikesh/projects/turtle_sim_project/install/hh_tt_interfaces/share/hh_tt_interfaces/local_setup.bash
[1.970s] -- Up-to-date: /home/hrishikesh/projects/turtle_sim_project/install/hh_tt_interfaces/share/hh_tt_interfaces/local_setup.sh
[1.970s] -- Up-to-date: /home/hrishikesh/projects/turtle_sim_project/install/hh_tt_interfaces/share/hh_tt_interfaces/local_setup.zsh
[1.970s] -- Installing: /home/hrishikesh/projects/turtle_sim_project/install/hh_tt_interfaces/share/hh_tt_interfaces/local_setup.dsv
[1.970s] -- Installing: /home/hrishikesh/projects/turtle_sim_project/install/hh_tt_interfaces/share/hh_tt_interfaces/package.dsv
[1.970s] -- Up-to-date: /home/hrishikesh/projects/turtle_sim_project/install/hh_tt_interfaces/share/ament_index/resource_index/packages/hh_tt_interfaces
[1.971s] -- Up-to-date: /home/hrishikesh/projects/turtle_sim_project/install/hh_tt_interfaces/share/hh_tt_interfaces/cmake/export_hh_tt_interfaces__rosidl_generator_cExport.cmake
[1.971s] -- Up-to-date: /home/hrishikesh/projects/turtle_sim_project/install/hh_tt_interfaces/share/hh_tt_interfaces/cmake/export_hh_tt_interfaces__rosidl_generator_cExport-noconfig.cmake
[1.971s] -- Up-to-date: /home/hrishikesh/projects/turtle_sim_project/install/hh_tt_interfaces/share/hh_tt_interfaces/cmake/export_hh_tt_interfaces__rosidl_typesupport_fastrtps_cExport.cmake
[1.971s] -- Up-to-date: /home/hrishikesh/projects/turtle_sim_project/install/hh_tt_interfaces/share/hh_tt_interfaces/cmake/export_hh_tt_interfaces__rosidl_typesupport_fastrtps_cExport-noconfig.cmake
[1.971s] -- Up-to-date: /home/hrishikesh/projects/turtle_sim_project/install/hh_tt_interfaces/share/hh_tt_interfaces/cmake/hh_tt_interfaces__rosidl_typesupport_introspection_cExport.cmake
[1.971s] -- Up-to-date: /home/hrishikesh/projects/turtle_sim_project/install/hh_tt_interfaces/share/hh_tt_interfaces/cmake/hh_tt_interfaces__rosidl_typesupport_introspection_cExport-noconfig.cmake
[1.971s] -- Up-to-date: /home/hrishikesh/projects/turtle_sim_project/install/hh_tt_interfaces/share/hh_tt_interfaces/cmake/hh_tt_interfaces__rosidl_typesupport_cExport.cmake
[1.971s] -- Up-to-date: /home/hrishikesh/projects/turtle_sim_project/install/hh_tt_interfaces/share/hh_tt_interfaces/cmake/hh_tt_interfaces__rosidl_typesupport_cExport-noconfig.cmake
[1.971s] -- Up-to-date: /home/hrishikesh/projects/turtle_sim_project/install/hh_tt_interfaces/share/hh_tt_interfaces/cmake/export_hh_tt_interfaces__rosidl_generator_cppExport.cmake
[1.971s] -- Up-to-date: /home/hrishikesh/projects/turtle_sim_project/install/hh_tt_interfaces/share/hh_tt_interfaces/cmake/export_hh_tt_interfaces__rosidl_typesupport_fastrtps_cppExport.cmake
[1.971s] -- Up-to-date: /home/hrishikesh/projects/turtle_sim_project/install/hh_tt_interfaces/share/hh_tt_interfaces/cmake/export_hh_tt_interfaces__rosidl_typesupport_fastrtps_cppExport-noconfig.cmake
[1.972s] -- Up-to-date: /home/hrishikesh/projects/turtle_sim_project/install/hh_tt_interfaces/share/hh_tt_interfaces/cmake/hh_tt_interfaces__rosidl_typesupport_introspection_cppExport.cmake
[1.972s] -- Up-to-date: /home/hrishikesh/projects/turtle_sim_project/install/hh_tt_interfaces/share/hh_tt_interfaces/cmake/hh_tt_interfaces__rosidl_typesupport_introspection_cppExport-noconfig.cmake
[1.972s] -- Up-to-date: /home/hrishikesh/projects/turtle_sim_project/install/hh_tt_interfaces/share/hh_tt_interfaces/cmake/hh_tt_interfaces__rosidl_typesupport_cppExport.cmake
[1.972s] -- Up-to-date: /home/hrishikesh/projects/turtle_sim_project/install/hh_tt_interfaces/share/hh_tt_interfaces/cmake/hh_tt_interfaces__rosidl_typesupport_cppExport-noconfig.cmake
[1.972s] -- Up-to-date: /home/hrishikesh/projects/turtle_sim_project/install/hh_tt_interfaces/share/hh_tt_interfaces/cmake/export_hh_tt_interfaces__rosidl_generator_pyExport.cmake
[1.972s] -- Up-to-date: /home/hrishikesh/projects/turtle_sim_project/install/hh_tt_interfaces/share/hh_tt_interfaces/cmake/export_hh_tt_interfaces__rosidl_generator_pyExport-noconfig.cmake
[1.972s] -- Up-to-date: /home/hrishikesh/projects/turtle_sim_project/install/hh_tt_interfaces/share/hh_tt_interfaces/cmake/rosidl_cmake-extras.cmake
[1.972s] -- Up-to-date: /home/hrishikesh/projects/turtle_sim_project/install/hh_tt_interfaces/share/hh_tt_interfaces/cmake/ament_cmake_export_include_directories-extras.cmake
[1.972s] -- Up-to-date: /home/hrishikesh/projects/turtle_sim_project/install/hh_tt_interfaces/share/hh_tt_interfaces/cmake/ament_cmake_export_libraries-extras.cmake
[1.972s] -- Up-to-date: /home/hrishikesh/projects/turtle_sim_project/install/hh_tt_interfaces/share/hh_tt_interfaces/cmake/ament_cmake_export_targets-extras.cmake
[1.972s] -- Up-to-date: /home/hrishikesh/projects/turtle_sim_project/install/hh_tt_interfaces/share/hh_tt_interfaces/cmake/rosidl_cmake_export_typesupport_targets-extras.cmake
[1.972s] -- Up-to-date: /home/hrishikesh/projects/turtle_sim_project/install/hh_tt_interfaces/share/hh_tt_interfaces/cmake/ament_cmake_export_dependencies-extras.cmake
[1.972s] -- Up-to-date: /home/hrishikesh/projects/turtle_sim_project/install/hh_tt_interfaces/share/hh_tt_interfaces/cmake/rosidl_cmake_export_typesupport_libraries-extras.cmake
[1.972s] -- Up-to-date: /home/hrishikesh/projects/turtle_sim_project/install/hh_tt_interfaces/share/hh_tt_interfaces/cmake/hh_tt_interfacesConfig.cmake
[1.972s] -- Up-to-date: /home/hrishikesh/projects/turtle_sim_project/install/hh_tt_interfaces/share/hh_tt_interfaces/cmake/hh_tt_interfacesConfig-version.cmake
[1.972s] -- Installing: /home/hrishikesh/projects/turtle_sim_project/install/hh_tt_interfaces/share/hh_tt_interfaces/package.xml
[1.974s] Invoked command in '/home/hrishikesh/projects/turtle_sim_project/build/hh_tt_interfaces' returned '0': CMAKE_PREFIX_PATH=${CMAKE_PREFIX_PATH}:/home/hrishikesh/projects/turtle_sim_project/install/hh_turtle_bot:/home/hrishikesh/projects/ros_2/install/hh_py_pkg:/opt/ros/humble /usr/bin/cmake --install /home/hrishikesh/projects/turtle_sim_project/build/hh_tt_interfaces
