running egg_info
writing ../../build/hh_turtle_bot/hh_turtle_bot.egg-info/PKG-INFO
writing dependency_links to ../../build/hh_turtle_bot/hh_turtle_bot.egg-info/dependency_links.txt
writing entry points to ../../build/hh_turtle_bot/hh_turtle_bot.egg-info/entry_points.txt
writing requirements to ../../build/hh_turtle_bot/hh_turtle_bot.egg-info/requires.txt
writing top-level names to ../../build/hh_turtle_bot/hh_turtle_bot.egg-info/top_level.txt
reading manifest file '../../build/hh_turtle_bot/hh_turtle_bot.egg-info/SOURCES.txt'
writing manifest file '../../build/hh_turtle_bot/hh_turtle_bot.egg-info/SOURCES.txt'
running build
running build_py
copying hh_turtle_bot/turtle_spawner.py -> /home/hrishikesh/projects/turtle_sim_project/build/hh_turtle_bot/build/lib/hh_turtle_bot
running install
running install_lib
copying /home/hrishikesh/projects/turtle_sim_project/build/hh_turtle_bot/build/lib/hh_turtle_bot/turtle_spawner.py -> /home/hrishikesh/projects/turtle_sim_project/install/hh_turtle_bot/lib/python3.10/site-packages/hh_turtle_bot
byte-compiling /home/hrishikesh/projects/turtle_sim_project/install/hh_turtle_bot/lib/python3.10/site-packages/hh_turtle_bot/turtle_spawner.py to turtle_spawner.cpython-310.pyc
running install_data
copying package.xml -> /home/hrishikesh/projects/turtle_sim_project/install/hh_turtle_bot/share/hh_turtle_bot
running install_egg_info
removing '/home/hrishikesh/projects/turtle_sim_project/install/hh_turtle_bot/lib/python3.10/site-packages/hh_turtle_bot-0.0.0-py3.10.egg-info' (and everything under it)
Copying ../../build/hh_turtle_bot/hh_turtle_bot.egg-info to /home/hrishikesh/projects/turtle_sim_project/install/hh_turtle_bot/lib/python3.10/site-packages/hh_turtle_bot-0.0.0-py3.10.egg-info
running install_scripts
Installing turtle_spwner script to /home/hrishikesh/projects/turtle_sim_project/install/hh_turtle_bot/lib/hh_turtle_bot
Installing turtlesim_controller script to /home/hrishikesh/projects/turtle_sim_project/install/hh_turtle_bot/lib/hh_turtle_bot
writing list of installed files to '/home/hrishikesh/projects/turtle_sim_project/build/hh_turtle_bot/install.log'
