[0.007s] Invoking command in '/home/hrishikesh/projects/turtle_sim_project/build/hh_turtle_bringups': CMAKE_PREFIX_PATH=${CMAKE_PREFIX_PATH}:/home/hrishikesh/projects/turtle_sim_project/install/hh_turtle_bot:/home/hrishikesh/projects/ros_2/install/hh_py_pkg:/opt/ros/humble /usr/bin/cmake /home/hrishikesh/projects/turtle_sim_project/src/hh_turtle_bringups -DCMAKE_INSTALL_PREFIX=/home/hrishikesh/projects/turtle_sim_project/install/hh_turtle_bringups
[0.086s] -- The C compiler identification is GNU 11.4.0
[0.162s] -- The CXX compiler identification is GNU 11.4.0
[0.168s] -- Detecting C compiler ABI info
[0.248s] -- Detecting C compiler ABI info - done
[0.255s] -- Check for working C compiler: /usr/bin/cc - skipped
[0.256s] -- Detecting C compile features
[0.256s] -- Detecting C compile features - done
[0.260s] -- Detecting CXX compiler ABI info
[0.333s] -- Detecting CXX compiler ABI info - done
[0.337s] -- Check for working CXX compiler: /usr/bin/c++ - skipped
[0.337s] -- Detecting CXX compile features
[0.337s] -- Detecting CXX compile features - done
[0.342s] -- Found ament_cmake: 1.3.9 (/opt/ros/humble/share/ament_cmake/cmake)
[0.442s] -- Found Python3: /usr/bin/python3 (found version "3.10.12") found components: Interpreter 
[0.550s] -- Configuring done
[0.551s] -- Generating done
[0.551s] -- Build files have been written to: /home/hrishikesh/projects/turtle_sim_project/build/hh_turtle_bringups
[0.555s] Invoked command in '/home/hrishikesh/projects/turtle_sim_project/build/hh_turtle_bringups' returned '0': CMAKE_PREFIX_PATH=${CMAKE_PREFIX_PATH}:/home/hrishikesh/projects/turtle_sim_project/install/hh_turtle_bot:/home/hrishikesh/projects/ros_2/install/hh_py_pkg:/opt/ros/humble /usr/bin/cmake /home/hrishikesh/projects/turtle_sim_project/src/hh_turtle_bringups -DCMAKE_INSTALL_PREFIX=/home/hrishikesh/projects/turtle_sim_project/install/hh_turtle_bringups
[0.555s] Invoking command in '/home/hrishikesh/projects/turtle_sim_project/build/hh_turtle_bringups': CMAKE_PREFIX_PATH=${CMAKE_PREFIX_PATH}:/home/hrishikesh/projects/turtle_sim_project/install/hh_turtle_bot:/home/hrishikesh/projects/ros_2/install/hh_py_pkg:/opt/ros/humble /usr/bin/cmake --build /home/hrishikesh/projects/turtle_sim_project/build/hh_turtle_bringups -- -j24 -l24
[0.577s] Invoked command in '/home/hrishikesh/projects/turtle_sim_project/build/hh_turtle_bringups' returned '0': CMAKE_PREFIX_PATH=${CMAKE_PREFIX_PATH}:/home/hrishikesh/projects/turtle_sim_project/install/hh_turtle_bot:/home/hrishikesh/projects/ros_2/install/hh_py_pkg:/opt/ros/humble /usr/bin/cmake --build /home/hrishikesh/projects/turtle_sim_project/build/hh_turtle_bringups -- -j24 -l24
[0.593s] Invoking command in '/home/hrishikesh/projects/turtle_sim_project/build/hh_turtle_bringups': CMAKE_PREFIX_PATH=${CMAKE_PREFIX_PATH}:/home/hrishikesh/projects/turtle_sim_project/install/hh_turtle_bot:/home/hrishikesh/projects/ros_2/install/hh_py_pkg:/opt/ros/humble /usr/bin/cmake --install /home/hrishikesh/projects/turtle_sim_project/build/hh_turtle_bringups
[0.599s] -- Install configuration: ""
[0.599s] -- Installing: /home/hrishikesh/projects/turtle_sim_project/install/hh_turtle_bringups/share/hh_turtle_bringups/launch
[0.599s] -- Installing: /home/hrishikesh/projects/turtle_sim_project/install/hh_turtle_bringups/share/hh_turtle_bringups/launch/catch_the_turtle_app.launch.py
[0.600s] -- Installing: /home/hrishikesh/projects/turtle_sim_project/install/hh_turtle_bringups/share/ament_index/resource_index/package_run_dependencies/hh_turtle_bringups
[0.600s] -- Installing: /home/hrishikesh/projects/turtle_sim_project/install/hh_turtle_bringups/share/ament_index/resource_index/parent_prefix_path/hh_turtle_bringups
[0.600s] -- Installing: /home/hrishikesh/projects/turtle_sim_project/install/hh_turtle_bringups/share/hh_turtle_bringups/environment/ament_prefix_path.sh
[0.600s] -- Installing: /home/hrishikesh/projects/turtle_sim_project/install/hh_turtle_bringups/share/hh_turtle_bringups/environment/ament_prefix_path.dsv
[0.600s] -- Installing: /home/hrishikesh/projects/turtle_sim_project/install/hh_turtle_bringups/share/hh_turtle_bringups/environment/path.sh
[0.600s] -- Installing: /home/hrishikesh/projects/turtle_sim_project/install/hh_turtle_bringups/share/hh_turtle_bringups/environment/path.dsv
[0.600s] -- Installing: /home/hrishikesh/projects/turtle_sim_project/install/hh_turtle_bringups/share/hh_turtle_bringups/local_setup.bash
[0.600s] -- Installing: /home/hrishikesh/projects/turtle_sim_project/install/hh_turtle_bringups/share/hh_turtle_bringups/local_setup.sh
[0.601s] -- Installing: /home/hrishikesh/projects/turtle_sim_project/install/hh_turtle_bringups/share/hh_turtle_bringups/local_setup.zsh
[0.601s] -- Installing: /home/hrishikesh/projects/turtle_sim_project/install/hh_turtle_bringups/share/hh_turtle_bringups/local_setup.dsv
[0.601s] -- Installing: /home/hrishikesh/projects/turtle_sim_project/install/hh_turtle_bringups/share/hh_turtle_bringups/package.dsv
[0.601s] -- Installing: /home/hrishikesh/projects/turtle_sim_project/install/hh_turtle_bringups/share/ament_index/resource_index/packages/hh_turtle_bringups
[0.601s] -- Installing: /home/hrishikesh/projects/turtle_sim_project/install/hh_turtle_bringups/share/hh_turtle_bringups/cmake/hh_turtle_bringupsConfig.cmake
[0.601s] -- Installing: /home/hrishikesh/projects/turtle_sim_project/install/hh_turtle_bringups/share/hh_turtle_bringups/cmake/hh_turtle_bringupsConfig-version.cmake
[0.601s] -- Installing: /home/hrishikesh/projects/turtle_sim_project/install/hh_turtle_bringups/share/hh_turtle_bringups/package.xml
[0.603s] Invoked command in '/home/hrishikesh/projects/turtle_sim_project/build/hh_turtle_bringups' returned '0': CMAKE_PREFIX_PATH=${CMAKE_PREFIX_PATH}:/home/hrishikesh/projects/turtle_sim_project/install/hh_turtle_bot:/home/hrishikesh/projects/ros_2/install/hh_py_pkg:/opt/ros/humble /usr/bin/cmake --install /home/hrishikesh/projects/turtle_sim_project/build/hh_turtle_bringups
