[0.008s] Invoking command in '/home/hrishikesh/projects/turtle_sim_project/build/hh_turtle_bringups': CMAKE_PREFIX_PATH=${CMAKE_PREFIX_PATH}:/home/hrishikesh/projects/turtle_sim_project/install/hh_turtle_bot:/home/hrishikesh/projects/ros_2/install/hh_py_pkg:/opt/ros/humble /usr/bin/cmake --build /home/hrishikesh/projects/turtle_sim_project/build/hh_turtle_bringups -- -j24 -l24
[0.023s] -- Found ament_cmake: 1.3.9 (/opt/ros/humble/share/ament_cmake/cmake)
[0.151s] -- Configuring done
[0.152s] -- Generating done
[0.152s] -- Build files have been written to: /home/hrishikesh/projects/turtle_sim_project/build/hh_turtle_bringups
[0.167s] Invoked command in '/home/hrishikesh/projects/turtle_sim_project/build/hh_turtle_bringups' returned '0': CMAKE_PREFIX_PATH=${CMAKE_PREFIX_PATH}:/home/hrishikesh/projects/turtle_sim_project/install/hh_turtle_bot:/home/hrishikesh/projects/ros_2/install/hh_py_pkg:/opt/ros/humble /usr/bin/cmake --build /home/hrishikesh/projects/turtle_sim_project/build/hh_turtle_bringups -- -j24 -l24
[0.199s] Invoking command in '/home/hrishikesh/projects/turtle_sim_project/build/hh_turtle_bringups': CMAKE_PREFIX_PATH=${CMAKE_PREFIX_PATH}:/home/hrishikesh/projects/turtle_sim_project/install/hh_turtle_bot:/home/hrishikesh/projects/ros_2/install/hh_py_pkg:/opt/ros/humble /usr/bin/cmake --install /home/hrishikesh/projects/turtle_sim_project/build/hh_turtle_bringups
[0.208s] -- Install configuration: ""
[0.209s] -- Up-to-date: /home/hrishikesh/projects/turtle_sim_project/install/hh_turtle_bringups/share/hh_turtle_bringups/launch
[0.209s] -- Installing: /home/hrishikesh/projects/turtle_sim_project/install/hh_turtle_bringups/share/hh_turtle_bringups/launch/catch_the_turtle_app.launch.py
[0.209s] -- Up-to-date: /home/hrishikesh/projects/turtle_sim_project/install/hh_turtle_bringups/share/ament_index/resource_index/package_run_dependencies/hh_turtle_bringups
[0.209s] -- Up-to-date: /home/hrishikesh/projects/turtle_sim_project/install/hh_turtle_bringups/share/ament_index/resource_index/parent_prefix_path/hh_turtle_bringups
[0.209s] -- Up-to-date: /home/hrishikesh/projects/turtle_sim_project/install/hh_turtle_bringups/share/hh_turtle_bringups/environment/ament_prefix_path.sh
[0.209s] -- Installing: /home/hrishikesh/projects/turtle_sim_project/install/hh_turtle_bringups/share/hh_turtle_bringups/environment/ament_prefix_path.dsv
[0.209s] -- Up-to-date: /home/hrishikesh/projects/turtle_sim_project/install/hh_turtle_bringups/share/hh_turtle_bringups/environment/path.sh
[0.209s] -- Installing: /home/hrishikesh/projects/turtle_sim_project/install/hh_turtle_bringups/share/hh_turtle_bringups/environment/path.dsv
[0.209s] -- Up-to-date: /home/hrishikesh/projects/turtle_sim_project/install/hh_turtle_bringups/share/hh_turtle_bringups/local_setup.bash
[0.209s] -- Up-to-date: /home/hrishikesh/projects/turtle_sim_project/install/hh_turtle_bringups/share/hh_turtle_bringups/local_setup.sh
[0.209s] -- Up-to-date: /home/hrishikesh/projects/turtle_sim_project/install/hh_turtle_bringups/share/hh_turtle_bringups/local_setup.zsh
[0.209s] -- Installing: /home/hrishikesh/projects/turtle_sim_project/install/hh_turtle_bringups/share/hh_turtle_bringups/local_setup.dsv
[0.209s] -- Installing: /home/hrishikesh/projects/turtle_sim_project/install/hh_turtle_bringups/share/hh_turtle_bringups/package.dsv
[0.209s] -- Up-to-date: /home/hrishikesh/projects/turtle_sim_project/install/hh_turtle_bringups/share/ament_index/resource_index/packages/hh_turtle_bringups
[0.210s] -- Up-to-date: /home/hrishikesh/projects/turtle_sim_project/install/hh_turtle_bringups/share/hh_turtle_bringups/cmake/hh_turtle_bringupsConfig.cmake
[0.210s] -- Up-to-date: /home/hrishikesh/projects/turtle_sim_project/install/hh_turtle_bringups/share/hh_turtle_bringups/cmake/hh_turtle_bringupsConfig-version.cmake
[0.210s] -- Installing: /home/hrishikesh/projects/turtle_sim_project/install/hh_turtle_bringups/share/hh_turtle_bringups/package.xml
[0.211s] Invoked command in '/home/hrishikesh/projects/turtle_sim_project/build/hh_turtle_bringups' returned '0': CMAKE_PREFIX_PATH=${CMAKE_PREFIX_PATH}:/home/hrishikesh/projects/turtle_sim_project/install/hh_turtle_bot:/home/hrishikesh/projects/ros_2/install/hh_py_pkg:/opt/ros/humble /usr/bin/cmake --install /home/hrishikesh/projects/turtle_sim_project/build/hh_turtle_bringups
