[0.063s] DEBUG:colcon:Command line arguments: ['/usr/bin/colcon', 'build']
[0.063s] DEBUG:colcon:Parsed command line arguments: Namespace(log_base=None, log_level=None, verb_name='build', build_base='build', install_base='install', merge_install=False, symlink_install=False, test_result_base=None, continue_on_error=False, executor='parallel', parallel_workers=24, event_handlers=None, ignore_user_meta=False, metas=['./colcon.meta'], base_paths=['.'], packages_ignore=None, packages_ignore_regex=None, paths=None, packages_up_to=None, packages_up_to_regex=None, packages_above=None, packages_above_and_dependencies=None, packages_above_depth=None, packages_select_by_dep=None, packages_skip_by_dep=None, packages_skip_up_to=None, packages_select_build_failed=False, packages_skip_build_finished=False, packages_select_test_failures=False, packages_skip_test_passed=False, packages_select=None, packages_skip=None, packages_select_regex=None, packages_skip_regex=None, packages_start=None, packages_end=None, allow_overriding=[], cmake_args=None, cmake_target=None, cmake_target_skip_unavailable=False, cmake_clean_cache=False, cmake_clean_first=False, cmake_force_configure=False, ament_cmake_args=None, catkin_cmake_args=None, catkin_skip_building_tests=False, mixin_files=None, mixin=None, verb_parser=<colcon_mixin.mixin.mixin_argument.MixinArgumentDecorator object at 0x78f7583ade10>, verb_extension=<colcon_core.verb.build.BuildVerb object at 0x78f7583ad780>, main=<bound method BuildVerb.main of <colcon_core.verb.build.BuildVerb object at 0x78f7583ad780>>, mixin_verb=('build',))
[0.146s] Level 1:colcon.colcon_core.package_discovery:discover_packages(colcon_meta) check parameters
[0.146s] Level 1:colcon.colcon_core.package_discovery:discover_packages(recursive) check parameters
[0.146s] Level 1:colcon.colcon_core.package_discovery:discover_packages(ignore) check parameters
[0.146s] Level 1:colcon.colcon_core.package_discovery:discover_packages(path) check parameters
[0.146s] Level 1:colcon.colcon_core.package_discovery:discover_packages(colcon_meta) discover
[0.146s] Level 1:colcon.colcon_core.package_discovery:discover_packages(recursive) discover
[0.146s] INFO:colcon.colcon_core.package_discovery:Crawling recursively for packages in '/home/hrishikesh/projects/turtle_sim_project'
[0.146s] Level 1:colcon.colcon_core.package_identification:_identify(.) by extensions ['ignore', 'ignore_ament_install']
[0.146s] Level 1:colcon.colcon_core.package_identification:_identify(.) by extension 'ignore'
[0.146s] Level 1:colcon.colcon_core.package_identification:_identify(.) by extension 'ignore_ament_install'
[0.146s] Level 1:colcon.colcon_core.package_identification:_identify(.) by extensions ['colcon_pkg']
[0.146s] Level 1:colcon.colcon_core.package_identification:_identify(.) by extension 'colcon_pkg'
[0.146s] Level 1:colcon.colcon_core.package_identification:_identify(.) by extensions ['colcon_meta']
[0.146s] Level 1:colcon.colcon_core.package_identification:_identify(.) by extension 'colcon_meta'
[0.146s] Level 1:colcon.colcon_core.package_identification:_identify(.) by extensions ['ros']
[0.146s] Level 1:colcon.colcon_core.package_identification:_identify(.) by extension 'ros'
[0.153s] Level 1:colcon.colcon_core.package_identification:_identify(.) by extensions ['cmake', 'python']
[0.153s] Level 1:colcon.colcon_core.package_identification:_identify(.) by extension 'cmake'
[0.154s] Level 1:colcon.colcon_core.package_identification:_identify(.) by extension 'python'
[0.154s] Level 1:colcon.colcon_core.package_identification:_identify(.) by extensions ['python_setup_py']
[0.154s] Level 1:colcon.colcon_core.package_identification:_identify(.) by extension 'python_setup_py'
[0.154s] Level 1:colcon.colcon_core.package_identification:_identify(build) by extensions ['ignore', 'ignore_ament_install']
[0.154s] Level 1:colcon.colcon_core.package_identification:_identify(build) by extension 'ignore'
[0.154s] Level 1:colcon.colcon_core.package_identification:_identify(build) ignored
[0.154s] Level 1:colcon.colcon_core.package_identification:_identify(install) by extensions ['ignore', 'ignore_ament_install']
[0.154s] Level 1:colcon.colcon_core.package_identification:_identify(install) by extension 'ignore'
[0.154s] Level 1:colcon.colcon_core.package_identification:_identify(install) ignored
[0.154s] Level 1:colcon.colcon_core.package_identification:_identify(log) by extensions ['ignore', 'ignore_ament_install']
[0.154s] Level 1:colcon.colcon_core.package_identification:_identify(log) by extension 'ignore'
[0.154s] Level 1:colcon.colcon_core.package_identification:_identify(log) ignored
[0.154s] Level 1:colcon.colcon_core.package_identification:_identify(src) by extensions ['ignore', 'ignore_ament_install']
[0.154s] Level 1:colcon.colcon_core.package_identification:_identify(src) by extension 'ignore'
[0.154s] Level 1:colcon.colcon_core.package_identification:_identify(src) by extension 'ignore_ament_install'
[0.154s] Level 1:colcon.colcon_core.package_identification:_identify(src) by extensions ['colcon_pkg']
[0.154s] Level 1:colcon.colcon_core.package_identification:_identify(src) by extension 'colcon_pkg'
[0.154s] Level 1:colcon.colcon_core.package_identification:_identify(src) by extensions ['colcon_meta']
[0.154s] Level 1:colcon.colcon_core.package_identification:_identify(src) by extension 'colcon_meta'
[0.154s] Level 1:colcon.colcon_core.package_identification:_identify(src) by extensions ['ros']
[0.154s] Level 1:colcon.colcon_core.package_identification:_identify(src) by extension 'ros'
[0.154s] Level 1:colcon.colcon_core.package_identification:_identify(src) by extensions ['cmake', 'python']
[0.154s] Level 1:colcon.colcon_core.package_identification:_identify(src) by extension 'cmake'
[0.154s] Level 1:colcon.colcon_core.package_identification:_identify(src) by extension 'python'
[0.154s] Level 1:colcon.colcon_core.package_identification:_identify(src) by extensions ['python_setup_py']
[0.154s] Level 1:colcon.colcon_core.package_identification:_identify(src) by extension 'python_setup_py'
[0.154s] Level 1:colcon.colcon_core.package_identification:_identify(src/hh_tt_interfaces) by extensions ['ignore', 'ignore_ament_install']
[0.154s] Level 1:colcon.colcon_core.package_identification:_identify(src/hh_tt_interfaces) by extension 'ignore'
[0.154s] Level 1:colcon.colcon_core.package_identification:_identify(src/hh_tt_interfaces) by extension 'ignore_ament_install'
[0.154s] Level 1:colcon.colcon_core.package_identification:_identify(src/hh_tt_interfaces) by extensions ['colcon_pkg']
[0.154s] Level 1:colcon.colcon_core.package_identification:_identify(src/hh_tt_interfaces) by extension 'colcon_pkg'
[0.154s] Level 1:colcon.colcon_core.package_identification:_identify(src/hh_tt_interfaces) by extensions ['colcon_meta']
[0.154s] Level 1:colcon.colcon_core.package_identification:_identify(src/hh_tt_interfaces) by extension 'colcon_meta'
[0.154s] Level 1:colcon.colcon_core.package_identification:_identify(src/hh_tt_interfaces) by extensions ['ros']
[0.154s] Level 1:colcon.colcon_core.package_identification:_identify(src/hh_tt_interfaces) by extension 'ros'
[0.156s] DEBUG:colcon.colcon_core.package_identification:Package 'src/hh_tt_interfaces' with type 'ros.ament_cmake' and name 'hh_tt_interfaces'
[0.156s] Level 1:colcon.colcon_core.package_identification:_identify(src/hh_turtle_bot) by extensions ['ignore', 'ignore_ament_install']
[0.156s] Level 1:colcon.colcon_core.package_identification:_identify(src/hh_turtle_bot) by extension 'ignore'
[0.156s] Level 1:colcon.colcon_core.package_identification:_identify(src/hh_turtle_bot) by extension 'ignore_ament_install'
[0.156s] Level 1:colcon.colcon_core.package_identification:_identify(src/hh_turtle_bot) by extensions ['colcon_pkg']
[0.156s] Level 1:colcon.colcon_core.package_identification:_identify(src/hh_turtle_bot) by extension 'colcon_pkg'
[0.156s] Level 1:colcon.colcon_core.package_identification:_identify(src/hh_turtle_bot) by extensions ['colcon_meta']
[0.156s] Level 1:colcon.colcon_core.package_identification:_identify(src/hh_turtle_bot) by extension 'colcon_meta'
[0.156s] Level 1:colcon.colcon_core.package_identification:_identify(src/hh_turtle_bot) by extensions ['ros']
[0.156s] Level 1:colcon.colcon_core.package_identification:_identify(src/hh_turtle_bot) by extension 'ros'
[0.157s] DEBUG:colcon.colcon_core.package_identification:Package 'src/hh_turtle_bot' with type 'ros.ament_python' and name 'hh_turtle_bot'
[0.157s] Level 1:colcon.colcon_core.package_discovery:discover_packages(recursive) using defaults
[0.157s] Level 1:colcon.colcon_core.package_discovery:discover_packages(ignore) discover
[0.157s] Level 1:colcon.colcon_core.package_discovery:discover_packages(ignore) using defaults
[0.157s] Level 1:colcon.colcon_core.package_discovery:discover_packages(path) discover
[0.157s] Level 1:colcon.colcon_core.package_discovery:discover_packages(path) using defaults
[0.171s] Level 1:colcon.colcon_core.package_discovery:discover_packages(prefix_path) check parameters
[0.171s] Level 1:colcon.colcon_core.package_discovery:discover_packages(prefix_path) discover
[0.172s] DEBUG:colcon.colcon_installed_package_information.package_discovery:Found 2 installed packages in /home/hrishikesh/projects/turtle_sim_project/install
[0.172s] DEBUG:colcon.colcon_installed_package_information.package_discovery:Found 4 installed packages in /home/hrishikesh/projects/ros_2/install
[0.173s] DEBUG:colcon.colcon_installed_package_information.package_discovery:Found 270 installed packages in /opt/ros/humble
[0.181s] Level 1:colcon.colcon_core.package_discovery:discover_packages(prefix_path) using defaults
[0.199s] Level 5:colcon.colcon_core.verb:set package 'hh_tt_interfaces' build argument 'cmake_args' from command line to 'None'
[0.199s] Level 5:colcon.colcon_core.verb:set package 'hh_tt_interfaces' build argument 'cmake_target' from command line to 'None'
[0.200s] Level 5:colcon.colcon_core.verb:set package 'hh_tt_interfaces' build argument 'cmake_target_skip_unavailable' from command line to 'False'
[0.200s] Level 5:colcon.colcon_core.verb:set package 'hh_tt_interfaces' build argument 'cmake_clean_cache' from command line to 'False'
[0.200s] Level 5:colcon.colcon_core.verb:set package 'hh_tt_interfaces' build argument 'cmake_clean_first' from command line to 'False'
[0.200s] Level 5:colcon.colcon_core.verb:set package 'hh_tt_interfaces' build argument 'cmake_force_configure' from command line to 'False'
[0.200s] Level 5:colcon.colcon_core.verb:set package 'hh_tt_interfaces' build argument 'ament_cmake_args' from command line to 'None'
[0.200s] Level 5:colcon.colcon_core.verb:set package 'hh_tt_interfaces' build argument 'catkin_cmake_args' from command line to 'None'
[0.200s] Level 5:colcon.colcon_core.verb:set package 'hh_tt_interfaces' build argument 'catkin_skip_building_tests' from command line to 'False'
[0.200s] DEBUG:colcon.colcon_core.verb:Building package 'hh_tt_interfaces' with the following arguments: {'ament_cmake_args': None, 'build_base': '/home/hrishikesh/projects/turtle_sim_project/build/hh_tt_interfaces', 'catkin_cmake_args': None, 'catkin_skip_building_tests': False, 'cmake_args': None, 'cmake_clean_cache': False, 'cmake_clean_first': False, 'cmake_force_configure': False, 'cmake_target': None, 'cmake_target_skip_unavailable': False, 'install_base': '/home/hrishikesh/projects/turtle_sim_project/install/hh_tt_interfaces', 'merge_install': False, 'path': '/home/hrishikesh/projects/turtle_sim_project/src/hh_tt_interfaces', 'symlink_install': False, 'test_result_base': None}
[0.200s] Level 5:colcon.colcon_core.verb:set package 'hh_turtle_bot' build argument 'cmake_args' from command line to 'None'
[0.200s] Level 5:colcon.colcon_core.verb:set package 'hh_turtle_bot' build argument 'cmake_target' from command line to 'None'
[0.200s] Level 5:colcon.colcon_core.verb:set package 'hh_turtle_bot' build argument 'cmake_target_skip_unavailable' from command line to 'False'
[0.200s] Level 5:colcon.colcon_core.verb:set package 'hh_turtle_bot' build argument 'cmake_clean_cache' from command line to 'False'
[0.200s] Level 5:colcon.colcon_core.verb:set package 'hh_turtle_bot' build argument 'cmake_clean_first' from command line to 'False'
[0.200s] Level 5:colcon.colcon_core.verb:set package 'hh_turtle_bot' build argument 'cmake_force_configure' from command line to 'False'
[0.200s] Level 5:colcon.colcon_core.verb:set package 'hh_turtle_bot' build argument 'ament_cmake_args' from command line to 'None'
[0.200s] Level 5:colcon.colcon_core.verb:set package 'hh_turtle_bot' build argument 'catkin_cmake_args' from command line to 'None'
[0.200s] Level 5:colcon.colcon_core.verb:set package 'hh_turtle_bot' build argument 'catkin_skip_building_tests' from command line to 'False'
[0.200s] DEBUG:colcon.colcon_core.verb:Building package 'hh_turtle_bot' with the following arguments: {'ament_cmake_args': None, 'build_base': '/home/hrishikesh/projects/turtle_sim_project/build/hh_turtle_bot', 'catkin_cmake_args': None, 'catkin_skip_building_tests': False, 'cmake_args': None, 'cmake_clean_cache': False, 'cmake_clean_first': False, 'cmake_force_configure': False, 'cmake_target': None, 'cmake_target_skip_unavailable': False, 'install_base': '/home/hrishikesh/projects/turtle_sim_project/install/hh_turtle_bot', 'merge_install': False, 'path': '/home/hrishikesh/projects/turtle_sim_project/src/hh_turtle_bot', 'symlink_install': False, 'test_result_base': None}
[0.200s] INFO:colcon.colcon_core.executor:Executing jobs using 'parallel' executor
[0.201s] DEBUG:colcon.colcon_parallel_executor.executor.parallel:run_until_complete
[0.201s] INFO:colcon.colcon_ros.task.ament_cmake.build:Building ROS package in '/home/hrishikesh/projects/turtle_sim_project/src/hh_tt_interfaces' with build type 'ament_cmake'
[0.201s] INFO:colcon.colcon_cmake.task.cmake.build:Building CMake package in '/home/hrishikesh/projects/turtle_sim_project/src/hh_tt_interfaces'
[0.202s] INFO:colcon.colcon_core.plugin_system:Skipping extension 'colcon_core.shell.bat': Not used on non-Windows systems
[0.202s] INFO:colcon.colcon_core.shell:Skip shell extension 'powershell' for command environment: Not usable outside of PowerShell
[0.202s] DEBUG:colcon.colcon_core.shell:Skip shell extension 'dsv' for command environment
[0.204s] INFO:colcon.colcon_ros.task.ament_python.build:Building ROS package in '/home/hrishikesh/projects/turtle_sim_project/src/hh_turtle_bot' with build type 'ament_python'
[0.204s] Level 1:colcon.colcon_core.shell:create_environment_hook('hh_turtle_bot', 'ament_prefix_path')
[0.205s] INFO:colcon.colcon_core.shell:Creating environment hook '/home/hrishikesh/projects/turtle_sim_project/install/hh_turtle_bot/share/hh_turtle_bot/hook/ament_prefix_path.ps1'
[0.205s] INFO:colcon.colcon_core.shell:Creating environment descriptor '/home/hrishikesh/projects/turtle_sim_project/install/hh_turtle_bot/share/hh_turtle_bot/hook/ament_prefix_path.dsv'
[0.205s] INFO:colcon.colcon_core.shell:Creating environment hook '/home/hrishikesh/projects/turtle_sim_project/install/hh_turtle_bot/share/hh_turtle_bot/hook/ament_prefix_path.sh'
[0.205s] INFO:colcon.colcon_core.shell:Skip shell extension 'powershell' for command environment: Not usable outside of PowerShell
[0.206s] DEBUG:colcon.colcon_core.shell:Skip shell extension 'dsv' for command environment
[0.210s] DEBUG:colcon.colcon_core.event_handler.log_command:Invoking command in '/home/hrishikesh/projects/turtle_sim_project/build/hh_tt_interfaces': CMAKE_PREFIX_PATH=${CMAKE_PREFIX_PATH}:/home/hrishikesh/projects/turtle_sim_project/install/hh_turtle_bot:/home/hrishikesh/projects/ros_2/install/hh_py_pkg:/opt/ros/humble /usr/bin/cmake --build /home/hrishikesh/projects/turtle_sim_project/build/hh_tt_interfaces -- -j24 -l24
[0.344s] INFO:colcon.colcon_core.task.python.build:Building Python package in '/home/hrishikesh/projects/turtle_sim_project/src/hh_turtle_bot'
[0.344s] INFO:colcon.colcon_core.shell:Skip shell extension 'powershell' for command environment: Not usable outside of PowerShell
[0.344s] DEBUG:colcon.colcon_core.shell:Skip shell extension 'dsv' for command environment
[0.526s] DEBUG:colcon.colcon_core.event_handler.log_command:Invoking command in '/home/hrishikesh/projects/turtle_sim_project/src/hh_turtle_bot': PYTHONPATH=/home/hrishikesh/projects/turtle_sim_project/build/hh_turtle_bot/prefix_override:/home/hrishikesh/projects/turtle_sim_project/install/hh_turtle_bot/lib/python3.10/site-packages:${PYTHONPATH} /usr/bin/python3 -W ignore:setup.py install is deprecated setup.py egg_info --egg-base ../../build/hh_turtle_bot build --build-base /home/hrishikesh/projects/turtle_sim_project/build/hh_turtle_bot/build install --record /home/hrishikesh/projects/turtle_sim_project/build/hh_turtle_bot/install.log --single-version-externally-managed install_data
[0.684s] DEBUG:colcon.colcon_core.event_handler.log_command:Invoked command in '/home/hrishikesh/projects/turtle_sim_project/src/hh_turtle_bot' returned '0': PYTHONPATH=/home/hrishikesh/projects/turtle_sim_project/build/hh_turtle_bot/prefix_override:/home/hrishikesh/projects/turtle_sim_project/install/hh_turtle_bot/lib/python3.10/site-packages:${PYTHONPATH} /usr/bin/python3 -W ignore:setup.py install is deprecated setup.py egg_info --egg-base ../../build/hh_turtle_bot build --build-base /home/hrishikesh/projects/turtle_sim_project/build/hh_turtle_bot/build install --record /home/hrishikesh/projects/turtle_sim_project/build/hh_turtle_bot/install.log --single-version-externally-managed install_data
[0.685s] Level 1:colcon.colcon_core.environment:checking '/home/hrishikesh/projects/turtle_sim_project/install/hh_turtle_bot' for CMake module files
[0.686s] Level 1:colcon.colcon_core.environment:checking '/home/hrishikesh/projects/turtle_sim_project/install/hh_turtle_bot' for CMake config files
[0.686s] Level 1:colcon.colcon_core.environment:checking '/home/hrishikesh/projects/turtle_sim_project/install/hh_turtle_bot/lib'
[0.686s] Level 1:colcon.colcon_core.environment:checking '/home/hrishikesh/projects/turtle_sim_project/install/hh_turtle_bot/bin'
[0.686s] Level 1:colcon.colcon_core.environment:checking '/home/hrishikesh/projects/turtle_sim_project/install/hh_turtle_bot/lib/pkgconfig/hh_turtle_bot.pc'
[0.686s] Level 1:colcon.colcon_core.environment:checking '/home/hrishikesh/projects/turtle_sim_project/install/hh_turtle_bot/lib/python3.10/site-packages'
[0.686s] Level 1:colcon.colcon_core.shell:create_environment_hook('hh_turtle_bot', 'pythonpath')
[0.687s] INFO:colcon.colcon_core.shell:Creating environment hook '/home/hrishikesh/projects/turtle_sim_project/install/hh_turtle_bot/share/hh_turtle_bot/hook/pythonpath.ps1'
[0.687s] INFO:colcon.colcon_core.shell:Creating environment descriptor '/home/hrishikesh/projects/turtle_sim_project/install/hh_turtle_bot/share/hh_turtle_bot/hook/pythonpath.dsv'
[0.687s] INFO:colcon.colcon_core.shell:Creating environment hook '/home/hrishikesh/projects/turtle_sim_project/install/hh_turtle_bot/share/hh_turtle_bot/hook/pythonpath.sh'
[0.687s] Level 1:colcon.colcon_core.environment:checking '/home/hrishikesh/projects/turtle_sim_project/install/hh_turtle_bot/bin'
[0.688s] Level 1:colcon.colcon_core.environment:create_environment_scripts_only(hh_turtle_bot)
[0.688s] INFO:colcon.colcon_core.shell:Creating package script '/home/hrishikesh/projects/turtle_sim_project/install/hh_turtle_bot/share/hh_turtle_bot/package.ps1'
[0.688s] INFO:colcon.colcon_core.shell:Creating package descriptor '/home/hrishikesh/projects/turtle_sim_project/install/hh_turtle_bot/share/hh_turtle_bot/package.dsv'
[0.688s] INFO:colcon.colcon_core.shell:Creating package script '/home/hrishikesh/projects/turtle_sim_project/install/hh_turtle_bot/share/hh_turtle_bot/package.sh'
[0.689s] INFO:colcon.colcon_core.shell:Creating package script '/home/hrishikesh/projects/turtle_sim_project/install/hh_turtle_bot/share/hh_turtle_bot/package.bash'
[0.689s] INFO:colcon.colcon_core.shell:Creating package script '/home/hrishikesh/projects/turtle_sim_project/install/hh_turtle_bot/share/hh_turtle_bot/package.zsh'
[0.689s] Level 1:colcon.colcon_core.environment:create_file_with_runtime_dependencies(/home/hrishikesh/projects/turtle_sim_project/install/hh_turtle_bot/share/colcon-core/packages/hh_turtle_bot)
[1.999s] DEBUG:colcon.colcon_core.event_handler.log_command:Invoked command in '/home/hrishikesh/projects/turtle_sim_project/build/hh_tt_interfaces' returned '0': CMAKE_PREFIX_PATH=${CMAKE_PREFIX_PATH}:/home/hrishikesh/projects/turtle_sim_project/install/hh_turtle_bot:/home/hrishikesh/projects/ros_2/install/hh_py_pkg:/opt/ros/humble /usr/bin/cmake --build /home/hrishikesh/projects/turtle_sim_project/build/hh_tt_interfaces -- -j24 -l24
[2.099s] DEBUG:colcon.colcon_core.event_handler.log_command:Invoking command in '/home/hrishikesh/projects/turtle_sim_project/build/hh_tt_interfaces': CMAKE_PREFIX_PATH=${CMAKE_PREFIX_PATH}:/home/hrishikesh/projects/turtle_sim_project/install/hh_turtle_bot:/home/hrishikesh/projects/ros_2/install/hh_py_pkg:/opt/ros/humble /usr/bin/cmake --install /home/hrishikesh/projects/turtle_sim_project/build/hh_tt_interfaces
[2.175s] Level 1:colcon.colcon_core.environment:create_environment_scripts_only(hh_tt_interfaces)
[2.175s] DEBUG:colcon.colcon_core.event_handler.log_command:Invoked command in '/home/hrishikesh/projects/turtle_sim_project/build/hh_tt_interfaces' returned '0': CMAKE_PREFIX_PATH=${CMAKE_PREFIX_PATH}:/home/hrishikesh/projects/turtle_sim_project/install/hh_turtle_bot:/home/hrishikesh/projects/ros_2/install/hh_py_pkg:/opt/ros/humble /usr/bin/cmake --install /home/hrishikesh/projects/turtle_sim_project/build/hh_tt_interfaces
[2.176s] Level 1:colcon.colcon_core.environment:checking '/home/hrishikesh/projects/turtle_sim_project/install/hh_tt_interfaces' for CMake module files
[2.176s] Level 1:colcon.colcon_core.environment:checking '/home/hrishikesh/projects/turtle_sim_project/install/hh_tt_interfaces' for CMake config files
[2.176s] Level 1:colcon.colcon_core.shell:create_environment_hook('hh_tt_interfaces', 'cmake_prefix_path')
[2.176s] INFO:colcon.colcon_core.shell:Creating environment hook '/home/hrishikesh/projects/turtle_sim_project/install/hh_tt_interfaces/share/hh_tt_interfaces/hook/cmake_prefix_path.ps1'
[2.177s] INFO:colcon.colcon_core.shell:Creating environment descriptor '/home/hrishikesh/projects/turtle_sim_project/install/hh_tt_interfaces/share/hh_tt_interfaces/hook/cmake_prefix_path.dsv'
[2.177s] INFO:colcon.colcon_core.shell:Creating environment hook '/home/hrishikesh/projects/turtle_sim_project/install/hh_tt_interfaces/share/hh_tt_interfaces/hook/cmake_prefix_path.sh'
[2.177s] Level 1:colcon.colcon_core.environment:checking '/home/hrishikesh/projects/turtle_sim_project/install/hh_tt_interfaces/lib'
[2.177s] Level 1:colcon.colcon_core.shell:create_environment_hook('hh_tt_interfaces', 'ld_library_path_lib')
[2.177s] INFO:colcon.colcon_core.shell:Creating environment hook '/home/hrishikesh/projects/turtle_sim_project/install/hh_tt_interfaces/share/hh_tt_interfaces/hook/ld_library_path_lib.ps1'
[2.177s] INFO:colcon.colcon_core.shell:Creating environment descriptor '/home/hrishikesh/projects/turtle_sim_project/install/hh_tt_interfaces/share/hh_tt_interfaces/hook/ld_library_path_lib.dsv'
[2.177s] INFO:colcon.colcon_core.shell:Creating environment hook '/home/hrishikesh/projects/turtle_sim_project/install/hh_tt_interfaces/share/hh_tt_interfaces/hook/ld_library_path_lib.sh'
[2.178s] Level 1:colcon.colcon_core.environment:checking '/home/hrishikesh/projects/turtle_sim_project/install/hh_tt_interfaces/bin'
[2.178s] Level 1:colcon.colcon_core.environment:checking '/home/hrishikesh/projects/turtle_sim_project/install/hh_tt_interfaces/lib/pkgconfig/hh_tt_interfaces.pc'
[2.178s] Level 1:colcon.colcon_core.environment:checking '/home/hrishikesh/projects/turtle_sim_project/install/hh_tt_interfaces/lib/python3.10/site-packages'
[2.178s] Level 1:colcon.colcon_core.environment:checking '/home/hrishikesh/projects/turtle_sim_project/install/hh_tt_interfaces/bin'
[2.178s] INFO:colcon.colcon_core.shell:Creating package script '/home/hrishikesh/projects/turtle_sim_project/install/hh_tt_interfaces/share/hh_tt_interfaces/package.ps1'
[2.178s] INFO:colcon.colcon_core.shell:Creating package descriptor '/home/hrishikesh/projects/turtle_sim_project/install/hh_tt_interfaces/share/hh_tt_interfaces/package.dsv'
[2.178s] INFO:colcon.colcon_core.shell:Creating package script '/home/hrishikesh/projects/turtle_sim_project/install/hh_tt_interfaces/share/hh_tt_interfaces/package.sh'
[2.179s] INFO:colcon.colcon_core.shell:Creating package script '/home/hrishikesh/projects/turtle_sim_project/install/hh_tt_interfaces/share/hh_tt_interfaces/package.bash'
[2.179s] INFO:colcon.colcon_core.shell:Creating package script '/home/hrishikesh/projects/turtle_sim_project/install/hh_tt_interfaces/share/hh_tt_interfaces/package.zsh'
[2.179s] Level 1:colcon.colcon_core.environment:create_file_with_runtime_dependencies(/home/hrishikesh/projects/turtle_sim_project/install/hh_tt_interfaces/share/colcon-core/packages/hh_tt_interfaces)
[2.289s] Level 1:colcon.colcon_core.environment:create_environment_scripts_only(hh_tt_interfaces)
[2.290s] Level 1:colcon.colcon_core.environment:checking '/home/hrishikesh/projects/turtle_sim_project/install/hh_tt_interfaces' for CMake module files
[2.292s] Level 1:colcon.colcon_core.environment:checking '/home/hrishikesh/projects/turtle_sim_project/install/hh_tt_interfaces' for CMake config files
[2.293s] Level 1:colcon.colcon_core.shell:create_environment_hook('hh_tt_interfaces', 'cmake_prefix_path')
[2.294s] INFO:colcon.colcon_core.shell:Creating environment hook '/home/hrishikesh/projects/turtle_sim_project/install/hh_tt_interfaces/share/hh_tt_interfaces/hook/cmake_prefix_path.ps1'
[2.295s] INFO:colcon.colcon_core.shell:Creating environment descriptor '/home/hrishikesh/projects/turtle_sim_project/install/hh_tt_interfaces/share/hh_tt_interfaces/hook/cmake_prefix_path.dsv'
[2.295s] INFO:colcon.colcon_core.shell:Creating environment hook '/home/hrishikesh/projects/turtle_sim_project/install/hh_tt_interfaces/share/hh_tt_interfaces/hook/cmake_prefix_path.sh'
[2.296s] Level 1:colcon.colcon_core.environment:checking '/home/hrishikesh/projects/turtle_sim_project/install/hh_tt_interfaces/lib'
[2.297s] Level 1:colcon.colcon_core.shell:create_environment_hook('hh_tt_interfaces', 'ld_library_path_lib')
[2.297s] INFO:colcon.colcon_core.shell:Creating environment hook '/home/hrishikesh/projects/turtle_sim_project/install/hh_tt_interfaces/share/hh_tt_interfaces/hook/ld_library_path_lib.ps1'
[2.298s] INFO:colcon.colcon_core.shell:Creating environment descriptor '/home/hrishikesh/projects/turtle_sim_project/install/hh_tt_interfaces/share/hh_tt_interfaces/hook/ld_library_path_lib.dsv'
[2.299s] INFO:colcon.colcon_core.shell:Creating environment hook '/home/hrishikesh/projects/turtle_sim_project/install/hh_tt_interfaces/share/hh_tt_interfaces/hook/ld_library_path_lib.sh'
[2.299s] Level 1:colcon.colcon_core.environment:checking '/home/hrishikesh/projects/turtle_sim_project/install/hh_tt_interfaces/bin'
[2.299s] Level 1:colcon.colcon_core.environment:checking '/home/hrishikesh/projects/turtle_sim_project/install/hh_tt_interfaces/lib/pkgconfig/hh_tt_interfaces.pc'
[2.300s] Level 1:colcon.colcon_core.environment:checking '/home/hrishikesh/projects/turtle_sim_project/install/hh_tt_interfaces/lib/python3.10/site-packages'
[2.300s] Level 1:colcon.colcon_core.environment:checking '/home/hrishikesh/projects/turtle_sim_project/install/hh_tt_interfaces/bin'
[2.301s] INFO:colcon.colcon_core.shell:Creating package script '/home/hrishikesh/projects/turtle_sim_project/install/hh_tt_interfaces/share/hh_tt_interfaces/package.ps1'
[2.301s] INFO:colcon.colcon_core.shell:Creating package descriptor '/home/hrishikesh/projects/turtle_sim_project/install/hh_tt_interfaces/share/hh_tt_interfaces/package.dsv'
[2.302s] INFO:colcon.colcon_core.shell:Creating package script '/home/hrishikesh/projects/turtle_sim_project/install/hh_tt_interfaces/share/hh_tt_interfaces/package.sh'
[2.303s] INFO:colcon.colcon_core.shell:Creating package script '/home/hrishikesh/projects/turtle_sim_project/install/hh_tt_interfaces/share/hh_tt_interfaces/package.bash'
[2.303s] INFO:colcon.colcon_core.shell:Creating package script '/home/hrishikesh/projects/turtle_sim_project/install/hh_tt_interfaces/share/hh_tt_interfaces/package.zsh'
[2.303s] Level 1:colcon.colcon_core.environment:create_file_with_runtime_dependencies(/home/hrishikesh/projects/turtle_sim_project/install/hh_tt_interfaces/share/colcon-core/packages/hh_tt_interfaces)
[2.303s] DEBUG:colcon.colcon_parallel_executor.executor.parallel:closing loop
[2.304s] DEBUG:colcon.colcon_parallel_executor.executor.parallel:loop closed
[2.304s] DEBUG:colcon.colcon_parallel_executor.executor.parallel:run_until_complete finished with '0'
[2.304s] DEBUG:colcon.colcon_core.event_reactor:joining thread
[2.311s] INFO:colcon.colcon_core.plugin_system:Skipping extension 'colcon_notification.desktop_notification.terminal_notifier': Not used on non-Darwin systems
[2.311s] INFO:colcon.colcon_core.plugin_system:Skipping extension 'colcon_notification.desktop_notification.win32': Not used on non-Windows systems
[2.312s] INFO:colcon.colcon_notification.desktop_notification:Sending desktop notification using 'notify2'
[2.329s] DEBUG:colcon.colcon_core.event_reactor:joined thread
[2.330s] INFO:colcon.colcon_core.shell:Creating prefix script '/home/hrishikesh/projects/turtle_sim_project/install/local_setup.ps1'
[2.331s] INFO:colcon.colcon_core.shell:Creating prefix util module '/home/hrishikesh/projects/turtle_sim_project/install/_local_setup_util_ps1.py'
[2.332s] INFO:colcon.colcon_core.shell:Creating prefix chain script '/home/hrishikesh/projects/turtle_sim_project/install/setup.ps1'
[2.333s] INFO:colcon.colcon_core.shell:Creating prefix script '/home/hrishikesh/projects/turtle_sim_project/install/local_setup.sh'
[2.334s] INFO:colcon.colcon_core.shell:Creating prefix util module '/home/hrishikesh/projects/turtle_sim_project/install/_local_setup_util_sh.py'
[2.334s] INFO:colcon.colcon_core.shell:Creating prefix chain script '/home/hrishikesh/projects/turtle_sim_project/install/setup.sh'
[2.335s] INFO:colcon.colcon_core.shell:Creating prefix script '/home/hrishikesh/projects/turtle_sim_project/install/local_setup.bash'
[2.335s] INFO:colcon.colcon_core.shell:Creating prefix chain script '/home/hrishikesh/projects/turtle_sim_project/install/setup.bash'
[2.336s] INFO:colcon.colcon_core.shell:Creating prefix script '/home/hrishikesh/projects/turtle_sim_project/install/local_setup.zsh'
[2.337s] INFO:colcon.colcon_core.shell:Creating prefix chain script '/home/hrishikesh/projects/turtle_sim_project/install/setup.zsh'
