-- Found ament_cmake: 1.3.9 (/opt/ros/humble/share/ament_cmake/cmake)
-- Found rosidl_default_generators: 1.2.0 (/opt/ros/humble/share/rosidl_default_generators/cmake)
-- Using all available rosidl_typesupport_c: rosidl_typesupport_fastrtps_c;rosidl_typesupport_introspection_c
-- Found rosidl_adapter: 3.1.5 (/opt/ros/humble/share/rosidl_adapter/cmake)
-- Using all available rosidl_typesupport_cpp: rosidl_typesupport_fastrtps_cpp;rosidl_typesupport_introspection_cpp
-- Found ament_cmake_ros: 0.10.0 (/opt/ros/humble/share/ament_cmake_ros/cmake)
-- Using all available rosidl_typesupport_c: rosidl_typesupport_fastrtps_c;rosidl_typesupport_introspection_c
-- Using all available rosidl_typesupport_cpp: rosidl_typesupport_fastrtps_cpp;rosidl_typesupport_introspection_cpp
-- Found python_cmake_module: 0.10.0 (/opt/ros/humble/share/python_cmake_module/cmake)
-- Using PYTHON_EXECUTABLE: /usr/bin/python3
-- Using PYTHON_INCLUDE_DIRS: /usr/include/python3.10
-- Using PYTHON_LIBRARIES: /usr/lib/x86_64-linux-gnu/libpython3.10.so
-- Configuring done
-- Generating done
-- Build files have been written to: /home/hrishikesh/projects/turtle_sim_project/build/hh_tt_interfaces
[  2%] [34m[1mGenerating C code for ROS interfaces[0m
[  4%] [34m[1mGenerating C++ code for ROS interfaces[0m
[  4%] Built target ament_cmake_python_copy_hh_tt_interfaces
running egg_info
writing hh_tt_interfaces.egg-info/PKG-INFO
writing dependency_links to hh_tt_interfaces.egg-info/dependency_links.txt
writing top-level names to hh_tt_interfaces.egg-info/top_level.txt
reading manifest file 'hh_tt_interfaces.egg-info/SOURCES.txt'
writing manifest file 'hh_tt_interfaces.egg-info/SOURCES.txt'
[  4%] Built target ament_cmake_python_build_hh_tt_interfaces_egg
[  4%] Built target hh_tt_interfaces__cpp
[35m[1mConsolidate compiler generated dependencies of target hh_tt_interfaces__rosidl_generator_c[0m
[  8%] [34m[1mGenerating C++ introspection for ROS interfaces[0m
[  8%] [34m[1mGenerating C++ type support for eProsima Fast-RTPS[0m
[ 10%] [34m[1mGenerating C++ type support dispatch for ROS interfaces[0m
[ 17%] [32mBuilding C object CMakeFiles/hh_tt_interfaces__rosidl_generator_c.dir/rosidl_generator_c/hh_tt_interfaces/msg/detail/turtle_array__functions.c.o[0m
[ 17%] [32mBuilding C object CMakeFiles/hh_tt_interfaces__rosidl_generator_c.dir/rosidl_generator_c/hh_tt_interfaces/srv/detail/catch_turtle__functions.c.o[0m
[ 17%] [32mBuilding C object CMakeFiles/hh_tt_interfaces__rosidl_generator_c.dir/rosidl_generator_c/hh_tt_interfaces/msg/detail/turtle__functions.c.o[0m
[ 19%] [32m[1mLinking C shared library libhh_tt_interfaces__rosidl_generator_c.so[0m
[ 19%] Built target hh_tt_interfaces__rosidl_generator_c
[ 25%] [34m[1mGenerating C type support dispatch for ROS interfaces[0m
[ 25%] [34m[1mGenerating C introspection for ROS interfaces[0m
[ 25%] [34m[1mGenerating C type support for eProsima Fast-RTPS[0m
[35m[1mConsolidate compiler generated dependencies of target hh_tt_interfaces__rosidl_typesupport_cpp[0m
[ 27%] [32mBuilding CXX object CMakeFiles/hh_tt_interfaces__rosidl_typesupport_cpp.dir/rosidl_typesupport_cpp/hh_tt_interfaces/msg/turtle__type_support.cpp.o[0m
[ 31%] [32mBuilding CXX object CMakeFiles/hh_tt_interfaces__rosidl_typesupport_cpp.dir/rosidl_typesupport_cpp/hh_tt_interfaces/msg/turtle_array__type_support.cpp.o[0m
[ 31%] [32mBuilding CXX object CMakeFiles/hh_tt_interfaces__rosidl_typesupport_cpp.dir/rosidl_typesupport_cpp/hh_tt_interfaces/srv/catch_turtle__type_support.cpp.o[0m
[35m[1mConsolidate compiler generated dependencies of target hh_tt_interfaces__rosidl_typesupport_introspection_cpp[0m
[ 34%] [32mBuilding CXX object CMakeFiles/hh_tt_interfaces__rosidl_typesupport_introspection_cpp.dir/rosidl_typesupport_introspection_cpp/hh_tt_interfaces/msg/detail/turtle__type_support.cpp.o[0m
[ 36%] [32mBuilding CXX object CMakeFiles/hh_tt_interfaces__rosidl_typesupport_introspection_cpp.dir/rosidl_typesupport_introspection_cpp/hh_tt_interfaces/msg/detail/turtle_array__type_support.cpp.o[0m
[ 38%] [32mBuilding CXX object CMakeFiles/hh_tt_interfaces__rosidl_typesupport_introspection_cpp.dir/rosidl_typesupport_introspection_cpp/hh_tt_interfaces/srv/detail/catch_turtle__type_support.cpp.o[0m
[35m[1mConsolidate compiler generated dependencies of target hh_tt_interfaces__rosidl_typesupport_fastrtps_cpp[0m
[ 40%] [32mBuilding CXX object CMakeFiles/hh_tt_interfaces__rosidl_typesupport_fastrtps_cpp.dir/rosidl_typesupport_fastrtps_cpp/hh_tt_interfaces/msg/detail/dds_fastrtps/turtle__type_support.cpp.o[0m
[ 42%] [32mBuilding CXX object CMakeFiles/hh_tt_interfaces__rosidl_typesupport_fastrtps_cpp.dir/rosidl_typesupport_fastrtps_cpp/hh_tt_interfaces/msg/detail/dds_fastrtps/turtle_array__type_support.cpp.o[0m
[ 44%] [32mBuilding CXX object CMakeFiles/hh_tt_interfaces__rosidl_typesupport_fastrtps_cpp.dir/rosidl_typesupport_fastrtps_cpp/hh_tt_interfaces/srv/detail/dds_fastrtps/catch_turtle__type_support.cpp.o[0m
[35m[1mConsolidate compiler generated dependencies of target hh_tt_interfaces__rosidl_typesupport_c[0m
[ 46%] [32mBuilding CXX object CMakeFiles/hh_tt_interfaces__rosidl_typesupport_c.dir/rosidl_typesupport_c/hh_tt_interfaces/msg/turtle__type_support.cpp.o[0m
[ 51%] [32mBuilding CXX object CMakeFiles/hh_tt_interfaces__rosidl_typesupport_c.dir/rosidl_typesupport_c/hh_tt_interfaces/srv/catch_turtle__type_support.cpp.o[0m
[ 51%] [32mBuilding CXX object CMakeFiles/hh_tt_interfaces__rosidl_typesupport_c.dir/rosidl_typesupport_c/hh_tt_interfaces/msg/turtle_array__type_support.cpp.o[0m
[35m[1mConsolidate compiler generated dependencies of target hh_tt_interfaces__rosidl_typesupport_fastrtps_c[0m
[ 53%] [32m[1mLinking CXX shared library libhh_tt_interfaces__rosidl_typesupport_c.so[0m
[ 55%] [32mBuilding CXX object CMakeFiles/hh_tt_interfaces__rosidl_typesupport_fastrtps_c.dir/rosidl_typesupport_fastrtps_c/hh_tt_interfaces/msg/detail/turtle__type_support_c.cpp.o[0m
[ 59%] [32mBuilding CXX object CMakeFiles/hh_tt_interfaces__rosidl_typesupport_fastrtps_c.dir/rosidl_typesupport_fastrtps_c/hh_tt_interfaces/msg/detail/turtle_array__type_support_c.cpp.o[0m
[ 59%] [32mBuilding CXX object CMakeFiles/hh_tt_interfaces__rosidl_typesupport_fastrtps_c.dir/rosidl_typesupport_fastrtps_c/hh_tt_interfaces/srv/detail/catch_turtle__type_support_c.cpp.o[0m
[ 59%] Built target hh_tt_interfaces__rosidl_typesupport_c
[35m[1mConsolidate compiler generated dependencies of target hh_tt_interfaces__rosidl_typesupport_introspection_c[0m
[ 65%] [32mBuilding C object CMakeFiles/hh_tt_interfaces__rosidl_typesupport_introspection_c.dir/rosidl_typesupport_introspection_c/hh_tt_interfaces/srv/detail/catch_turtle__type_support.c.o[0m
[ 65%] [32mBuilding C object CMakeFiles/hh_tt_interfaces__rosidl_typesupport_introspection_c.dir/rosidl_typesupport_introspection_c/hh_tt_interfaces/msg/detail/turtle__type_support.c.o[0m
[ 65%] [32mBuilding C object CMakeFiles/hh_tt_interfaces__rosidl_typesupport_introspection_c.dir/rosidl_typesupport_introspection_c/hh_tt_interfaces/msg/detail/turtle_array__type_support.c.o[0m
[ 68%] [32m[1mLinking C shared library libhh_tt_interfaces__rosidl_typesupport_introspection_c.so[0m
[ 70%] [32m[1mLinking CXX shared library libhh_tt_interfaces__rosidl_typesupport_cpp.so[0m
[ 70%] Built target hh_tt_interfaces__rosidl_typesupport_introspection_c
[ 70%] Built target hh_tt_interfaces__rosidl_typesupport_cpp
[ 72%] [32m[1mLinking CXX shared library libhh_tt_interfaces__rosidl_typesupport_introspection_cpp.so[0m
[ 74%] [32m[1mLinking CXX shared library libhh_tt_interfaces__rosidl_typesupport_fastrtps_cpp.so[0m
[ 76%] [32m[1mLinking CXX shared library libhh_tt_interfaces__rosidl_typesupport_fastrtps_c.so[0m
[ 76%] Built target hh_tt_interfaces__rosidl_typesupport_introspection_cpp
[ 76%] Built target hh_tt_interfaces__rosidl_typesupport_fastrtps_cpp
[ 76%] Built target hh_tt_interfaces__rosidl_typesupport_fastrtps_c
[ 76%] Built target hh_tt_interfaces
[ 78%] [34m[1mGenerating Python code for ROS interfaces[0m
[ 78%] Built target hh_tt_interfaces__py
[35m[1mConsolidate compiler generated dependencies of target hh_tt_interfaces__rosidl_generator_py[0m
[ 85%] [32mBuilding C object CMakeFiles/hh_tt_interfaces__rosidl_generator_py.dir/rosidl_generator_py/hh_tt_interfaces/msg/_turtle_array_s.c.o[0m
[ 85%] [32mBuilding C object CMakeFiles/hh_tt_interfaces__rosidl_generator_py.dir/rosidl_generator_py/hh_tt_interfaces/msg/_turtle_s.c.o[0m
[ 85%] [32mBuilding C object CMakeFiles/hh_tt_interfaces__rosidl_generator_py.dir/rosidl_generator_py/hh_tt_interfaces/srv/_catch_turtle_s.c.o[0m
[ 87%] [32m[1mLinking C shared library rosidl_generator_py/hh_tt_interfaces/libhh_tt_interfaces__rosidl_generator_py.so[0m
[ 87%] Built target hh_tt_interfaces__rosidl_generator_py
[35m[1mConsolidate compiler generated dependencies of target hh_tt_interfaces__rosidl_typesupport_fastrtps_c__pyext[0m
[35m[1mConsolidate compiler generated dependencies of target hh_tt_interfaces__rosidl_typesupport_c__pyext[0m
[35m[1mConsolidate compiler generated dependencies of target hh_tt_interfaces__rosidl_typesupport_introspection_c__pyext[0m
[ 93%] [32mBuilding C object CMakeFiles/hh_tt_interfaces__rosidl_typesupport_c__pyext.dir/rosidl_generator_py/hh_tt_interfaces/_hh_tt_interfaces_s.ep.rosidl_typesupport_c.c.o[0m
[ 93%] [32mBuilding C object CMakeFiles/hh_tt_interfaces__rosidl_typesupport_fastrtps_c__pyext.dir/rosidl_generator_py/hh_tt_interfaces/_hh_tt_interfaces_s.ep.rosidl_typesupport_fastrtps_c.c.o[0m
[ 93%] [32mBuilding C object CMakeFiles/hh_tt_interfaces__rosidl_typesupport_introspection_c__pyext.dir/rosidl_generator_py/hh_tt_interfaces/_hh_tt_interfaces_s.ep.rosidl_typesupport_introspection_c.c.o[0m
[ 95%] [32m[1mLinking C shared library rosidl_generator_py/hh_tt_interfaces/hh_tt_interfaces_s__rosidl_typesupport_c.cpython-310-x86_64-linux-gnu.so[0m
[ 97%] [32m[1mLinking C shared library rosidl_generator_py/hh_tt_interfaces/hh_tt_interfaces_s__rosidl_typesupport_fastrtps_c.cpython-310-x86_64-linux-gnu.so[0m
[100%] [32m[1mLinking C shared library rosidl_generator_py/hh_tt_interfaces/hh_tt_interfaces_s__rosidl_typesupport_introspection_c.cpython-310-x86_64-linux-gnu.so[0m
[100%] Built target hh_tt_interfaces__rosidl_typesupport_c__pyext
[100%] Built target hh_tt_interfaces__rosidl_typesupport_introspection_c__pyext
[100%] Built target hh_tt_interfaces__rosidl_typesupport_fastrtps_c__pyext
-- Install configuration: ""
-- Installing: /home/hrishikesh/projects/turtle_sim_project/install/hh_tt_interfaces/share/ament_index/resource_index/rosidl_interfaces/hh_tt_interfaces
-- Up-to-date: /home/hrishikesh/projects/turtle_sim_project/install/hh_tt_interfaces/include/hh_tt_interfaces/hh_tt_interfaces
-- Installing: /home/hrishikesh/projects/turtle_sim_project/install/hh_tt_interfaces/include/hh_tt_interfaces/hh_tt_interfaces/srv
-- Installing: /home/hrishikesh/projects/turtle_sim_project/install/hh_tt_interfaces/include/hh_tt_interfaces/hh_tt_interfaces/srv/catch_turtle.h
-- Installing: /home/hrishikesh/projects/turtle_sim_project/install/hh_tt_interfaces/include/hh_tt_interfaces/hh_tt_interfaces/srv/detail
-- Installing: /home/hrishikesh/projects/turtle_sim_project/install/hh_tt_interfaces/include/hh_tt_interfaces/hh_tt_interfaces/srv/detail/catch_turtle__functions.h
-- Installing: /home/hrishikesh/projects/turtle_sim_project/install/hh_tt_interfaces/include/hh_tt_interfaces/hh_tt_interfaces/srv/detail/catch_turtle__functions.c
-- Installing: /home/hrishikesh/projects/turtle_sim_project/install/hh_tt_interfaces/include/hh_tt_interfaces/hh_tt_interfaces/srv/detail/catch_turtle__struct.h
-- Installing: /home/hrishikesh/projects/turtle_sim_project/install/hh_tt_interfaces/include/hh_tt_interfaces/hh_tt_interfaces/srv/detail/catch_turtle__type_support.h
-- Up-to-date: /home/hrishikesh/projects/turtle_sim_project/install/hh_tt_interfaces/include/hh_tt_interfaces/hh_tt_interfaces/msg
-- Up-to-date: /home/hrishikesh/projects/turtle_sim_project/install/hh_tt_interfaces/include/hh_tt_interfaces/hh_tt_interfaces/msg/detail
-- Installing: /home/hrishikesh/projects/turtle_sim_project/install/hh_tt_interfaces/include/hh_tt_interfaces/hh_tt_interfaces/msg/detail/turtle_array__functions.h
-- Installing: /home/hrishikesh/projects/turtle_sim_project/install/hh_tt_interfaces/include/hh_tt_interfaces/hh_tt_interfaces/msg/detail/turtle_array__struct.h
-- Installing: /home/hrishikesh/projects/turtle_sim_project/install/hh_tt_interfaces/include/hh_tt_interfaces/hh_tt_interfaces/msg/detail/turtle__functions.h
-- Installing: /home/hrishikesh/projects/turtle_sim_project/install/hh_tt_interfaces/include/hh_tt_interfaces/hh_tt_interfaces/msg/detail/turtle_array__functions.c
-- Installing: /home/hrishikesh/projects/turtle_sim_project/install/hh_tt_interfaces/include/hh_tt_interfaces/hh_tt_interfaces/msg/detail/turtle__struct.h
-- Installing: /home/hrishikesh/projects/turtle_sim_project/install/hh_tt_interfaces/include/hh_tt_interfaces/hh_tt_interfaces/msg/detail/turtle_array__type_support.h
-- Installing: /home/hrishikesh/projects/turtle_sim_project/install/hh_tt_interfaces/include/hh_tt_interfaces/hh_tt_interfaces/msg/detail/turtle__functions.c
-- Installing: /home/hrishikesh/projects/turtle_sim_project/install/hh_tt_interfaces/include/hh_tt_interfaces/hh_tt_interfaces/msg/detail/turtle__type_support.h
-- Up-to-date: /home/hrishikesh/projects/turtle_sim_project/install/hh_tt_interfaces/include/hh_tt_interfaces/hh_tt_interfaces/msg/rosidl_generator_c__visibility_control.h
-- Installing: /home/hrishikesh/projects/turtle_sim_project/install/hh_tt_interfaces/include/hh_tt_interfaces/hh_tt_interfaces/msg/turtle.h
-- Installing: /home/hrishikesh/projects/turtle_sim_project/install/hh_tt_interfaces/include/hh_tt_interfaces/hh_tt_interfaces/msg/turtle_array.h
-- Up-to-date: /home/hrishikesh/projects/turtle_sim_project/install/hh_tt_interfaces/share/hh_tt_interfaces/environment/library_path.sh
-- Installing: /home/hrishikesh/projects/turtle_sim_project/install/hh_tt_interfaces/share/hh_tt_interfaces/environment/library_path.dsv
-- Installing: /home/hrishikesh/projects/turtle_sim_project/install/hh_tt_interfaces/lib/libhh_tt_interfaces__rosidl_generator_c.so
-- Set runtime path of "/home/hrishikesh/projects/turtle_sim_project/install/hh_tt_interfaces/lib/libhh_tt_interfaces__rosidl_generator_c.so" to ""
-- Up-to-date: /home/hrishikesh/projects/turtle_sim_project/install/hh_tt_interfaces/include/hh_tt_interfaces/hh_tt_interfaces
-- Up-to-date: /home/hrishikesh/projects/turtle_sim_project/install/hh_tt_interfaces/include/hh_tt_interfaces/hh_tt_interfaces/srv
-- Up-to-date: /home/hrishikesh/projects/turtle_sim_project/install/hh_tt_interfaces/include/hh_tt_interfaces/hh_tt_interfaces/srv/detail
-- Installing: /home/hrishikesh/projects/turtle_sim_project/install/hh_tt_interfaces/include/hh_tt_interfaces/hh_tt_interfaces/srv/detail/catch_turtle__rosidl_typesupport_fastrtps_c.h
-- Up-to-date: /home/hrishikesh/projects/turtle_sim_project/install/hh_tt_interfaces/include/hh_tt_interfaces/hh_tt_interfaces/msg
-- Up-to-date: /home/hrishikesh/projects/turtle_sim_project/install/hh_tt_interfaces/include/hh_tt_interfaces/hh_tt_interfaces/msg/rosidl_typesupport_fastrtps_c__visibility_control.h
-- Up-to-date: /home/hrishikesh/projects/turtle_sim_project/install/hh_tt_interfaces/include/hh_tt_interfaces/hh_tt_interfaces/msg/detail
-- Installing: /home/hrishikesh/projects/turtle_sim_project/install/hh_tt_interfaces/include/hh_tt_interfaces/hh_tt_interfaces/msg/detail/turtle__rosidl_typesupport_fastrtps_c.h
-- Installing: /home/hrishikesh/projects/turtle_sim_project/install/hh_tt_interfaces/include/hh_tt_interfaces/hh_tt_interfaces/msg/detail/turtle_array__rosidl_typesupport_fastrtps_c.h
-- Installing: /home/hrishikesh/projects/turtle_sim_project/install/hh_tt_interfaces/lib/libhh_tt_interfaces__rosidl_typesupport_fastrtps_c.so
-- Set runtime path of "/home/hrishikesh/projects/turtle_sim_project/install/hh_tt_interfaces/lib/libhh_tt_interfaces__rosidl_typesupport_fastrtps_c.so" to ""
-- Up-to-date: /home/hrishikesh/projects/turtle_sim_project/install/hh_tt_interfaces/include/hh_tt_interfaces/hh_tt_interfaces
-- Up-to-date: /home/hrishikesh/projects/turtle_sim_project/install/hh_tt_interfaces/include/hh_tt_interfaces/hh_tt_interfaces/srv
-- Up-to-date: /home/hrishikesh/projects/turtle_sim_project/install/hh_tt_interfaces/include/hh_tt_interfaces/hh_tt_interfaces/srv/detail
-- Installing: /home/hrishikesh/projects/turtle_sim_project/install/hh_tt_interfaces/include/hh_tt_interfaces/hh_tt_interfaces/srv/detail/catch_turtle__type_support.c
-- Installing: /home/hrishikesh/projects/turtle_sim_project/install/hh_tt_interfaces/include/hh_tt_interfaces/hh_tt_interfaces/srv/detail/catch_turtle__rosidl_typesupport_introspection_c.h
-- Up-to-date: /home/hrishikesh/projects/turtle_sim_project/install/hh_tt_interfaces/include/hh_tt_interfaces/hh_tt_interfaces/msg
-- Up-to-date: /home/hrishikesh/projects/turtle_sim_project/install/hh_tt_interfaces/include/hh_tt_interfaces/hh_tt_interfaces/msg/detail
-- Installing: /home/hrishikesh/projects/turtle_sim_project/install/hh_tt_interfaces/include/hh_tt_interfaces/hh_tt_interfaces/msg/detail/turtle__rosidl_typesupport_introspection_c.h
-- Installing: /home/hrishikesh/projects/turtle_sim_project/install/hh_tt_interfaces/include/hh_tt_interfaces/hh_tt_interfaces/msg/detail/turtle__type_support.c
-- Installing: /home/hrishikesh/projects/turtle_sim_project/install/hh_tt_interfaces/include/hh_tt_interfaces/hh_tt_interfaces/msg/detail/turtle_array__rosidl_typesupport_introspection_c.h
-- Installing: /home/hrishikesh/projects/turtle_sim_project/install/hh_tt_interfaces/include/hh_tt_interfaces/hh_tt_interfaces/msg/detail/turtle_array__type_support.c
-- Up-to-date: /home/hrishikesh/projects/turtle_sim_project/install/hh_tt_interfaces/include/hh_tt_interfaces/hh_tt_interfaces/msg/rosidl_typesupport_introspection_c__visibility_control.h
-- Installing: /home/hrishikesh/projects/turtle_sim_project/install/hh_tt_interfaces/lib/libhh_tt_interfaces__rosidl_typesupport_introspection_c.so
-- Set runtime path of "/home/hrishikesh/projects/turtle_sim_project/install/hh_tt_interfaces/lib/libhh_tt_interfaces__rosidl_typesupport_introspection_c.so" to ""
-- Installing: /home/hrishikesh/projects/turtle_sim_project/install/hh_tt_interfaces/lib/libhh_tt_interfaces__rosidl_typesupport_c.so
-- Set runtime path of "/home/hrishikesh/projects/turtle_sim_project/install/hh_tt_interfaces/lib/libhh_tt_interfaces__rosidl_typesupport_c.so" to ""
-- Up-to-date: /home/hrishikesh/projects/turtle_sim_project/install/hh_tt_interfaces/include/hh_tt_interfaces/hh_tt_interfaces
-- Up-to-date: /home/hrishikesh/projects/turtle_sim_project/install/hh_tt_interfaces/include/hh_tt_interfaces/hh_tt_interfaces/srv
-- Installing: /home/hrishikesh/projects/turtle_sim_project/install/hh_tt_interfaces/include/hh_tt_interfaces/hh_tt_interfaces/srv/catch_turtle.hpp
-- Up-to-date: /home/hrishikesh/projects/turtle_sim_project/install/hh_tt_interfaces/include/hh_tt_interfaces/hh_tt_interfaces/srv/detail
-- Installing: /home/hrishikesh/projects/turtle_sim_project/install/hh_tt_interfaces/include/hh_tt_interfaces/hh_tt_interfaces/srv/detail/catch_turtle__traits.hpp
-- Installing: /home/hrishikesh/projects/turtle_sim_project/install/hh_tt_interfaces/include/hh_tt_interfaces/hh_tt_interfaces/srv/detail/catch_turtle__builder.hpp
-- Installing: /home/hrishikesh/projects/turtle_sim_project/install/hh_tt_interfaces/include/hh_tt_interfaces/hh_tt_interfaces/srv/detail/catch_turtle__struct.hpp
-- Up-to-date: /home/hrishikesh/projects/turtle_sim_project/install/hh_tt_interfaces/include/hh_tt_interfaces/hh_tt_interfaces/msg
-- Installing: /home/hrishikesh/projects/turtle_sim_project/install/hh_tt_interfaces/include/hh_tt_interfaces/hh_tt_interfaces/msg/turtle_array.hpp
-- Installing: /home/hrishikesh/projects/turtle_sim_project/install/hh_tt_interfaces/include/hh_tt_interfaces/hh_tt_interfaces/msg/turtle.hpp
-- Up-to-date: /home/hrishikesh/projects/turtle_sim_project/install/hh_tt_interfaces/include/hh_tt_interfaces/hh_tt_interfaces/msg/detail
-- Installing: /home/hrishikesh/projects/turtle_sim_project/install/hh_tt_interfaces/include/hh_tt_interfaces/hh_tt_interfaces/msg/detail/turtle_array__struct.hpp
-- Installing: /home/hrishikesh/projects/turtle_sim_project/install/hh_tt_interfaces/include/hh_tt_interfaces/hh_tt_interfaces/msg/detail/turtle__struct.hpp
-- Installing: /home/hrishikesh/projects/turtle_sim_project/install/hh_tt_interfaces/include/hh_tt_interfaces/hh_tt_interfaces/msg/detail/turtle__traits.hpp
-- Installing: /home/hrishikesh/projects/turtle_sim_project/install/hh_tt_interfaces/include/hh_tt_interfaces/hh_tt_interfaces/msg/detail/turtle_array__builder.hpp
-- Installing: /home/hrishikesh/projects/turtle_sim_project/install/hh_tt_interfaces/include/hh_tt_interfaces/hh_tt_interfaces/msg/detail/turtle__builder.hpp
-- Installing: /home/hrishikesh/projects/turtle_sim_project/install/hh_tt_interfaces/include/hh_tt_interfaces/hh_tt_interfaces/msg/detail/turtle_array__traits.hpp
-- Up-to-date: /home/hrishikesh/projects/turtle_sim_project/install/hh_tt_interfaces/include/hh_tt_interfaces/hh_tt_interfaces
-- Up-to-date: /home/hrishikesh/projects/turtle_sim_project/install/hh_tt_interfaces/include/hh_tt_interfaces/hh_tt_interfaces/srv
-- Up-to-date: /home/hrishikesh/projects/turtle_sim_project/install/hh_tt_interfaces/include/hh_tt_interfaces/hh_tt_interfaces/srv/detail
-- Installing: /home/hrishikesh/projects/turtle_sim_project/install/hh_tt_interfaces/include/hh_tt_interfaces/hh_tt_interfaces/srv/detail/dds_fastrtps
-- Installing: /home/hrishikesh/projects/turtle_sim_project/install/hh_tt_interfaces/include/hh_tt_interfaces/hh_tt_interfaces/srv/detail/catch_turtle__rosidl_typesupport_fastrtps_cpp.hpp
-- Up-to-date: /home/hrishikesh/projects/turtle_sim_project/install/hh_tt_interfaces/include/hh_tt_interfaces/hh_tt_interfaces/msg
-- Up-to-date: /home/hrishikesh/projects/turtle_sim_project/install/hh_tt_interfaces/include/hh_tt_interfaces/hh_tt_interfaces/msg/detail
-- Up-to-date: /home/hrishikesh/projects/turtle_sim_project/install/hh_tt_interfaces/include/hh_tt_interfaces/hh_tt_interfaces/msg/detail/dds_fastrtps
-- Installing: /home/hrishikesh/projects/turtle_sim_project/install/hh_tt_interfaces/include/hh_tt_interfaces/hh_tt_interfaces/msg/detail/turtle_array__rosidl_typesupport_fastrtps_cpp.hpp
-- Installing: /home/hrishikesh/projects/turtle_sim_project/install/hh_tt_interfaces/include/hh_tt_interfaces/hh_tt_interfaces/msg/detail/turtle__rosidl_typesupport_fastrtps_cpp.hpp
-- Up-to-date: /home/hrishikesh/projects/turtle_sim_project/install/hh_tt_interfaces/include/hh_tt_interfaces/hh_tt_interfaces/msg/rosidl_typesupport_fastrtps_cpp__visibility_control.h
-- Installing: /home/hrishikesh/projects/turtle_sim_project/install/hh_tt_interfaces/lib/libhh_tt_interfaces__rosidl_typesupport_fastrtps_cpp.so
-- Set runtime path of "/home/hrishikesh/projects/turtle_sim_project/install/hh_tt_interfaces/lib/libhh_tt_interfaces__rosidl_typesupport_fastrtps_cpp.so" to ""
-- Up-to-date: /home/hrishikesh/projects/turtle_sim_project/install/hh_tt_interfaces/include/hh_tt_interfaces/hh_tt_interfaces
-- Up-to-date: /home/hrishikesh/projects/turtle_sim_project/install/hh_tt_interfaces/include/hh_tt_interfaces/hh_tt_interfaces/srv
-- Up-to-date: /home/hrishikesh/projects/turtle_sim_project/install/hh_tt_interfaces/include/hh_tt_interfaces/hh_tt_interfaces/srv/detail
-- Installing: /home/hrishikesh/projects/turtle_sim_project/install/hh_tt_interfaces/include/hh_tt_interfaces/hh_tt_interfaces/srv/detail/catch_turtle__rosidl_typesupport_introspection_cpp.hpp
-- Installing: /home/hrishikesh/projects/turtle_sim_project/install/hh_tt_interfaces/include/hh_tt_interfaces/hh_tt_interfaces/srv/detail/catch_turtle__type_support.cpp
-- Up-to-date: /home/hrishikesh/projects/turtle_sim_project/install/hh_tt_interfaces/include/hh_tt_interfaces/hh_tt_interfaces/msg
-- Up-to-date: /home/hrishikesh/projects/turtle_sim_project/install/hh_tt_interfaces/include/hh_tt_interfaces/hh_tt_interfaces/msg/detail
-- Installing: /home/hrishikesh/projects/turtle_sim_project/install/hh_tt_interfaces/include/hh_tt_interfaces/hh_tt_interfaces/msg/detail/turtle__type_support.cpp
-- Installing: /home/hrishikesh/projects/turtle_sim_project/install/hh_tt_interfaces/include/hh_tt_interfaces/hh_tt_interfaces/msg/detail/turtle_array__type_support.cpp
-- Installing: /home/hrishikesh/projects/turtle_sim_project/install/hh_tt_interfaces/include/hh_tt_interfaces/hh_tt_interfaces/msg/detail/turtle__rosidl_typesupport_introspection_cpp.hpp
-- Installing: /home/hrishikesh/projects/turtle_sim_project/install/hh_tt_interfaces/include/hh_tt_interfaces/hh_tt_interfaces/msg/detail/turtle_array__rosidl_typesupport_introspection_cpp.hpp
-- Installing: /home/hrishikesh/projects/turtle_sim_project/install/hh_tt_interfaces/lib/libhh_tt_interfaces__rosidl_typesupport_introspection_cpp.so
-- Set runtime path of "/home/hrishikesh/projects/turtle_sim_project/install/hh_tt_interfaces/lib/libhh_tt_interfaces__rosidl_typesupport_introspection_cpp.so" to ""
-- Installing: /home/hrishikesh/projects/turtle_sim_project/install/hh_tt_interfaces/lib/libhh_tt_interfaces__rosidl_typesupport_cpp.so
-- Set runtime path of "/home/hrishikesh/projects/turtle_sim_project/install/hh_tt_interfaces/lib/libhh_tt_interfaces__rosidl_typesupport_cpp.so" to ""
-- Up-to-date: /home/hrishikesh/projects/turtle_sim_project/install/hh_tt_interfaces/share/hh_tt_interfaces/environment/pythonpath.sh
-- Installing: /home/hrishikesh/projects/turtle_sim_project/install/hh_tt_interfaces/share/hh_tt_interfaces/environment/pythonpath.dsv
-- Up-to-date: /home/hrishikesh/projects/turtle_sim_project/install/hh_tt_interfaces/local/lib/python3.10/dist-packages/hh_tt_interfaces-0.0.0-py3.10.egg-info
-- Installing: /home/hrishikesh/projects/turtle_sim_project/install/hh_tt_interfaces/local/lib/python3.10/dist-packages/hh_tt_interfaces-0.0.0-py3.10.egg-info/PKG-INFO
-- Installing: /home/hrishikesh/projects/turtle_sim_project/install/hh_tt_interfaces/local/lib/python3.10/dist-packages/hh_tt_interfaces-0.0.0-py3.10.egg-info/SOURCES.txt
-- Installing: /home/hrishikesh/projects/turtle_sim_project/install/hh_tt_interfaces/local/lib/python3.10/dist-packages/hh_tt_interfaces-0.0.0-py3.10.egg-info/dependency_links.txt
-- Installing: /home/hrishikesh/projects/turtle_sim_project/install/hh_tt_interfaces/local/lib/python3.10/dist-packages/hh_tt_interfaces-0.0.0-py3.10.egg-info/top_level.txt
-- Up-to-date: /home/hrishikesh/projects/turtle_sim_project/install/hh_tt_interfaces/local/lib/python3.10/dist-packages/hh_tt_interfaces
-- Installing: /home/hrishikesh/projects/turtle_sim_project/install/hh_tt_interfaces/local/lib/python3.10/dist-packages/hh_tt_interfaces/srv
-- Installing: /home/hrishikesh/projects/turtle_sim_project/install/hh_tt_interfaces/local/lib/python3.10/dist-packages/hh_tt_interfaces/srv/__init__.py
-- Installing: /home/hrishikesh/projects/turtle_sim_project/install/hh_tt_interfaces/local/lib/python3.10/dist-packages/hh_tt_interfaces/srv/_catch_turtle_s.c
-- Installing: /home/hrishikesh/projects/turtle_sim_project/install/hh_tt_interfaces/local/lib/python3.10/dist-packages/hh_tt_interfaces/srv/_catch_turtle.py
-- Installing: /home/hrishikesh/projects/turtle_sim_project/install/hh_tt_interfaces/local/lib/python3.10/dist-packages/hh_tt_interfaces/hh_tt_interfaces_s__rosidl_typesupport_c.cpython-310-x86_64-linux-gnu.so
-- Installing: /home/hrishikesh/projects/turtle_sim_project/install/hh_tt_interfaces/local/lib/python3.10/dist-packages/hh_tt_interfaces/hh_tt_interfaces_s__rosidl_typesupport_fastrtps_c.cpython-310-x86_64-linux-gnu.so
-- Installing: /home/hrishikesh/projects/turtle_sim_project/install/hh_tt_interfaces/local/lib/python3.10/dist-packages/hh_tt_interfaces/_hh_tt_interfaces_s.ep.rosidl_typesupport_c.c
-- Installing: /home/hrishikesh/projects/turtle_sim_project/install/hh_tt_interfaces/local/lib/python3.10/dist-packages/hh_tt_interfaces/__init__.py
-- Installing: /home/hrishikesh/projects/turtle_sim_project/install/hh_tt_interfaces/local/lib/python3.10/dist-packages/hh_tt_interfaces/hh_tt_interfaces_s__rosidl_typesupport_introspection_c.cpython-310-x86_64-linux-gnu.so
-- Installing: /home/hrishikesh/projects/turtle_sim_project/install/hh_tt_interfaces/local/lib/python3.10/dist-packages/hh_tt_interfaces/_hh_tt_interfaces_s.ep.rosidl_typesupport_introspection_c.c
-- Up-to-date: /home/hrishikesh/projects/turtle_sim_project/install/hh_tt_interfaces/local/lib/python3.10/dist-packages/hh_tt_interfaces/msg
-- Installing: /home/hrishikesh/projects/turtle_sim_project/install/hh_tt_interfaces/local/lib/python3.10/dist-packages/hh_tt_interfaces/msg/_turtle_s.c
-- Installing: /home/hrishikesh/projects/turtle_sim_project/install/hh_tt_interfaces/local/lib/python3.10/dist-packages/hh_tt_interfaces/msg/_turtle_array.py
-- Installing: /home/hrishikesh/projects/turtle_sim_project/install/hh_tt_interfaces/local/lib/python3.10/dist-packages/hh_tt_interfaces/msg/__init__.py
-- Installing: /home/hrishikesh/projects/turtle_sim_project/install/hh_tt_interfaces/local/lib/python3.10/dist-packages/hh_tt_interfaces/msg/_turtle_array_s.c
-- Installing: /home/hrishikesh/projects/turtle_sim_project/install/hh_tt_interfaces/local/lib/python3.10/dist-packages/hh_tt_interfaces/msg/_turtle.py
-- Installing: /home/hrishikesh/projects/turtle_sim_project/install/hh_tt_interfaces/local/lib/python3.10/dist-packages/hh_tt_interfaces/_hh_tt_interfaces_s.ep.rosidl_typesupport_fastrtps_c.c
-- Installing: /home/hrishikesh/projects/turtle_sim_project/install/hh_tt_interfaces/local/lib/python3.10/dist-packages/hh_tt_interfaces/libhh_tt_interfaces__rosidl_generator_py.so
Listing '/home/hrishikesh/projects/turtle_sim_project/install/hh_tt_interfaces/local/lib/python3.10/dist-packages/hh_tt_interfaces'...
Compiling '/home/hrishikesh/projects/turtle_sim_project/install/hh_tt_interfaces/local/lib/python3.10/dist-packages/hh_tt_interfaces/__init__.py'...
Listing '/home/hrishikesh/projects/turtle_sim_project/install/hh_tt_interfaces/local/lib/python3.10/dist-packages/hh_tt_interfaces/msg'...
Compiling '/home/hrishikesh/projects/turtle_sim_project/install/hh_tt_interfaces/local/lib/python3.10/dist-packages/hh_tt_interfaces/msg/__init__.py'...
Compiling '/home/hrishikesh/projects/turtle_sim_project/install/hh_tt_interfaces/local/lib/python3.10/dist-packages/hh_tt_interfaces/msg/_turtle.py'...
Compiling '/home/hrishikesh/projects/turtle_sim_project/install/hh_tt_interfaces/local/lib/python3.10/dist-packages/hh_tt_interfaces/msg/_turtle_array.py'...
Listing '/home/hrishikesh/projects/turtle_sim_project/install/hh_tt_interfaces/local/lib/python3.10/dist-packages/hh_tt_interfaces/srv'...
Compiling '/home/hrishikesh/projects/turtle_sim_project/install/hh_tt_interfaces/local/lib/python3.10/dist-packages/hh_tt_interfaces/srv/__init__.py'...
Compiling '/home/hrishikesh/projects/turtle_sim_project/install/hh_tt_interfaces/local/lib/python3.10/dist-packages/hh_tt_interfaces/srv/_catch_turtle.py'...
-- Installing: /home/hrishikesh/projects/turtle_sim_project/install/hh_tt_interfaces/local/lib/python3.10/dist-packages/hh_tt_interfaces/hh_tt_interfaces_s__rosidl_typesupport_fastrtps_c.cpython-310-x86_64-linux-gnu.so
-- Set runtime path of "/home/hrishikesh/projects/turtle_sim_project/install/hh_tt_interfaces/local/lib/python3.10/dist-packages/hh_tt_interfaces/hh_tt_interfaces_s__rosidl_typesupport_fastrtps_c.cpython-310-x86_64-linux-gnu.so" to ""
-- Installing: /home/hrishikesh/projects/turtle_sim_project/install/hh_tt_interfaces/local/lib/python3.10/dist-packages/hh_tt_interfaces/hh_tt_interfaces_s__rosidl_typesupport_introspection_c.cpython-310-x86_64-linux-gnu.so
-- Set runtime path of "/home/hrishikesh/projects/turtle_sim_project/install/hh_tt_interfaces/local/lib/python3.10/dist-packages/hh_tt_interfaces/hh_tt_interfaces_s__rosidl_typesupport_introspection_c.cpython-310-x86_64-linux-gnu.so" to ""
-- Installing: /home/hrishikesh/projects/turtle_sim_project/install/hh_tt_interfaces/local/lib/python3.10/dist-packages/hh_tt_interfaces/hh_tt_interfaces_s__rosidl_typesupport_c.cpython-310-x86_64-linux-gnu.so
-- Set runtime path of "/home/hrishikesh/projects/turtle_sim_project/install/hh_tt_interfaces/local/lib/python3.10/dist-packages/hh_tt_interfaces/hh_tt_interfaces_s__rosidl_typesupport_c.cpython-310-x86_64-linux-gnu.so" to ""
-- Installing: /home/hrishikesh/projects/turtle_sim_project/install/hh_tt_interfaces/lib/libhh_tt_interfaces__rosidl_generator_py.so
-- Set runtime path of "/home/hrishikesh/projects/turtle_sim_project/install/hh_tt_interfaces/lib/libhh_tt_interfaces__rosidl_generator_py.so" to ""
-- Up-to-date: /home/hrishikesh/projects/turtle_sim_project/install/hh_tt_interfaces/share/hh_tt_interfaces/msg/Turtle.idl
-- Up-to-date: /home/hrishikesh/projects/turtle_sim_project/install/hh_tt_interfaces/share/hh_tt_interfaces/msg/TurtleArray.idl
-- Installing: /home/hrishikesh/projects/turtle_sim_project/install/hh_tt_interfaces/share/hh_tt_interfaces/srv/CatchTurtle.idl
-- Up-to-date: /home/hrishikesh/projects/turtle_sim_project/install/hh_tt_interfaces/share/hh_tt_interfaces/msg/Turtle.msg
-- Up-to-date: /home/hrishikesh/projects/turtle_sim_project/install/hh_tt_interfaces/share/hh_tt_interfaces/msg/TurtleArray.msg
-- Installing: /home/hrishikesh/projects/turtle_sim_project/install/hh_tt_interfaces/share/hh_tt_interfaces/srv/CatchTurtle.srv
-- Installing: /home/hrishikesh/projects/turtle_sim_project/install/hh_tt_interfaces/share/hh_tt_interfaces/srv/CatchTurtle_Request.msg
-- Installing: /home/hrishikesh/projects/turtle_sim_project/install/hh_tt_interfaces/share/hh_tt_interfaces/srv/CatchTurtle_Response.msg
-- Up-to-date: /home/hrishikesh/projects/turtle_sim_project/install/hh_tt_interfaces/share/ament_index/resource_index/package_run_dependencies/hh_tt_interfaces
-- Up-to-date: /home/hrishikesh/projects/turtle_sim_project/install/hh_tt_interfaces/share/ament_index/resource_index/parent_prefix_path/hh_tt_interfaces
-- Up-to-date: /home/hrishikesh/projects/turtle_sim_project/install/hh_tt_interfaces/share/hh_tt_interfaces/environment/ament_prefix_path.sh
-- Installing: /home/hrishikesh/projects/turtle_sim_project/install/hh_tt_interfaces/share/hh_tt_interfaces/environment/ament_prefix_path.dsv
-- Up-to-date: /home/hrishikesh/projects/turtle_sim_project/install/hh_tt_interfaces/share/hh_tt_interfaces/environment/path.sh
-- Installing: /home/hrishikesh/projects/turtle_sim_project/install/hh_tt_interfaces/share/hh_tt_interfaces/environment/path.dsv
-- Up-to-date: /home/hrishikesh/projects/turtle_sim_project/install/hh_tt_interfaces/share/hh_tt_interfaces/local_setup.bash
-- Up-to-date: /home/hrishikesh/projects/turtle_sim_project/install/hh_tt_interfaces/share/hh_tt_interfaces/local_setup.sh
-- Up-to-date: /home/hrishikesh/projects/turtle_sim_project/install/hh_tt_interfaces/share/hh_tt_interfaces/local_setup.zsh
-- Installing: /home/hrishikesh/projects/turtle_sim_project/install/hh_tt_interfaces/share/hh_tt_interfaces/local_setup.dsv
-- Installing: /home/hrishikesh/projects/turtle_sim_project/install/hh_tt_interfaces/share/hh_tt_interfaces/package.dsv
-- Up-to-date: /home/hrishikesh/projects/turtle_sim_project/install/hh_tt_interfaces/share/ament_index/resource_index/packages/hh_tt_interfaces
-- Up-to-date: /home/hrishikesh/projects/turtle_sim_project/install/hh_tt_interfaces/share/hh_tt_interfaces/cmake/export_hh_tt_interfaces__rosidl_generator_cExport.cmake
-- Up-to-date: /home/hrishikesh/projects/turtle_sim_project/install/hh_tt_interfaces/share/hh_tt_interfaces/cmake/export_hh_tt_interfaces__rosidl_generator_cExport-noconfig.cmake
-- Up-to-date: /home/hrishikesh/projects/turtle_sim_project/install/hh_tt_interfaces/share/hh_tt_interfaces/cmake/export_hh_tt_interfaces__rosidl_typesupport_fastrtps_cExport.cmake
-- Up-to-date: /home/hrishikesh/projects/turtle_sim_project/install/hh_tt_interfaces/share/hh_tt_interfaces/cmake/export_hh_tt_interfaces__rosidl_typesupport_fastrtps_cExport-noconfig.cmake
-- Up-to-date: /home/hrishikesh/projects/turtle_sim_project/install/hh_tt_interfaces/share/hh_tt_interfaces/cmake/hh_tt_interfaces__rosidl_typesupport_introspection_cExport.cmake
-- Up-to-date: /home/hrishikesh/projects/turtle_sim_project/install/hh_tt_interfaces/share/hh_tt_interfaces/cmake/hh_tt_interfaces__rosidl_typesupport_introspection_cExport-noconfig.cmake
-- Up-to-date: /home/hrishikesh/projects/turtle_sim_project/install/hh_tt_interfaces/share/hh_tt_interfaces/cmake/hh_tt_interfaces__rosidl_typesupport_cExport.cmake
-- Up-to-date: /home/hrishikesh/projects/turtle_sim_project/install/hh_tt_interfaces/share/hh_tt_interfaces/cmake/hh_tt_interfaces__rosidl_typesupport_cExport-noconfig.cmake
-- Up-to-date: /home/hrishikesh/projects/turtle_sim_project/install/hh_tt_interfaces/share/hh_tt_interfaces/cmake/export_hh_tt_interfaces__rosidl_generator_cppExport.cmake
-- Up-to-date: /home/hrishikesh/projects/turtle_sim_project/install/hh_tt_interfaces/share/hh_tt_interfaces/cmake/export_hh_tt_interfaces__rosidl_typesupport_fastrtps_cppExport.cmake
-- Up-to-date: /home/hrishikesh/projects/turtle_sim_project/install/hh_tt_interfaces/share/hh_tt_interfaces/cmake/export_hh_tt_interfaces__rosidl_typesupport_fastrtps_cppExport-noconfig.cmake
-- Up-to-date: /home/hrishikesh/projects/turtle_sim_project/install/hh_tt_interfaces/share/hh_tt_interfaces/cmake/hh_tt_interfaces__rosidl_typesupport_introspection_cppExport.cmake
-- Up-to-date: /home/hrishikesh/projects/turtle_sim_project/install/hh_tt_interfaces/share/hh_tt_interfaces/cmake/hh_tt_interfaces__rosidl_typesupport_introspection_cppExport-noconfig.cmake
-- Up-to-date: /home/hrishikesh/projects/turtle_sim_project/install/hh_tt_interfaces/share/hh_tt_interfaces/cmake/hh_tt_interfaces__rosidl_typesupport_cppExport.cmake
-- Up-to-date: /home/hrishikesh/projects/turtle_sim_project/install/hh_tt_interfaces/share/hh_tt_interfaces/cmake/hh_tt_interfaces__rosidl_typesupport_cppExport-noconfig.cmake
-- Up-to-date: /home/hrishikesh/projects/turtle_sim_project/install/hh_tt_interfaces/share/hh_tt_interfaces/cmake/export_hh_tt_interfaces__rosidl_generator_pyExport.cmake
-- Up-to-date: /home/hrishikesh/projects/turtle_sim_project/install/hh_tt_interfaces/share/hh_tt_interfaces/cmake/export_hh_tt_interfaces__rosidl_generator_pyExport-noconfig.cmake
-- Installing: /home/hrishikesh/projects/turtle_sim_project/install/hh_tt_interfaces/share/hh_tt_interfaces/cmake/rosidl_cmake-extras.cmake
-- Up-to-date: /home/hrishikesh/projects/turtle_sim_project/install/hh_tt_interfaces/share/hh_tt_interfaces/cmake/ament_cmake_export_include_directories-extras.cmake
-- Up-to-date: /home/hrishikesh/projects/turtle_sim_project/install/hh_tt_interfaces/share/hh_tt_interfaces/cmake/ament_cmake_export_libraries-extras.cmake
-- Up-to-date: /home/hrishikesh/projects/turtle_sim_project/install/hh_tt_interfaces/share/hh_tt_interfaces/cmake/ament_cmake_export_targets-extras.cmake
-- Up-to-date: /home/hrishikesh/projects/turtle_sim_project/install/hh_tt_interfaces/share/hh_tt_interfaces/cmake/rosidl_cmake_export_typesupport_targets-extras.cmake
-- Up-to-date: /home/hrishikesh/projects/turtle_sim_project/install/hh_tt_interfaces/share/hh_tt_interfaces/cmake/ament_cmake_export_dependencies-extras.cmake
-- Up-to-date: /home/hrishikesh/projects/turtle_sim_project/install/hh_tt_interfaces/share/hh_tt_interfaces/cmake/rosidl_cmake_export_typesupport_libraries-extras.cmake
-- Up-to-date: /home/hrishikesh/projects/turtle_sim_project/install/hh_tt_interfaces/share/hh_tt_interfaces/cmake/hh_tt_interfacesConfig.cmake
-- Up-to-date: /home/hrishikesh/projects/turtle_sim_project/install/hh_tt_interfaces/share/hh_tt_interfaces/cmake/hh_tt_interfacesConfig-version.cmake
-- Up-to-date: /home/hrishikesh/projects/turtle_sim_project/install/hh_tt_interfaces/share/hh_tt_interfaces/package.xml
