[0.009s] Invoking command in '/home/hrishikesh/projects/turtle_sim_project/build/hh_tt_interfaces': CMAKE_PREFIX_PATH=${CMAKE_PREFIX_PATH}:/home/hrishikesh/projects/turtle_sim_project/install/hh_turtle_bot:/home/hrishikesh/projects/ros_2/install/hh_py_pkg:/opt/ros/humble /usr/bin/cmake --build /home/hrishikesh/projects/turtle_sim_project/build/hh_tt_interfaces -- -j24 -l24
[0.023s] -- Found ament_cmake: 1.3.9 (/opt/ros/humble/share/ament_cmake/cmake)
[0.095s] -- Found rosidl_default_generators: 1.2.0 (/opt/ros/humble/share/rosidl_default_generators/cmake)
[0.096s] -- Using all available rosidl_typesupport_c: rosidl_typesupport_fastrtps_c;rosidl_typesupport_introspection_c
[0.097s] -- Found rosidl_adapter: 3.1.5 (/opt/ros/humble/share/rosidl_adapter/cmake)
[0.114s] -- Using all available rosidl_typesupport_cpp: rosidl_typesupport_fastrtps_cpp;rosidl_typesupport_introspection_cpp
[0.273s] -- Found ament_cmake_ros: 0.10.0 (/opt/ros/humble/share/ament_cmake_ros/cmake)
[0.380s] -- Using all available rosidl_typesupport_c: rosidl_typesupport_fastrtps_c;rosidl_typesupport_introspection_c
[0.523s] -- Using all available rosidl_typesupport_cpp: rosidl_typesupport_fastrtps_cpp;rosidl_typesupport_introspection_cpp
[0.537s] -- Found python_cmake_module: 0.10.0 (/opt/ros/humble/share/python_cmake_module/cmake)
[0.551s] -- Using PYTHON_EXECUTABLE: /usr/bin/python3
[0.551s] -- Using PYTHON_INCLUDE_DIRS: /usr/include/python3.10
[0.551s] -- Using PYTHON_LIBRARIES: /usr/lib/x86_64-linux-gnu/libpython3.10.so
[0.561s] -- Configuring done
[0.575s] -- Generating done
[0.576s] -- Build files have been written to: /home/hrishikesh/projects/turtle_sim_project/build/hh_tt_interfaces
[0.589s] [  2%] [34m[1mGenerating C code for ROS interfaces[0m
[0.595s] [  4%] [34m[1mGenerating C++ code for ROS interfaces[0m
[0.600s] [  4%] Built target ament_cmake_python_copy_hh_tt_interfaces
[0.724s] running egg_info
[0.724s] writing hh_tt_interfaces.egg-info/PKG-INFO
[0.724s] writing dependency_links to hh_tt_interfaces.egg-info/dependency_links.txt
[0.724s] writing top-level names to hh_tt_interfaces.egg-info/top_level.txt
[0.725s] reading manifest file 'hh_tt_interfaces.egg-info/SOURCES.txt'
[0.726s] writing manifest file 'hh_tt_interfaces.egg-info/SOURCES.txt'
[0.741s] [  4%] Built target ament_cmake_python_build_hh_tt_interfaces_egg
[0.780s] [  4%] Built target hh_tt_interfaces__cpp
[0.785s] [35m[1mConsolidate compiler generated dependencies of target hh_tt_interfaces__rosidl_generator_c[0m
[0.785s] [  8%] [34m[1mGenerating C++ introspection for ROS interfaces[0m
[0.785s] [  8%] [34m[1mGenerating C++ type support for eProsima Fast-RTPS[0m
[0.786s] [ 10%] [34m[1mGenerating C++ type support dispatch for ROS interfaces[0m
[0.791s] [ 17%] [32mBuilding C object CMakeFiles/hh_tt_interfaces__rosidl_generator_c.dir/rosidl_generator_c/hh_tt_interfaces/msg/detail/turtle_array__functions.c.o[0m
[0.791s] [ 17%] [32mBuilding C object CMakeFiles/hh_tt_interfaces__rosidl_generator_c.dir/rosidl_generator_c/hh_tt_interfaces/srv/detail/catch_turtle__functions.c.o[0m
[0.791s] [ 17%] [32mBuilding C object CMakeFiles/hh_tt_interfaces__rosidl_generator_c.dir/rosidl_generator_c/hh_tt_interfaces/msg/detail/turtle__functions.c.o[0m
[0.823s] [ 19%] [32m[1mLinking C shared library libhh_tt_interfaces__rosidl_generator_c.so[0m
[0.845s] [ 19%] Built target hh_tt_interfaces__rosidl_generator_c
[0.851s] [ 25%] [34m[1mGenerating C type support dispatch for ROS interfaces[0m
[0.851s] [ 25%] [34m[1mGenerating C introspection for ROS interfaces[0m
[0.851s] [ 25%] [34m[1mGenerating C type support for eProsima Fast-RTPS[0m
[0.935s] [35m[1mConsolidate compiler generated dependencies of target hh_tt_interfaces__rosidl_typesupport_cpp[0m
[0.943s] [ 27%] [32mBuilding CXX object CMakeFiles/hh_tt_interfaces__rosidl_typesupport_cpp.dir/rosidl_typesupport_cpp/hh_tt_interfaces/msg/turtle__type_support.cpp.o[0m
[0.945s] [ 31%] [32mBuilding CXX object CMakeFiles/hh_tt_interfaces__rosidl_typesupport_cpp.dir/rosidl_typesupport_cpp/hh_tt_interfaces/msg/turtle_array__type_support.cpp.o[0m
[0.945s] [ 31%] [32mBuilding CXX object CMakeFiles/hh_tt_interfaces__rosidl_typesupport_cpp.dir/rosidl_typesupport_cpp/hh_tt_interfaces/srv/catch_turtle__type_support.cpp.o[0m
[0.950s] [35m[1mConsolidate compiler generated dependencies of target hh_tt_interfaces__rosidl_typesupport_introspection_cpp[0m
[0.958s] [ 34%] [32mBuilding CXX object CMakeFiles/hh_tt_interfaces__rosidl_typesupport_introspection_cpp.dir/rosidl_typesupport_introspection_cpp/hh_tt_interfaces/msg/detail/turtle__type_support.cpp.o[0m
[0.961s] [ 36%] [32mBuilding CXX object CMakeFiles/hh_tt_interfaces__rosidl_typesupport_introspection_cpp.dir/rosidl_typesupport_introspection_cpp/hh_tt_interfaces/msg/detail/turtle_array__type_support.cpp.o[0m
[0.961s] [ 38%] [32mBuilding CXX object CMakeFiles/hh_tt_interfaces__rosidl_typesupport_introspection_cpp.dir/rosidl_typesupport_introspection_cpp/hh_tt_interfaces/srv/detail/catch_turtle__type_support.cpp.o[0m
[0.965s] [35m[1mConsolidate compiler generated dependencies of target hh_tt_interfaces__rosidl_typesupport_fastrtps_cpp[0m
[0.974s] [ 40%] [32mBuilding CXX object CMakeFiles/hh_tt_interfaces__rosidl_typesupport_fastrtps_cpp.dir/rosidl_typesupport_fastrtps_cpp/hh_tt_interfaces/msg/detail/dds_fastrtps/turtle__type_support.cpp.o[0m
[0.976s] [ 42%] [32mBuilding CXX object CMakeFiles/hh_tt_interfaces__rosidl_typesupport_fastrtps_cpp.dir/rosidl_typesupport_fastrtps_cpp/hh_tt_interfaces/msg/detail/dds_fastrtps/turtle_array__type_support.cpp.o[0m
[0.976s] [ 44%] [32mBuilding CXX object CMakeFiles/hh_tt_interfaces__rosidl_typesupport_fastrtps_cpp.dir/rosidl_typesupport_fastrtps_cpp/hh_tt_interfaces/srv/detail/dds_fastrtps/catch_turtle__type_support.cpp.o[0m
[1.004s] [35m[1mConsolidate compiler generated dependencies of target hh_tt_interfaces__rosidl_typesupport_c[0m
[1.011s] [ 46%] [32mBuilding CXX object CMakeFiles/hh_tt_interfaces__rosidl_typesupport_c.dir/rosidl_typesupport_c/hh_tt_interfaces/msg/turtle__type_support.cpp.o[0m
[1.014s] [ 51%] [32mBuilding CXX object CMakeFiles/hh_tt_interfaces__rosidl_typesupport_c.dir/rosidl_typesupport_c/hh_tt_interfaces/srv/catch_turtle__type_support.cpp.o[0m
[1.014s] [ 51%] [32mBuilding CXX object CMakeFiles/hh_tt_interfaces__rosidl_typesupport_c.dir/rosidl_typesupport_c/hh_tt_interfaces/msg/turtle_array__type_support.cpp.o[0m
[1.037s] [35m[1mConsolidate compiler generated dependencies of target hh_tt_interfaces__rosidl_typesupport_fastrtps_c[0m
[1.039s] [ 53%] [32m[1mLinking CXX shared library libhh_tt_interfaces__rosidl_typesupport_c.so[0m
[1.046s] [ 55%] [32mBuilding CXX object CMakeFiles/hh_tt_interfaces__rosidl_typesupport_fastrtps_c.dir/rosidl_typesupport_fastrtps_c/hh_tt_interfaces/msg/detail/turtle__type_support_c.cpp.o[0m
[1.048s] [ 59%] [32mBuilding CXX object CMakeFiles/hh_tt_interfaces__rosidl_typesupport_fastrtps_c.dir/rosidl_typesupport_fastrtps_c/hh_tt_interfaces/msg/detail/turtle_array__type_support_c.cpp.o[0m
[1.049s] [ 59%] [32mBuilding CXX object CMakeFiles/hh_tt_interfaces__rosidl_typesupport_fastrtps_c.dir/rosidl_typesupport_fastrtps_c/hh_tt_interfaces/srv/detail/catch_turtle__type_support_c.cpp.o[0m
[1.069s] [ 59%] Built target hh_tt_interfaces__rosidl_typesupport_c
[1.081s] [35m[1mConsolidate compiler generated dependencies of target hh_tt_interfaces__rosidl_typesupport_introspection_c[0m
[1.091s] [ 65%] [32mBuilding C object CMakeFiles/hh_tt_interfaces__rosidl_typesupport_introspection_c.dir/rosidl_typesupport_introspection_c/hh_tt_interfaces/srv/detail/catch_turtle__type_support.c.o[0m
[1.091s] [ 65%] [32mBuilding C object CMakeFiles/hh_tt_interfaces__rosidl_typesupport_introspection_c.dir/rosidl_typesupport_introspection_c/hh_tt_interfaces/msg/detail/turtle__type_support.c.o[0m
[1.092s] [ 65%] [32mBuilding C object CMakeFiles/hh_tt_interfaces__rosidl_typesupport_introspection_c.dir/rosidl_typesupport_introspection_c/hh_tt_interfaces/msg/detail/turtle_array__type_support.c.o[0m
[1.122s] [ 68%] [32m[1mLinking C shared library libhh_tt_interfaces__rosidl_typesupport_introspection_c.so[0m
[1.138s] [ 70%] [32m[1mLinking CXX shared library libhh_tt_interfaces__rosidl_typesupport_cpp.so[0m
[1.142s] [ 70%] Built target hh_tt_interfaces__rosidl_typesupport_introspection_c
[1.163s] [ 70%] Built target hh_tt_interfaces__rosidl_typesupport_cpp
[1.268s] [ 72%] [32m[1mLinking CXX shared library libhh_tt_interfaces__rosidl_typesupport_introspection_cpp.so[0m
[1.276s] [ 74%] [32m[1mLinking CXX shared library libhh_tt_interfaces__rosidl_typesupport_fastrtps_cpp.so[0m
[1.287s] [ 76%] [32m[1mLinking CXX shared library libhh_tt_interfaces__rosidl_typesupport_fastrtps_c.so[0m
[1.313s] [ 76%] Built target hh_tt_interfaces__rosidl_typesupport_introspection_cpp
[1.322s] [ 76%] Built target hh_tt_interfaces__rosidl_typesupport_fastrtps_cpp
[1.332s] [ 76%] Built target hh_tt_interfaces__rosidl_typesupport_fastrtps_c
[1.344s] [ 76%] Built target hh_tt_interfaces
[1.359s] [ 78%] [34m[1mGenerating Python code for ROS interfaces[0m
[1.617s] [ 78%] Built target hh_tt_interfaces__py
[1.623s] [35m[1mConsolidate compiler generated dependencies of target hh_tt_interfaces__rosidl_generator_py[0m
[1.630s] [ 85%] [32mBuilding C object CMakeFiles/hh_tt_interfaces__rosidl_generator_py.dir/rosidl_generator_py/hh_tt_interfaces/msg/_turtle_array_s.c.o[0m
[1.630s] [ 85%] [32mBuilding C object CMakeFiles/hh_tt_interfaces__rosidl_generator_py.dir/rosidl_generator_py/hh_tt_interfaces/msg/_turtle_s.c.o[0m
[1.631s] [ 85%] [32mBuilding C object CMakeFiles/hh_tt_interfaces__rosidl_generator_py.dir/rosidl_generator_py/hh_tt_interfaces/srv/_catch_turtle_s.c.o[0m
[1.685s] [ 87%] [32m[1mLinking C shared library rosidl_generator_py/hh_tt_interfaces/libhh_tt_interfaces__rosidl_generator_py.so[0m
[1.709s] [ 87%] Built target hh_tt_interfaces__rosidl_generator_py
[1.717s] [35m[1mConsolidate compiler generated dependencies of target hh_tt_interfaces__rosidl_typesupport_fastrtps_c__pyext[0m
[1.718s] [35m[1mConsolidate compiler generated dependencies of target hh_tt_interfaces__rosidl_typesupport_c__pyext[0m
[1.718s] [35m[1mConsolidate compiler generated dependencies of target hh_tt_interfaces__rosidl_typesupport_introspection_c__pyext[0m
[1.725s] [ 93%] [32mBuilding C object CMakeFiles/hh_tt_interfaces__rosidl_typesupport_c__pyext.dir/rosidl_generator_py/hh_tt_interfaces/_hh_tt_interfaces_s.ep.rosidl_typesupport_c.c.o[0m
[1.726s] [ 93%] [32mBuilding C object CMakeFiles/hh_tt_interfaces__rosidl_typesupport_fastrtps_c__pyext.dir/rosidl_generator_py/hh_tt_interfaces/_hh_tt_interfaces_s.ep.rosidl_typesupport_fastrtps_c.c.o[0m
[1.726s] [ 93%] [32mBuilding C object CMakeFiles/hh_tt_interfaces__rosidl_typesupport_introspection_c__pyext.dir/rosidl_generator_py/hh_tt_interfaces/_hh_tt_interfaces_s.ep.rosidl_typesupport_introspection_c.c.o[0m
[1.777s] [ 95%] [32m[1mLinking C shared library rosidl_generator_py/hh_tt_interfaces/hh_tt_interfaces_s__rosidl_typesupport_c.cpython-310-x86_64-linux-gnu.so[0m
[1.778s] [ 97%] [32m[1mLinking C shared library rosidl_generator_py/hh_tt_interfaces/hh_tt_interfaces_s__rosidl_typesupport_fastrtps_c.cpython-310-x86_64-linux-gnu.so[0m
[1.779s] [100%] [32m[1mLinking C shared library rosidl_generator_py/hh_tt_interfaces/hh_tt_interfaces_s__rosidl_typesupport_introspection_c.cpython-310-x86_64-linux-gnu.so[0m
[1.796s] [100%] Built target hh_tt_interfaces__rosidl_typesupport_c__pyext
[1.797s] [100%] Built target hh_tt_interfaces__rosidl_typesupport_introspection_c__pyext
[1.797s] [100%] Built target hh_tt_interfaces__rosidl_typesupport_fastrtps_c__pyext
[1.803s] Invoked command in '/home/hrishikesh/projects/turtle_sim_project/build/hh_tt_interfaces' returned '0': CMAKE_PREFIX_PATH=${CMAKE_PREFIX_PATH}:/home/hrishikesh/projects/turtle_sim_project/install/hh_turtle_bot:/home/hrishikesh/projects/ros_2/install/hh_py_pkg:/opt/ros/humble /usr/bin/cmake --build /home/hrishikesh/projects/turtle_sim_project/build/hh_tt_interfaces -- -j24 -l24
[1.962s] Invoking command in '/home/hrishikesh/projects/turtle_sim_project/build/hh_tt_interfaces': CMAKE_PREFIX_PATH=${CMAKE_PREFIX_PATH}:/home/hrishikesh/projects/turtle_sim_project/install/hh_turtle_bot:/home/hrishikesh/projects/ros_2/install/hh_py_pkg:/opt/ros/humble /usr/bin/cmake --install /home/hrishikesh/projects/turtle_sim_project/build/hh_tt_interfaces
[1.972s] -- Install configuration: ""
[1.972s] -- Installing: /home/hrishikesh/projects/turtle_sim_project/install/hh_tt_interfaces/share/ament_index/resource_index/rosidl_interfaces/hh_tt_interfaces
[1.972s] -- Up-to-date: /home/hrishikesh/projects/turtle_sim_project/install/hh_tt_interfaces/include/hh_tt_interfaces/hh_tt_interfaces
[1.972s] -- Installing: /home/hrishikesh/projects/turtle_sim_project/install/hh_tt_interfaces/include/hh_tt_interfaces/hh_tt_interfaces/srv
[1.972s] -- Installing: /home/hrishikesh/projects/turtle_sim_project/install/hh_tt_interfaces/include/hh_tt_interfaces/hh_tt_interfaces/srv/catch_turtle.h
[1.972s] -- Installing: /home/hrishikesh/projects/turtle_sim_project/install/hh_tt_interfaces/include/hh_tt_interfaces/hh_tt_interfaces/srv/detail
[1.972s] -- Installing: /home/hrishikesh/projects/turtle_sim_project/install/hh_tt_interfaces/include/hh_tt_interfaces/hh_tt_interfaces/srv/detail/catch_turtle__functions.h
[1.972s] -- Installing: /home/hrishikesh/projects/turtle_sim_project/install/hh_tt_interfaces/include/hh_tt_interfaces/hh_tt_interfaces/srv/detail/catch_turtle__functions.c
[1.972s] -- Installing: /home/hrishikesh/projects/turtle_sim_project/install/hh_tt_interfaces/include/hh_tt_interfaces/hh_tt_interfaces/srv/detail/catch_turtle__struct.h
[1.972s] -- Installing: /home/hrishikesh/projects/turtle_sim_project/install/hh_tt_interfaces/include/hh_tt_interfaces/hh_tt_interfaces/srv/detail/catch_turtle__type_support.h
[1.972s] -- Up-to-date: /home/hrishikesh/projects/turtle_sim_project/install/hh_tt_interfaces/include/hh_tt_interfaces/hh_tt_interfaces/msg
[1.972s] -- Up-to-date: /home/hrishikesh/projects/turtle_sim_project/install/hh_tt_interfaces/include/hh_tt_interfaces/hh_tt_interfaces/msg/detail
[1.973s] -- Installing: /home/hrishikesh/projects/turtle_sim_project/install/hh_tt_interfaces/include/hh_tt_interfaces/hh_tt_interfaces/msg/detail/turtle_array__functions.h
[1.973s] -- Installing: /home/hrishikesh/projects/turtle_sim_project/install/hh_tt_interfaces/include/hh_tt_interfaces/hh_tt_interfaces/msg/detail/turtle_array__struct.h
[1.973s] -- Installing: /home/hrishikesh/projects/turtle_sim_project/install/hh_tt_interfaces/include/hh_tt_interfaces/hh_tt_interfaces/msg/detail/turtle__functions.h
[1.973s] -- Installing: /home/hrishikesh/projects/turtle_sim_project/install/hh_tt_interfaces/include/hh_tt_interfaces/hh_tt_interfaces/msg/detail/turtle_array__functions.c
[1.973s] -- Installing: /home/hrishikesh/projects/turtle_sim_project/install/hh_tt_interfaces/include/hh_tt_interfaces/hh_tt_interfaces/msg/detail/turtle__struct.h
[1.973s] -- Installing: /home/hrishikesh/projects/turtle_sim_project/install/hh_tt_interfaces/include/hh_tt_interfaces/hh_tt_interfaces/msg/detail/turtle_array__type_support.h
[1.973s] -- Installing: /home/hrishikesh/projects/turtle_sim_project/install/hh_tt_interfaces/include/hh_tt_interfaces/hh_tt_interfaces/msg/detail/turtle__functions.c
[1.973s] -- Installing: /home/hrishikesh/projects/turtle_sim_project/install/hh_tt_interfaces/include/hh_tt_interfaces/hh_tt_interfaces/msg/detail/turtle__type_support.h
[1.973s] -- Up-to-date: /home/hrishikesh/projects/turtle_sim_project/install/hh_tt_interfaces/include/hh_tt_interfaces/hh_tt_interfaces/msg/rosidl_generator_c__visibility_control.h
[1.973s] -- Installing: /home/hrishikesh/projects/turtle_sim_project/install/hh_tt_interfaces/include/hh_tt_interfaces/hh_tt_interfaces/msg/turtle.h
[1.973s] -- Installing: /home/hrishikesh/projects/turtle_sim_project/install/hh_tt_interfaces/include/hh_tt_interfaces/hh_tt_interfaces/msg/turtle_array.h
[1.973s] -- Up-to-date: /home/hrishikesh/projects/turtle_sim_project/install/hh_tt_interfaces/share/hh_tt_interfaces/environment/library_path.sh
[1.973s] -- Installing: /home/hrishikesh/projects/turtle_sim_project/install/hh_tt_interfaces/share/hh_tt_interfaces/environment/library_path.dsv
[1.973s] -- Installing: /home/hrishikesh/projects/turtle_sim_project/install/hh_tt_interfaces/lib/libhh_tt_interfaces__rosidl_generator_c.so
[1.973s] -- Set runtime path of "/home/hrishikesh/projects/turtle_sim_project/install/hh_tt_interfaces/lib/libhh_tt_interfaces__rosidl_generator_c.so" to ""
[1.973s] -- Up-to-date: /home/hrishikesh/projects/turtle_sim_project/install/hh_tt_interfaces/include/hh_tt_interfaces/hh_tt_interfaces
[1.973s] -- Up-to-date: /home/hrishikesh/projects/turtle_sim_project/install/hh_tt_interfaces/include/hh_tt_interfaces/hh_tt_interfaces/srv
[1.973s] -- Up-to-date: /home/hrishikesh/projects/turtle_sim_project/install/hh_tt_interfaces/include/hh_tt_interfaces/hh_tt_interfaces/srv/detail
[1.973s] -- Installing: /home/hrishikesh/projects/turtle_sim_project/install/hh_tt_interfaces/include/hh_tt_interfaces/hh_tt_interfaces/srv/detail/catch_turtle__rosidl_typesupport_fastrtps_c.h
[1.973s] -- Up-to-date: /home/hrishikesh/projects/turtle_sim_project/install/hh_tt_interfaces/include/hh_tt_interfaces/hh_tt_interfaces/msg
[1.973s] -- Up-to-date: /home/hrishikesh/projects/turtle_sim_project/install/hh_tt_interfaces/include/hh_tt_interfaces/hh_tt_interfaces/msg/rosidl_typesupport_fastrtps_c__visibility_control.h
[1.973s] -- Up-to-date: /home/hrishikesh/projects/turtle_sim_project/install/hh_tt_interfaces/include/hh_tt_interfaces/hh_tt_interfaces/msg/detail
[1.973s] -- Installing: /home/hrishikesh/projects/turtle_sim_project/install/hh_tt_interfaces/include/hh_tt_interfaces/hh_tt_interfaces/msg/detail/turtle__rosidl_typesupport_fastrtps_c.h
[1.973s] -- Installing: /home/hrishikesh/projects/turtle_sim_project/install/hh_tt_interfaces/include/hh_tt_interfaces/hh_tt_interfaces/msg/detail/turtle_array__rosidl_typesupport_fastrtps_c.h
[1.973s] -- Installing: /home/hrishikesh/projects/turtle_sim_project/install/hh_tt_interfaces/lib/libhh_tt_interfaces__rosidl_typesupport_fastrtps_c.so
[1.973s] -- Set runtime path of "/home/hrishikesh/projects/turtle_sim_project/install/hh_tt_interfaces/lib/libhh_tt_interfaces__rosidl_typesupport_fastrtps_c.so" to ""
[1.974s] -- Up-to-date: /home/hrishikesh/projects/turtle_sim_project/install/hh_tt_interfaces/include/hh_tt_interfaces/hh_tt_interfaces
[1.974s] -- Up-to-date: /home/hrishikesh/projects/turtle_sim_project/install/hh_tt_interfaces/include/hh_tt_interfaces/hh_tt_interfaces/srv
[1.974s] -- Up-to-date: /home/hrishikesh/projects/turtle_sim_project/install/hh_tt_interfaces/include/hh_tt_interfaces/hh_tt_interfaces/srv/detail
[1.974s] -- Installing: /home/hrishikesh/projects/turtle_sim_project/install/hh_tt_interfaces/include/hh_tt_interfaces/hh_tt_interfaces/srv/detail/catch_turtle__type_support.c
[1.974s] -- Installing: /home/hrishikesh/projects/turtle_sim_project/install/hh_tt_interfaces/include/hh_tt_interfaces/hh_tt_interfaces/srv/detail/catch_turtle__rosidl_typesupport_introspection_c.h
[1.974s] -- Up-to-date: /home/hrishikesh/projects/turtle_sim_project/install/hh_tt_interfaces/include/hh_tt_interfaces/hh_tt_interfaces/msg
[1.974s] -- Up-to-date: /home/hrishikesh/projects/turtle_sim_project/install/hh_tt_interfaces/include/hh_tt_interfaces/hh_tt_interfaces/msg/detail
[1.974s] -- Installing: /home/hrishikesh/projects/turtle_sim_project/install/hh_tt_interfaces/include/hh_tt_interfaces/hh_tt_interfaces/msg/detail/turtle__rosidl_typesupport_introspection_c.h
[1.974s] -- Installing: /home/hrishikesh/projects/turtle_sim_project/install/hh_tt_interfaces/include/hh_tt_interfaces/hh_tt_interfaces/msg/detail/turtle__type_support.c
[1.974s] -- Installing: /home/hrishikesh/projects/turtle_sim_project/install/hh_tt_interfaces/include/hh_tt_interfaces/hh_tt_interfaces/msg/detail/turtle_array__rosidl_typesupport_introspection_c.h
[1.974s] -- Installing: /home/hrishikesh/projects/turtle_sim_project/install/hh_tt_interfaces/include/hh_tt_interfaces/hh_tt_interfaces/msg/detail/turtle_array__type_support.c
[1.974s] -- Up-to-date: /home/hrishikesh/projects/turtle_sim_project/install/hh_tt_interfaces/include/hh_tt_interfaces/hh_tt_interfaces/msg/rosidl_typesupport_introspection_c__visibility_control.h
[1.974s] -- Installing: /home/hrishikesh/projects/turtle_sim_project/install/hh_tt_interfaces/lib/libhh_tt_interfaces__rosidl_typesupport_introspection_c.so
[1.974s] -- Set runtime path of "/home/hrishikesh/projects/turtle_sim_project/install/hh_tt_interfaces/lib/libhh_tt_interfaces__rosidl_typesupport_introspection_c.so" to ""
[1.974s] -- Installing: /home/hrishikesh/projects/turtle_sim_project/install/hh_tt_interfaces/lib/libhh_tt_interfaces__rosidl_typesupport_c.so
[1.974s] -- Set runtime path of "/home/hrishikesh/projects/turtle_sim_project/install/hh_tt_interfaces/lib/libhh_tt_interfaces__rosidl_typesupport_c.so" to ""
[1.974s] -- Up-to-date: /home/hrishikesh/projects/turtle_sim_project/install/hh_tt_interfaces/include/hh_tt_interfaces/hh_tt_interfaces
[1.974s] -- Up-to-date: /home/hrishikesh/projects/turtle_sim_project/install/hh_tt_interfaces/include/hh_tt_interfaces/hh_tt_interfaces/srv
[1.974s] -- Installing: /home/hrishikesh/projects/turtle_sim_project/install/hh_tt_interfaces/include/hh_tt_interfaces/hh_tt_interfaces/srv/catch_turtle.hpp
[1.974s] -- Up-to-date: /home/hrishikesh/projects/turtle_sim_project/install/hh_tt_interfaces/include/hh_tt_interfaces/hh_tt_interfaces/srv/detail
[1.974s] -- Installing: /home/hrishikesh/projects/turtle_sim_project/install/hh_tt_interfaces/include/hh_tt_interfaces/hh_tt_interfaces/srv/detail/catch_turtle__traits.hpp
[1.974s] -- Installing: /home/hrishikesh/projects/turtle_sim_project/install/hh_tt_interfaces/include/hh_tt_interfaces/hh_tt_interfaces/srv/detail/catch_turtle__builder.hpp
[1.975s] -- Installing: /home/hrishikesh/projects/turtle_sim_project/install/hh_tt_interfaces/include/hh_tt_interfaces/hh_tt_interfaces/srv/detail/catch_turtle__struct.hpp
[1.975s] -- Up-to-date: /home/hrishikesh/projects/turtle_sim_project/install/hh_tt_interfaces/include/hh_tt_interfaces/hh_tt_interfaces/msg
[1.975s] -- Installing: /home/hrishikesh/projects/turtle_sim_project/install/hh_tt_interfaces/include/hh_tt_interfaces/hh_tt_interfaces/msg/turtle_array.hpp
[1.975s] -- Installing: /home/hrishikesh/projects/turtle_sim_project/install/hh_tt_interfaces/include/hh_tt_interfaces/hh_tt_interfaces/msg/turtle.hpp
[1.975s] -- Up-to-date: /home/hrishikesh/projects/turtle_sim_project/install/hh_tt_interfaces/include/hh_tt_interfaces/hh_tt_interfaces/msg/detail
[1.975s] -- Installing: /home/hrishikesh/projects/turtle_sim_project/install/hh_tt_interfaces/include/hh_tt_interfaces/hh_tt_interfaces/msg/detail/turtle_array__struct.hpp
[1.975s] -- Installing: /home/hrishikesh/projects/turtle_sim_project/install/hh_tt_interfaces/include/hh_tt_interfaces/hh_tt_interfaces/msg/detail/turtle__struct.hpp
[1.975s] -- Installing: /home/hrishikesh/projects/turtle_sim_project/install/hh_tt_interfaces/include/hh_tt_interfaces/hh_tt_interfaces/msg/detail/turtle__traits.hpp
[1.975s] -- Installing: /home/hrishikesh/projects/turtle_sim_project/install/hh_tt_interfaces/include/hh_tt_interfaces/hh_tt_interfaces/msg/detail/turtle_array__builder.hpp
[1.975s] -- Installing: /home/hrishikesh/projects/turtle_sim_project/install/hh_tt_interfaces/include/hh_tt_interfaces/hh_tt_interfaces/msg/detail/turtle__builder.hpp
[1.975s] -- Installing: /home/hrishikesh/projects/turtle_sim_project/install/hh_tt_interfaces/include/hh_tt_interfaces/hh_tt_interfaces/msg/detail/turtle_array__traits.hpp
[1.975s] -- Up-to-date: /home/hrishikesh/projects/turtle_sim_project/install/hh_tt_interfaces/include/hh_tt_interfaces/hh_tt_interfaces
[1.975s] -- Up-to-date: /home/hrishikesh/projects/turtle_sim_project/install/hh_tt_interfaces/include/hh_tt_interfaces/hh_tt_interfaces/srv
[1.975s] -- Up-to-date: /home/hrishikesh/projects/turtle_sim_project/install/hh_tt_interfaces/include/hh_tt_interfaces/hh_tt_interfaces/srv/detail
[1.975s] -- Installing: /home/hrishikesh/projects/turtle_sim_project/install/hh_tt_interfaces/include/hh_tt_interfaces/hh_tt_interfaces/srv/detail/dds_fastrtps
[1.975s] -- Installing: /home/hrishikesh/projects/turtle_sim_project/install/hh_tt_interfaces/include/hh_tt_interfaces/hh_tt_interfaces/srv/detail/catch_turtle__rosidl_typesupport_fastrtps_cpp.hpp
[1.975s] -- Up-to-date: /home/hrishikesh/projects/turtle_sim_project/install/hh_tt_interfaces/include/hh_tt_interfaces/hh_tt_interfaces/msg
[1.975s] -- Up-to-date: /home/hrishikesh/projects/turtle_sim_project/install/hh_tt_interfaces/include/hh_tt_interfaces/hh_tt_interfaces/msg/detail
[1.975s] -- Up-to-date: /home/hrishikesh/projects/turtle_sim_project/install/hh_tt_interfaces/include/hh_tt_interfaces/hh_tt_interfaces/msg/detail/dds_fastrtps
[1.975s] -- Installing: /home/hrishikesh/projects/turtle_sim_project/install/hh_tt_interfaces/include/hh_tt_interfaces/hh_tt_interfaces/msg/detail/turtle_array__rosidl_typesupport_fastrtps_cpp.hpp
[1.975s] -- Installing: /home/hrishikesh/projects/turtle_sim_project/install/hh_tt_interfaces/include/hh_tt_interfaces/hh_tt_interfaces/msg/detail/turtle__rosidl_typesupport_fastrtps_cpp.hpp
[1.975s] -- Up-to-date: /home/hrishikesh/projects/turtle_sim_project/install/hh_tt_interfaces/include/hh_tt_interfaces/hh_tt_interfaces/msg/rosidl_typesupport_fastrtps_cpp__visibility_control.h
[1.975s] -- Installing: /home/hrishikesh/projects/turtle_sim_project/install/hh_tt_interfaces/lib/libhh_tt_interfaces__rosidl_typesupport_fastrtps_cpp.so
[1.975s] -- Set runtime path of "/home/hrishikesh/projects/turtle_sim_project/install/hh_tt_interfaces/lib/libhh_tt_interfaces__rosidl_typesupport_fastrtps_cpp.so" to ""
[1.975s] -- Up-to-date: /home/hrishikesh/projects/turtle_sim_project/install/hh_tt_interfaces/include/hh_tt_interfaces/hh_tt_interfaces
[1.975s] -- Up-to-date: /home/hrishikesh/projects/turtle_sim_project/install/hh_tt_interfaces/include/hh_tt_interfaces/hh_tt_interfaces/srv
[1.975s] -- Up-to-date: /home/hrishikesh/projects/turtle_sim_project/install/hh_tt_interfaces/include/hh_tt_interfaces/hh_tt_interfaces/srv/detail
[1.975s] -- Installing: /home/hrishikesh/projects/turtle_sim_project/install/hh_tt_interfaces/include/hh_tt_interfaces/hh_tt_interfaces/srv/detail/catch_turtle__rosidl_typesupport_introspection_cpp.hpp
[1.975s] -- Installing: /home/hrishikesh/projects/turtle_sim_project/install/hh_tt_interfaces/include/hh_tt_interfaces/hh_tt_interfaces/srv/detail/catch_turtle__type_support.cpp
[1.975s] -- Up-to-date: /home/hrishikesh/projects/turtle_sim_project/install/hh_tt_interfaces/include/hh_tt_interfaces/hh_tt_interfaces/msg
[1.976s] -- Up-to-date: /home/hrishikesh/projects/turtle_sim_project/install/hh_tt_interfaces/include/hh_tt_interfaces/hh_tt_interfaces/msg/detail
[1.976s] -- Installing: /home/hrishikesh/projects/turtle_sim_project/install/hh_tt_interfaces/include/hh_tt_interfaces/hh_tt_interfaces/msg/detail/turtle__type_support.cpp
[1.976s] -- Installing: /home/hrishikesh/projects/turtle_sim_project/install/hh_tt_interfaces/include/hh_tt_interfaces/hh_tt_interfaces/msg/detail/turtle_array__type_support.cpp
[1.976s] -- Installing: /home/hrishikesh/projects/turtle_sim_project/install/hh_tt_interfaces/include/hh_tt_interfaces/hh_tt_interfaces/msg/detail/turtle__rosidl_typesupport_introspection_cpp.hpp
[1.976s] -- Installing: /home/hrishikesh/projects/turtle_sim_project/install/hh_tt_interfaces/include/hh_tt_interfaces/hh_tt_interfaces/msg/detail/turtle_array__rosidl_typesupport_introspection_cpp.hpp
[1.976s] -- Installing: /home/hrishikesh/projects/turtle_sim_project/install/hh_tt_interfaces/lib/libhh_tt_interfaces__rosidl_typesupport_introspection_cpp.so
[1.976s] -- Set runtime path of "/home/hrishikesh/projects/turtle_sim_project/install/hh_tt_interfaces/lib/libhh_tt_interfaces__rosidl_typesupport_introspection_cpp.so" to ""
[1.976s] -- Installing: /home/hrishikesh/projects/turtle_sim_project/install/hh_tt_interfaces/lib/libhh_tt_interfaces__rosidl_typesupport_cpp.so
[1.976s] -- Set runtime path of "/home/hrishikesh/projects/turtle_sim_project/install/hh_tt_interfaces/lib/libhh_tt_interfaces__rosidl_typesupport_cpp.so" to ""
[1.976s] -- Up-to-date: /home/hrishikesh/projects/turtle_sim_project/install/hh_tt_interfaces/share/hh_tt_interfaces/environment/pythonpath.sh
[1.976s] -- Installing: /home/hrishikesh/projects/turtle_sim_project/install/hh_tt_interfaces/share/hh_tt_interfaces/environment/pythonpath.dsv
[1.976s] -- Up-to-date: /home/hrishikesh/projects/turtle_sim_project/install/hh_tt_interfaces/local/lib/python3.10/dist-packages/hh_tt_interfaces-0.0.0-py3.10.egg-info
[1.976s] -- Installing: /home/hrishikesh/projects/turtle_sim_project/install/hh_tt_interfaces/local/lib/python3.10/dist-packages/hh_tt_interfaces-0.0.0-py3.10.egg-info/PKG-INFO
[1.976s] -- Installing: /home/hrishikesh/projects/turtle_sim_project/install/hh_tt_interfaces/local/lib/python3.10/dist-packages/hh_tt_interfaces-0.0.0-py3.10.egg-info/SOURCES.txt
[1.976s] -- Installing: /home/hrishikesh/projects/turtle_sim_project/install/hh_tt_interfaces/local/lib/python3.10/dist-packages/hh_tt_interfaces-0.0.0-py3.10.egg-info/dependency_links.txt
[1.976s] -- Installing: /home/hrishikesh/projects/turtle_sim_project/install/hh_tt_interfaces/local/lib/python3.10/dist-packages/hh_tt_interfaces-0.0.0-py3.10.egg-info/top_level.txt
[1.976s] -- Up-to-date: /home/hrishikesh/projects/turtle_sim_project/install/hh_tt_interfaces/local/lib/python3.10/dist-packages/hh_tt_interfaces
[1.976s] -- Installing: /home/hrishikesh/projects/turtle_sim_project/install/hh_tt_interfaces/local/lib/python3.10/dist-packages/hh_tt_interfaces/srv
[1.976s] -- Installing: /home/hrishikesh/projects/turtle_sim_project/install/hh_tt_interfaces/local/lib/python3.10/dist-packages/hh_tt_interfaces/srv/__init__.py
[1.976s] -- Installing: /home/hrishikesh/projects/turtle_sim_project/install/hh_tt_interfaces/local/lib/python3.10/dist-packages/hh_tt_interfaces/srv/_catch_turtle_s.c
[1.976s] -- Installing: /home/hrishikesh/projects/turtle_sim_project/install/hh_tt_interfaces/local/lib/python3.10/dist-packages/hh_tt_interfaces/srv/_catch_turtle.py
[1.976s] -- Installing: /home/hrishikesh/projects/turtle_sim_project/install/hh_tt_interfaces/local/lib/python3.10/dist-packages/hh_tt_interfaces/hh_tt_interfaces_s__rosidl_typesupport_c.cpython-310-x86_64-linux-gnu.so
[1.976s] -- Installing: /home/hrishikesh/projects/turtle_sim_project/install/hh_tt_interfaces/local/lib/python3.10/dist-packages/hh_tt_interfaces/hh_tt_interfaces_s__rosidl_typesupport_fastrtps_c.cpython-310-x86_64-linux-gnu.so
[1.976s] -- Installing: /home/hrishikesh/projects/turtle_sim_project/install/hh_tt_interfaces/local/lib/python3.10/dist-packages/hh_tt_interfaces/_hh_tt_interfaces_s.ep.rosidl_typesupport_c.c
[1.976s] -- Installing: /home/hrishikesh/projects/turtle_sim_project/install/hh_tt_interfaces/local/lib/python3.10/dist-packages/hh_tt_interfaces/__init__.py
[1.977s] -- Installing: /home/hrishikesh/projects/turtle_sim_project/install/hh_tt_interfaces/local/lib/python3.10/dist-packages/hh_tt_interfaces/hh_tt_interfaces_s__rosidl_typesupport_introspection_c.cpython-310-x86_64-linux-gnu.so
[1.977s] -- Installing: /home/hrishikesh/projects/turtle_sim_project/install/hh_tt_interfaces/local/lib/python3.10/dist-packages/hh_tt_interfaces/_hh_tt_interfaces_s.ep.rosidl_typesupport_introspection_c.c
[1.977s] -- Up-to-date: /home/hrishikesh/projects/turtle_sim_project/install/hh_tt_interfaces/local/lib/python3.10/dist-packages/hh_tt_interfaces/msg
[1.977s] -- Installing: /home/hrishikesh/projects/turtle_sim_project/install/hh_tt_interfaces/local/lib/python3.10/dist-packages/hh_tt_interfaces/msg/_turtle_s.c
[1.977s] -- Installing: /home/hrishikesh/projects/turtle_sim_project/install/hh_tt_interfaces/local/lib/python3.10/dist-packages/hh_tt_interfaces/msg/_turtle_array.py
[1.977s] -- Installing: /home/hrishikesh/projects/turtle_sim_project/install/hh_tt_interfaces/local/lib/python3.10/dist-packages/hh_tt_interfaces/msg/__init__.py
[1.977s] -- Installing: /home/hrishikesh/projects/turtle_sim_project/install/hh_tt_interfaces/local/lib/python3.10/dist-packages/hh_tt_interfaces/msg/_turtle_array_s.c
[1.977s] -- Installing: /home/hrishikesh/projects/turtle_sim_project/install/hh_tt_interfaces/local/lib/python3.10/dist-packages/hh_tt_interfaces/msg/_turtle.py
[1.977s] -- Installing: /home/hrishikesh/projects/turtle_sim_project/install/hh_tt_interfaces/local/lib/python3.10/dist-packages/hh_tt_interfaces/_hh_tt_interfaces_s.ep.rosidl_typesupport_fastrtps_c.c
[1.977s] -- Installing: /home/hrishikesh/projects/turtle_sim_project/install/hh_tt_interfaces/local/lib/python3.10/dist-packages/hh_tt_interfaces/libhh_tt_interfaces__rosidl_generator_py.so
[1.998s] Listing '/home/hrishikesh/projects/turtle_sim_project/install/hh_tt_interfaces/local/lib/python3.10/dist-packages/hh_tt_interfaces'...
[1.998s] Compiling '/home/hrishikesh/projects/turtle_sim_project/install/hh_tt_interfaces/local/lib/python3.10/dist-packages/hh_tt_interfaces/__init__.py'...
[1.998s] Listing '/home/hrishikesh/projects/turtle_sim_project/install/hh_tt_interfaces/local/lib/python3.10/dist-packages/hh_tt_interfaces/msg'...
[1.998s] Compiling '/home/hrishikesh/projects/turtle_sim_project/install/hh_tt_interfaces/local/lib/python3.10/dist-packages/hh_tt_interfaces/msg/__init__.py'...
[1.998s] Compiling '/home/hrishikesh/projects/turtle_sim_project/install/hh_tt_interfaces/local/lib/python3.10/dist-packages/hh_tt_interfaces/msg/_turtle.py'...
[1.998s] Compiling '/home/hrishikesh/projects/turtle_sim_project/install/hh_tt_interfaces/local/lib/python3.10/dist-packages/hh_tt_interfaces/msg/_turtle_array.py'...
[1.998s] Listing '/home/hrishikesh/projects/turtle_sim_project/install/hh_tt_interfaces/local/lib/python3.10/dist-packages/hh_tt_interfaces/srv'...
[1.998s] Compiling '/home/hrishikesh/projects/turtle_sim_project/install/hh_tt_interfaces/local/lib/python3.10/dist-packages/hh_tt_interfaces/srv/__init__.py'...
[1.999s] Compiling '/home/hrishikesh/projects/turtle_sim_project/install/hh_tt_interfaces/local/lib/python3.10/dist-packages/hh_tt_interfaces/srv/_catch_turtle.py'...
[2.001s] -- Installing: /home/hrishikesh/projects/turtle_sim_project/install/hh_tt_interfaces/local/lib/python3.10/dist-packages/hh_tt_interfaces/hh_tt_interfaces_s__rosidl_typesupport_fastrtps_c.cpython-310-x86_64-linux-gnu.so
[2.001s] -- Set runtime path of "/home/hrishikesh/projects/turtle_sim_project/install/hh_tt_interfaces/local/lib/python3.10/dist-packages/hh_tt_interfaces/hh_tt_interfaces_s__rosidl_typesupport_fastrtps_c.cpython-310-x86_64-linux-gnu.so" to ""
[2.001s] -- Installing: /home/hrishikesh/projects/turtle_sim_project/install/hh_tt_interfaces/local/lib/python3.10/dist-packages/hh_tt_interfaces/hh_tt_interfaces_s__rosidl_typesupport_introspection_c.cpython-310-x86_64-linux-gnu.so
[2.001s] -- Set runtime path of "/home/hrishikesh/projects/turtle_sim_project/install/hh_tt_interfaces/local/lib/python3.10/dist-packages/hh_tt_interfaces/hh_tt_interfaces_s__rosidl_typesupport_introspection_c.cpython-310-x86_64-linux-gnu.so" to ""
[2.001s] -- Installing: /home/hrishikesh/projects/turtle_sim_project/install/hh_tt_interfaces/local/lib/python3.10/dist-packages/hh_tt_interfaces/hh_tt_interfaces_s__rosidl_typesupport_c.cpython-310-x86_64-linux-gnu.so
[2.001s] -- Set runtime path of "/home/hrishikesh/projects/turtle_sim_project/install/hh_tt_interfaces/local/lib/python3.10/dist-packages/hh_tt_interfaces/hh_tt_interfaces_s__rosidl_typesupport_c.cpython-310-x86_64-linux-gnu.so" to ""
[2.001s] -- Installing: /home/hrishikesh/projects/turtle_sim_project/install/hh_tt_interfaces/lib/libhh_tt_interfaces__rosidl_generator_py.so
[2.002s] -- Set runtime path of "/home/hrishikesh/projects/turtle_sim_project/install/hh_tt_interfaces/lib/libhh_tt_interfaces__rosidl_generator_py.so" to ""
[2.002s] -- Up-to-date: /home/hrishikesh/projects/turtle_sim_project/install/hh_tt_interfaces/share/hh_tt_interfaces/msg/Turtle.idl
[2.002s] -- Up-to-date: /home/hrishikesh/projects/turtle_sim_project/install/hh_tt_interfaces/share/hh_tt_interfaces/msg/TurtleArray.idl
[2.002s] -- Installing: /home/hrishikesh/projects/turtle_sim_project/install/hh_tt_interfaces/share/hh_tt_interfaces/srv/CatchTurtle.idl
[2.002s] -- Up-to-date: /home/hrishikesh/projects/turtle_sim_project/install/hh_tt_interfaces/share/hh_tt_interfaces/msg/Turtle.msg
[2.002s] -- Up-to-date: /home/hrishikesh/projects/turtle_sim_project/install/hh_tt_interfaces/share/hh_tt_interfaces/msg/TurtleArray.msg
[2.002s] -- Installing: /home/hrishikesh/projects/turtle_sim_project/install/hh_tt_interfaces/share/hh_tt_interfaces/srv/CatchTurtle.srv
[2.002s] -- Installing: /home/hrishikesh/projects/turtle_sim_project/install/hh_tt_interfaces/share/hh_tt_interfaces/srv/CatchTurtle_Request.msg
[2.002s] -- Installing: /home/hrishikesh/projects/turtle_sim_project/install/hh_tt_interfaces/share/hh_tt_interfaces/srv/CatchTurtle_Response.msg
[2.002s] -- Up-to-date: /home/hrishikesh/projects/turtle_sim_project/install/hh_tt_interfaces/share/ament_index/resource_index/package_run_dependencies/hh_tt_interfaces
[2.002s] -- Up-to-date: /home/hrishikesh/projects/turtle_sim_project/install/hh_tt_interfaces/share/ament_index/resource_index/parent_prefix_path/hh_tt_interfaces
[2.002s] -- Up-to-date: /home/hrishikesh/projects/turtle_sim_project/install/hh_tt_interfaces/share/hh_tt_interfaces/environment/ament_prefix_path.sh
[2.002s] -- Installing: /home/hrishikesh/projects/turtle_sim_project/install/hh_tt_interfaces/share/hh_tt_interfaces/environment/ament_prefix_path.dsv
[2.002s] -- Up-to-date: /home/hrishikesh/projects/turtle_sim_project/install/hh_tt_interfaces/share/hh_tt_interfaces/environment/path.sh
[2.002s] -- Installing: /home/hrishikesh/projects/turtle_sim_project/install/hh_tt_interfaces/share/hh_tt_interfaces/environment/path.dsv
[2.002s] -- Up-to-date: /home/hrishikesh/projects/turtle_sim_project/install/hh_tt_interfaces/share/hh_tt_interfaces/local_setup.bash
[2.003s] -- Up-to-date: /home/hrishikesh/projects/turtle_sim_project/install/hh_tt_interfaces/share/hh_tt_interfaces/local_setup.sh
[2.003s] -- Up-to-date: /home/hrishikesh/projects/turtle_sim_project/install/hh_tt_interfaces/share/hh_tt_interfaces/local_setup.zsh
[2.003s] -- Installing: /home/hrishikesh/projects/turtle_sim_project/install/hh_tt_interfaces/share/hh_tt_interfaces/local_setup.dsv
[2.003s] -- Installing: /home/hrishikesh/projects/turtle_sim_project/install/hh_tt_interfaces/share/hh_tt_interfaces/package.dsv
[2.003s] -- Up-to-date: /home/hrishikesh/projects/turtle_sim_project/install/hh_tt_interfaces/share/ament_index/resource_index/packages/hh_tt_interfaces
[2.003s] -- Up-to-date: /home/hrishikesh/projects/turtle_sim_project/install/hh_tt_interfaces/share/hh_tt_interfaces/cmake/export_hh_tt_interfaces__rosidl_generator_cExport.cmake
[2.003s] -- Up-to-date: /home/hrishikesh/projects/turtle_sim_project/install/hh_tt_interfaces/share/hh_tt_interfaces/cmake/export_hh_tt_interfaces__rosidl_generator_cExport-noconfig.cmake
[2.003s] -- Up-to-date: /home/hrishikesh/projects/turtle_sim_project/install/hh_tt_interfaces/share/hh_tt_interfaces/cmake/export_hh_tt_interfaces__rosidl_typesupport_fastrtps_cExport.cmake
[2.003s] -- Up-to-date: /home/hrishikesh/projects/turtle_sim_project/install/hh_tt_interfaces/share/hh_tt_interfaces/cmake/export_hh_tt_interfaces__rosidl_typesupport_fastrtps_cExport-noconfig.cmake
[2.003s] -- Up-to-date: /home/hrishikesh/projects/turtle_sim_project/install/hh_tt_interfaces/share/hh_tt_interfaces/cmake/hh_tt_interfaces__rosidl_typesupport_introspection_cExport.cmake
[2.003s] -- Up-to-date: /home/hrishikesh/projects/turtle_sim_project/install/hh_tt_interfaces/share/hh_tt_interfaces/cmake/hh_tt_interfaces__rosidl_typesupport_introspection_cExport-noconfig.cmake
[2.003s] -- Up-to-date: /home/hrishikesh/projects/turtle_sim_project/install/hh_tt_interfaces/share/hh_tt_interfaces/cmake/hh_tt_interfaces__rosidl_typesupport_cExport.cmake
[2.003s] -- Up-to-date: /home/hrishikesh/projects/turtle_sim_project/install/hh_tt_interfaces/share/hh_tt_interfaces/cmake/hh_tt_interfaces__rosidl_typesupport_cExport-noconfig.cmake
[2.003s] -- Up-to-date: /home/hrishikesh/projects/turtle_sim_project/install/hh_tt_interfaces/share/hh_tt_interfaces/cmake/export_hh_tt_interfaces__rosidl_generator_cppExport.cmake
[2.003s] -- Up-to-date: /home/hrishikesh/projects/turtle_sim_project/install/hh_tt_interfaces/share/hh_tt_interfaces/cmake/export_hh_tt_interfaces__rosidl_typesupport_fastrtps_cppExport.cmake
[2.003s] -- Up-to-date: /home/hrishikesh/projects/turtle_sim_project/install/hh_tt_interfaces/share/hh_tt_interfaces/cmake/export_hh_tt_interfaces__rosidl_typesupport_fastrtps_cppExport-noconfig.cmake
[2.003s] -- Up-to-date: /home/hrishikesh/projects/turtle_sim_project/install/hh_tt_interfaces/share/hh_tt_interfaces/cmake/hh_tt_interfaces__rosidl_typesupport_introspection_cppExport.cmake
[2.003s] -- Up-to-date: /home/hrishikesh/projects/turtle_sim_project/install/hh_tt_interfaces/share/hh_tt_interfaces/cmake/hh_tt_interfaces__rosidl_typesupport_introspection_cppExport-noconfig.cmake
[2.003s] -- Up-to-date: /home/hrishikesh/projects/turtle_sim_project/install/hh_tt_interfaces/share/hh_tt_interfaces/cmake/hh_tt_interfaces__rosidl_typesupport_cppExport.cmake
[2.003s] -- Up-to-date: /home/hrishikesh/projects/turtle_sim_project/install/hh_tt_interfaces/share/hh_tt_interfaces/cmake/hh_tt_interfaces__rosidl_typesupport_cppExport-noconfig.cmake
[2.003s] -- Up-to-date: /home/hrishikesh/projects/turtle_sim_project/install/hh_tt_interfaces/share/hh_tt_interfaces/cmake/export_hh_tt_interfaces__rosidl_generator_pyExport.cmake
[2.003s] -- Up-to-date: /home/hrishikesh/projects/turtle_sim_project/install/hh_tt_interfaces/share/hh_tt_interfaces/cmake/export_hh_tt_interfaces__rosidl_generator_pyExport-noconfig.cmake
[2.003s] -- Installing: /home/hrishikesh/projects/turtle_sim_project/install/hh_tt_interfaces/share/hh_tt_interfaces/cmake/rosidl_cmake-extras.cmake
[2.003s] -- Up-to-date: /home/hrishikesh/projects/turtle_sim_project/install/hh_tt_interfaces/share/hh_tt_interfaces/cmake/ament_cmake_export_include_directories-extras.cmake
[2.003s] -- Up-to-date: /home/hrishikesh/projects/turtle_sim_project/install/hh_tt_interfaces/share/hh_tt_interfaces/cmake/ament_cmake_export_libraries-extras.cmake
[2.003s] -- Up-to-date: /home/hrishikesh/projects/turtle_sim_project/install/hh_tt_interfaces/share/hh_tt_interfaces/cmake/ament_cmake_export_targets-extras.cmake
[2.003s] -- Up-to-date: /home/hrishikesh/projects/turtle_sim_project/install/hh_tt_interfaces/share/hh_tt_interfaces/cmake/rosidl_cmake_export_typesupport_targets-extras.cmake
[2.003s] -- Up-to-date: /home/hrishikesh/projects/turtle_sim_project/install/hh_tt_interfaces/share/hh_tt_interfaces/cmake/ament_cmake_export_dependencies-extras.cmake
[2.003s] -- Up-to-date: /home/hrishikesh/projects/turtle_sim_project/install/hh_tt_interfaces/share/hh_tt_interfaces/cmake/rosidl_cmake_export_typesupport_libraries-extras.cmake
[2.003s] -- Up-to-date: /home/hrishikesh/projects/turtle_sim_project/install/hh_tt_interfaces/share/hh_tt_interfaces/cmake/hh_tt_interfacesConfig.cmake
[2.003s] -- Up-to-date: /home/hrishikesh/projects/turtle_sim_project/install/hh_tt_interfaces/share/hh_tt_interfaces/cmake/hh_tt_interfacesConfig-version.cmake
[2.003s] -- Up-to-date: /home/hrishikesh/projects/turtle_sim_project/install/hh_tt_interfaces/share/hh_tt_interfaces/package.xml
[2.005s] Invoked command in '/home/hrishikesh/projects/turtle_sim_project/build/hh_tt_interfaces' returned '0': CMAKE_PREFIX_PATH=${CMAKE_PREFIX_PATH}:/home/hrishikesh/projects/turtle_sim_project/install/hh_turtle_bot:/home/hrishikesh/projects/ros_2/install/hh_py_pkg:/opt/ros/humble /usr/bin/cmake --install /home/hrishikesh/projects/turtle_sim_project/build/hh_tt_interfaces
