[0.302s] Invoking command in '/home/hrishikesh/projects/turtle_sim_project/src/hh_turtle_bot': PYTHONPATH=/home/hrishikesh/projects/turtle_sim_project/build/hh_turtle_bot/prefix_override:/home/hrishikesh/projects/turtle_sim_project/install/hh_turtle_bot/lib/python3.10/site-packages:${PYTHONPATH} /usr/bin/python3 -W ignore:setup.py install is deprecated setup.py egg_info --egg-base ../../build/hh_turtle_bot build --build-base /home/hrishikesh/projects/turtle_sim_project/build/hh_turtle_bot/build install --record /home/hrishikesh/projects/turtle_sim_project/build/hh_turtle_bot/install.log --single-version-externally-managed install_data
[0.418s] running egg_info
[0.418s] creating ../../build/hh_turtle_bot/hh_turtle_bot.egg-info
[0.418s] writing ../../build/hh_turtle_bot/hh_turtle_bot.egg-info/PKG-INFO
[0.418s] writing dependency_links to ../../build/hh_turtle_bot/hh_turtle_bot.egg-info/dependency_links.txt
[0.418s] writing entry points to ../../build/hh_turtle_bot/hh_turtle_bot.egg-info/entry_points.txt
[0.418s] writing requirements to ../../build/hh_turtle_bot/hh_turtle_bot.egg-info/requires.txt
[0.419s] writing top-level names to ../../build/hh_turtle_bot/hh_turtle_bot.egg-info/top_level.txt
[0.419s] writing manifest file '../../build/hh_turtle_bot/hh_turtle_bot.egg-info/SOURCES.txt'
[0.419s] reading manifest file '../../build/hh_turtle_bot/hh_turtle_bot.egg-info/SOURCES.txt'
[0.420s] writing manifest file '../../build/hh_turtle_bot/hh_turtle_bot.egg-info/SOURCES.txt'
[0.420s] running build
[0.420s] running build_py
[0.420s] creating /home/hrishikesh/projects/turtle_sim_project/build/hh_turtle_bot/build
[0.420s] creating /home/hrishikesh/projects/turtle_sim_project/build/hh_turtle_bot/build/lib
[0.420s] creating /home/hrishikesh/projects/turtle_sim_project/build/hh_turtle_bot/build/lib/hh_turtle_bot
[0.420s] copying hh_turtle_bot/turtle_controller.py -> /home/hrishikesh/projects/turtle_sim_project/build/hh_turtle_bot/build/lib/hh_turtle_bot
[0.420s] copying hh_turtle_bot/__init__.py -> /home/hrishikesh/projects/turtle_sim_project/build/hh_turtle_bot/build/lib/hh_turtle_bot
[0.420s] copying hh_turtle_bot/turtle_spawner.py -> /home/hrishikesh/projects/turtle_sim_project/build/hh_turtle_bot/build/lib/hh_turtle_bot
[0.420s] running install
[0.420s] running install_lib
[0.421s] creating /home/hrishikesh/projects/turtle_sim_project/install/hh_turtle_bot/lib/python3.10/site-packages/hh_turtle_bot
[0.421s] copying /home/hrishikesh/projects/turtle_sim_project/build/hh_turtle_bot/build/lib/hh_turtle_bot/turtle_controller.py -> /home/hrishikesh/projects/turtle_sim_project/install/hh_turtle_bot/lib/python3.10/site-packages/hh_turtle_bot
[0.421s] copying /home/hrishikesh/projects/turtle_sim_project/build/hh_turtle_bot/build/lib/hh_turtle_bot/__init__.py -> /home/hrishikesh/projects/turtle_sim_project/install/hh_turtle_bot/lib/python3.10/site-packages/hh_turtle_bot
[0.421s] copying /home/hrishikesh/projects/turtle_sim_project/build/hh_turtle_bot/build/lib/hh_turtle_bot/turtle_spawner.py -> /home/hrishikesh/projects/turtle_sim_project/install/hh_turtle_bot/lib/python3.10/site-packages/hh_turtle_bot
[0.421s] byte-compiling /home/hrishikesh/projects/turtle_sim_project/install/hh_turtle_bot/lib/python3.10/site-packages/hh_turtle_bot/turtle_controller.py to turtle_controller.cpython-310.pyc
[0.422s] byte-compiling /home/hrishikesh/projects/turtle_sim_project/install/hh_turtle_bot/lib/python3.10/site-packages/hh_turtle_bot/__init__.py to __init__.cpython-310.pyc
[0.422s] byte-compiling /home/hrishikesh/projects/turtle_sim_project/install/hh_turtle_bot/lib/python3.10/site-packages/hh_turtle_bot/turtle_spawner.py to turtle_spawner.cpython-310.pyc
[0.422s] running install_data
[0.422s] creating /home/hrishikesh/projects/turtle_sim_project/install/hh_turtle_bot/share/ament_index
[0.422s] creating /home/hrishikesh/projects/turtle_sim_project/install/hh_turtle_bot/share/ament_index/resource_index
[0.422s] creating /home/hrishikesh/projects/turtle_sim_project/install/hh_turtle_bot/share/ament_index/resource_index/packages
[0.422s] copying resource/hh_turtle_bot -> /home/hrishikesh/projects/turtle_sim_project/install/hh_turtle_bot/share/ament_index/resource_index/packages
[0.422s] copying package.xml -> /home/hrishikesh/projects/turtle_sim_project/install/hh_turtle_bot/share/hh_turtle_bot
[0.422s] running install_egg_info
[0.423s] Copying ../../build/hh_turtle_bot/hh_turtle_bot.egg-info to /home/hrishikesh/projects/turtle_sim_project/install/hh_turtle_bot/lib/python3.10/site-packages/hh_turtle_bot-0.0.0-py3.10.egg-info
[0.423s] running install_scripts
[0.435s] Installing turtlesim_controller script to /home/hrishikesh/projects/turtle_sim_project/install/hh_turtle_bot/lib/hh_turtle_bot
[0.435s] writing list of installed files to '/home/hrishikesh/projects/turtle_sim_project/build/hh_turtle_bot/install.log'
[0.448s] Invoked command in '/home/hrishikesh/projects/turtle_sim_project/src/hh_turtle_bot' returned '0': PYTHONPATH=/home/hrishikesh/projects/turtle_sim_project/build/hh_turtle_bot/prefix_override:/home/hrishikesh/projects/turtle_sim_project/install/hh_turtle_bot/lib/python3.10/site-packages:${PYTHONPATH} /usr/bin/python3 -W ignore:setup.py install is deprecated setup.py egg_info --egg-base ../../build/hh_turtle_bot build --build-base /home/hrishikesh/projects/turtle_sim_project/build/hh_turtle_bot/build install --record /home/hrishikesh/projects/turtle_sim_project/build/hh_turtle_bot/install.log --single-version-externally-managed install_data
