[0.008s] Invoking command in '/home/hrishikesh/projects/turtle_sim_project/build/hh_tt_interfaces': CMAKE_PREFIX_PATH=${CMAKE_PREFIX_PATH}:/home/hrishikesh/projects/turtle_sim_project/install/hh_turtle_bot:/home/hrishikesh/projects/ros_2/install/hh_py_pkg:/opt/ros/humble /usr/bin/cmake /home/hrishikesh/projects/turtle_sim_project/src/hh_tt_interfaces -DCMAKE_INSTALL_PREFIX=/home/hrishikesh/projects/turtle_sim_project/install/hh_tt_interfaces
[0.015s] [33mCMake Warning (dev) at CMakeLists.txt:13:
[0.015s]   Syntax Warning in cmake code at column 20
[0.015s] 
[0.015s]   Argument not separated from preceding token by whitespace.
[0.015s] This warning is for project developers.  Use -Wno-dev to suppress it.
[0.015s] [0m
[0.066s] -- The C compiler identification is GNU 11.4.0
[0.113s] -- The CXX compiler identification is GNU 11.4.0
[0.118s] -- Detecting C compiler ABI info
[0.161s] -- Detecting C compiler ABI info - done
[0.164s] -- Check for working C compiler: /usr/bin/cc - skipped
[0.164s] -- Detecting C compile features
[0.165s] -- Detecting C compile features - done
[0.167s] -- Detecting CXX compiler ABI info
[0.214s] -- Detecting CXX compiler ABI info - done
[0.218s] -- Check for working CXX compiler: /usr/bin/c++ - skipped
[0.218s] -- Detecting CXX compile features
[0.218s] -- Detecting CXX compile features - done
[0.221s] -- Found ament_cmake: 1.3.9 (/opt/ros/humble/share/ament_cmake/cmake)
[0.317s] -- Found Python3: /usr/bin/python3 (found version "3.10.12") found components: Interpreter 
[0.374s] -- Found rosidl_default_generators: 1.2.0 (/opt/ros/humble/share/rosidl_default_generators/cmake)
[0.376s] -- Using all available rosidl_typesupport_c: rosidl_typesupport_fastrtps_c;rosidl_typesupport_introspection_c
[0.381s] -- Found rosidl_adapter: 3.1.5 (/opt/ros/humble/share/rosidl_adapter/cmake)
[0.412s] -- Using all available rosidl_typesupport_cpp: rosidl_typesupport_fastrtps_cpp;rosidl_typesupport_introspection_cpp
[0.438s] [31mCMake Error at /opt/ros/humble/share/rosidl_cmake/cmake/rosidl_generate_interfaces.cmake:93 (message):
[0.439s]   rosidl_generate_interfaces() the passed file ',' doesn't exist relative to
[0.439s]   the CMAKE_CURRENT_SOURCE_DIR
[0.439s]   '/home/hrishikesh/projects/turtle_sim_project/src/hh_tt_interfaces'
[0.439s] Call Stack (most recent call first):
[0.439s]   CMakeLists.txt:12 (rosidl_generate_interfaces)
[0.439s] 
[0.439s] [0m
[0.439s] -- Configuring incomplete, errors occurred!
[0.439s] See also "/home/hrishikesh/projects/turtle_sim_project/build/hh_tt_interfaces/CMakeFiles/CMakeOutput.log".
[0.442s] Invoked command in '/home/hrishikesh/projects/turtle_sim_project/build/hh_tt_interfaces' returned '1': CMAKE_PREFIX_PATH=${CMAKE_PREFIX_PATH}:/home/hrishikesh/projects/turtle_sim_project/install/hh_turtle_bot:/home/hrishikesh/projects/ros_2/install/hh_py_pkg:/opt/ros/humble /usr/bin/cmake /home/hrishikesh/projects/turtle_sim_project/src/hh_tt_interfaces -DCMAKE_INSTALL_PREFIX=/home/hrishikesh/projects/turtle_sim_project/install/hh_tt_interfaces
